2025-12-16 04:47:10.923076: I tensorflow/core/util/port.cc:153] oneDNN custom operations are on. You may see slightly different numerical results due to floating-point round-off errors from different computation orders. To turn them off, set the environment variable `TF_ENABLE_ONEDNN_OPTS=0`.
2025-12-16 04:47:11.771727: E external/local_xla/xla/stream_executor/cuda/cuda_fft.cc:467] Unable to register cuFFT factory: Attempting to register factory for plugin cuFFT when one has already been registered
WARNING: All log messages before absl::InitializeLog() is called are written to STDERR
E0000 00:00:1765840631.852801   48039 cuda_dnn.cc:8579] Unable to register cuDNN factory: Attempting to register factory for plugin cuDNN when one has already been registered
E0000 00:00:1765840632.024078   48039 cuda_blas.cc:1407] Unable to register cuBLAS factory: Attempting to register factory for plugin cuBLAS when one has already been registered
W0000 00:00:1765840632.824474   48039 computation_placer.cc:177] computation placer already registered. Please check linkage and avoid linking the same target more than once.
W0000 00:00:1765840632.824560   48039 computation_placer.cc:177] computation placer already registered. Please check linkage and avoid linking the same target more than once.
W0000 00:00:1765840632.824580   48039 computation_placer.cc:177] computation placer already registered. Please check linkage and avoid linking the same target more than once.
W0000 00:00:1765840632.824596   48039 computation_placer.cc:177] computation placer already registered. Please check linkage and avoid linking the same target more than once.
2025-12-16 04:47:13.256462: I tensorflow/core/platform/cpu_feature_guard.cc:210] This TensorFlow binary is optimized to use available CPU instructions in performance-critical operations.
To enable the following instructions: AVX2 AVX512F AVX512_VNNI FMA, in other operations, rebuild TensorFlow with the appropriate compiler flags.
Traceback (most recent call last):
  File "/home/ajinkyar/TestRepo_MsThesis_Ajinkya/week11/main.py", line 281, in <module>
    main(config,args.model_name)
  File "/home/ajinkyar/TestRepo_MsThesis_Ajinkya/week11/main.py", line 251, in main
    metrics_history= decide_training_model(config,metrics_history,model_name)
  File "/home/ajinkyar/TestRepo_MsThesis_Ajinkya/week11/main.py", line 235, in decide_training_model
    result=cond_to_func[config.training_condition]()
  File "/home/ajinkyar/TestRepo_MsThesis_Ajinkya/week11/main.py", line 232, in <lambda>
    "classification_training_shapes": lambda:classification_training_shapes(class_training_lr,class_validation_lr,class_testing_lr,recon_training_lr,config,metrics_history,model_name),
  File "/home/ajinkyar/TestRepo_MsThesis_Ajinkya/week11/main.py", line 209, in classification_training_shapes
    metrics_history=illusion_pc_training(net,class_trainloader,class_validationloader,class_testingloader,recon_trainingloader,"fine_tuning",config,metrics_history,model_name)
  File "/home/ajinkyar/TestRepo_MsThesis_Ajinkya/week11/illusion_pc_train.py", line 119, in illusion_pc_training
    test_accuracy, test_loss = eval_pc_ill_accuracy(
  File "/home/ajinkyar/TestRepo_MsThesis_Ajinkya/week11/eval_and_plotting.py", line 284, in eval_pc_ill_accuracy
    for images, labels, _ in dataloader:
ValueError: too many values to unpack (expected 3)
