Job started at Sat Jan 10 06:54:12 IST 2026
Running 3 experiments
Job ID: 8448799
Started job 1 (Model: pc_recon10_custom_illusion_dataset_Uniform_seed42) on GPU 0
Started job 2 (Model: pc_recon10_cifar10_Uniform_seed42) on GPU 1
Started job 3 (Model: pc_recon10_stl10_Uniform_seed42) on GPU 0
CUDA available: True
CUDA device count: 1
Using CUDA device: cuda:0
CUDA device name:Tesla V100-SXM2-16GB
CUDA memory allocated: 0.00 GB
Using device: cuda:0

Loaded STL-10 unlabeled dataset: 100000 images
Train split: 80000 images
Test split: 20000 images

Loaded STL-10 unlabeled dataset: 100000 images
Train split: 80000 images
Test split: 20000 images
Epoch:0 and AverageLoss:0.17912419232726098
Test Loss: 0.0513
Model Saved Successfully to: /home/ajinkyar/ml_models/recon_models/pc_recon10_stl10_Uniform_seed42_0.pth
Model Save Sucessfully
Epoch:1 and AverageLoss:0.03639186875429004
Test Loss: 0.0266
Epoch:2 and AverageLoss:0.02107377007557079
Test Loss: 0.0170
Epoch:3 and AverageLoss:0.0140628948896192
Test Loss: 0.0118
Epoch:4 and AverageLoss:0.010191601873608305
Test Loss: 0.0090
Epoch:5 and AverageLoss:0.008001039086841046
Test Loss: 0.0073
Epoch:6 and AverageLoss:0.006657006250228733
Test Loss: 0.0062
Epoch:7 and AverageLoss:0.005785467826295644
Test Loss: 0.0055
Epoch:8 and AverageLoss:0.005183312830282375
Test Loss: 0.0050
Epoch:9 and AverageLoss:0.004742215042118914
Test Loss: 0.0046
Epoch:10 and AverageLoss:0.004397751503391192
Test Loss: 0.0043
Model Saved Successfully to: /home/ajinkyar/ml_models/recon_models/pc_recon10_stl10_Uniform_seed42_10.pth
Model Save Sucessfully
Epoch:11 and AverageLoss:0.0041238644456025216
Test Loss: 0.0040
Epoch:12 and AverageLoss:0.0038935598593670875
Test Loss: 0.0038
Epoch:13 and AverageLoss:0.0036993043292313814
Test Loss: 0.0036
Epoch:14 and AverageLoss:0.0035305154317757117
Test Loss: 0.0035
Epoch:15 and AverageLoss:0.0033795733556617052
Test Loss: 0.0034
Epoch:16 and AverageLoss:0.0032453429693123327
Test Loss: 0.0032
Epoch:17 and AverageLoss:0.003127022698405199
Test Loss: 0.0031
Epoch:18 and AverageLoss:0.0030193907818757
Test Loss: 0.0030
Epoch:19 and AverageLoss:0.002925138330203481
Test Loss: 0.0029
Epoch:20 and AverageLoss:0.0028402882639784366
Test Loss: 0.0028
Model Saved Successfully to: /home/ajinkyar/ml_models/recon_models/pc_recon10_stl10_Uniform_seed42_20.pth
Model Save Sucessfully
Epoch:21 and AverageLoss:0.002761364938225597
Test Loss: 0.0028
Epoch:22 and AverageLoss:0.0026891772903036328
Test Loss: 0.0027
Epoch:23 and AverageLoss:0.002623764208459761
Test Loss: 0.0026
Epoch:24 and AverageLoss:0.0025623736099223606
Test Loss: 0.0025
Epoch:25 and AverageLoss:0.002505524538224563
Test Loss: 0.0025
Epoch:26 and AverageLoss:0.002451292464742437
Test Loss: 0.0025
Epoch:27 and AverageLoss:0.0024018752104020677
Test Loss: 0.0024
Epoch:28 and AverageLoss:0.0023550151902018116
Test Loss: 0.0023
Epoch:29 and AverageLoss:0.002311647044669371
Test Loss: 0.0023
Epoch:30 and AverageLoss:0.0022701708791428247
Test Loss: 0.0023
Model Saved Successfully to: /home/ajinkyar/ml_models/recon_models/pc_recon10_stl10_Uniform_seed42_30.pth
Model Save Sucessfully
Epoch:31 and AverageLoss:0.002231049311696552
Test Loss: 0.0022
Epoch:32 and AverageLoss:0.0021941859773360194
Test Loss: 0.0022
Epoch:33 and AverageLoss:0.0021598710620310156
Test Loss: 0.0022
Epoch:34 and AverageLoss:0.0021255140985012985
Test Loss: 0.0021
Epoch:35 and AverageLoss:0.0020943951184744947
Test Loss: 0.0021
CUDA available: True
CUDA device count: 1
Using CUDA device: cuda:0
CUDA device name:Tesla V100-SXM2-16GB
CUDA memory allocated: 0.00 GB
Using device: cuda:0
Epoch:0 and AverageLoss:0.34700879197120665
Test Loss: 0.1674
Model Saved Successfully to: /home/ajinkyar/ml_models/recon_models/pc_recon10_cifar10_Uniform_seed42_0.pth
Model Save Sucessfully
Epoch:1 and AverageLoss:0.123494687718153
Test Loss: 0.0902
Epoch:2 and AverageLoss:0.07222568327486516
Test Loss: 0.0590
Epoch:3 and AverageLoss:0.05136757544875145
Test Loss: 0.0448
Epoch:4 and AverageLoss:0.039895768830180166
Test Loss: 0.0354
Epoch:5 and AverageLoss:0.031901700620353225
Test Loss: 0.0287
Epoch:6 and AverageLoss:0.026219720838963987
Test Loss: 0.0240
Epoch:7 and AverageLoss:0.022305034093558787
Test Loss: 0.0207
Epoch:8 and AverageLoss:0.019546038968116044
Test Loss: 0.0184
Epoch:9 and AverageLoss:0.01752747130319476
Test Loss: 0.0166
Epoch:10 and AverageLoss:0.01599202576428652
Test Loss: 0.0153
Model Saved Successfully to: /home/ajinkyar/ml_models/recon_models/pc_recon10_cifar10_Uniform_seed42_10.pth
Model Save Sucessfully
Epoch:11 and AverageLoss:0.01479739671498537
Test Loss: 0.0143
Epoch:12 and AverageLoss:0.013836310601979493
Test Loss: 0.0134
Epoch:13 and AverageLoss:0.013050274261087179
Test Loss: 0.0127
Epoch:14 and AverageLoss:0.0123825207747519
Test Loss: 0.0121
Epoch:15 and AverageLoss:0.011801072061806916
Test Loss: 0.0116
Epoch:16 and AverageLoss:0.011295808574557304
Test Loss: 0.0111
Epoch:17 and AverageLoss:0.010852076449990273
Test Loss: 0.0107
Epoch:18 and AverageLoss:0.010457968272268772
Test Loss: 0.0103
Epoch:19 and AverageLoss:0.010102706656232476
Test Loss: 0.0099
Epoch:20 and AverageLoss:0.009772216980159282
Test Loss: 0.0096
Model Saved Successfully to: /home/ajinkyar/ml_models/recon_models/pc_recon10_cifar10_Uniform_seed42_20.pth
Model Save Sucessfully
Epoch:21 and AverageLoss:0.009478153190761805
Test Loss: 0.0094
Epoch:22 and AverageLoss:0.009211737352609634
Test Loss: 0.0091
Epoch:23 and AverageLoss:0.008965319494903088
Test Loss: 0.0089
Epoch:24 and AverageLoss:0.008734327023848892
Test Loss: 0.0087
Epoch:25 and AverageLoss:0.008523654174804687
Test Loss: 0.0085
Epoch:26 and AverageLoss:0.008325240774452687
Test Loss: 0.0082
Epoch:27 and AverageLoss:0.008145574850589038
Test Loss: 0.0081
Epoch:28 and AverageLoss:0.007977123337984084
Test Loss: 0.0079
Epoch:29 and AverageLoss:0.007818883769214153
Test Loss: 0.0078
Epoch:30 and AverageLoss:0.007669830383732915
Test Loss: 0.0076
Model Saved Successfully to: /home/ajinkyar/ml_models/recon_models/pc_recon10_cifar10_Uniform_seed42_30.pth
Model Save Sucessfully
Epoch:31 and AverageLoss:0.007531030173972249
Test Loss: 0.0075
Epoch:32 and AverageLoss:0.007398742908239365
Test Loss: 0.0073
Epoch:33 and AverageLoss:0.007272219558060169
Test Loss: 0.0072
Epoch:34 and AverageLoss:0.007154557081684471
Test Loss: 0.0071
Epoch:35 and AverageLoss:0.00704346084445715
Test Loss: 0.0070
Epoch:36 and AverageLoss:0.006934529209136963
Test Loss: 0.0069
Epoch:37 and AverageLoss:0.006831127613782882
Test Loss: 0.0068
Epoch:38 and AverageLoss:0.006735139445960521
Test Loss: 0.0067
Epoch:39 and AverageLoss:0.006642416888102889
Test Loss: 0.0066
Epoch:40 and AverageLoss:0.006556193006783724
Test Loss: 0.0065
Model Saved Successfully to: /home/ajinkyar/ml_models/recon_models/pc_recon10_cifar10_Uniform_seed42_40.pth
Model Save Sucessfully
Epoch:41 and AverageLoss:0.006473205348104238
Test Loss: 0.0064
Epoch:42 and AverageLoss:0.0063933265339583155
Test Loss: 0.0063
Epoch:43 and AverageLoss:0.006318292966112494
Test Loss: 0.0063
Epoch:44 and AverageLoss:0.006245083063468337
Test Loss: 0.0062
Epoch:45 and AverageLoss:0.0061737867653369905
Test Loss: 0.0061
Epoch:46 and AverageLoss:0.006105434733256697
Test Loss: 0.0061
Epoch:47 and AverageLoss:0.006041317861527205
Test Loss: 0.0060
Epoch:48 and AverageLoss:0.005977315239980817
Test Loss: 0.0060
Epoch:49 and AverageLoss:0.005917406029626727
Test Loss: 0.0059
Epoch:50 and AverageLoss:0.005859470524638891
Test Loss: 0.0058
Model Saved Successfully to: /home/ajinkyar/ml_models/recon_models/pc_recon10_cifar10_Uniform_seed42_50.pth
Model Save Sucessfully
Epoch:51 and AverageLoss:0.0058055203210562465
Test Loss: 0.0058
Epoch:52 and AverageLoss:0.005750896305963397
Test Loss: 0.0058
Epoch:53 and AverageLoss:0.005698262247815728
Test Loss: 0.0057
Epoch:54 and AverageLoss:0.005646985810622573
Test Loss: 0.0056
Epoch:55 and AverageLoss:0.0055983904290944336
Test Loss: 0.0056
Epoch:56 and AverageLoss:0.0055491198752075435
Test Loss: 0.0055
Epoch:57 and AverageLoss:0.005502520279586315
Test Loss: 0.0055
Epoch:58 and AverageLoss:0.005455376771837473
Test Loss: 0.0055
Epoch:59 and AverageLoss:0.005413669749163091
Test Loss: 0.0054
Epoch:60 and AverageLoss:0.005368691650778055
Test Loss: 0.0053
Model Saved Successfully to: /home/ajinkyar/ml_models/recon_models/pc_recon10_cifar10_Uniform_seed42_60.pth
Model Save Sucessfully
Epoch:61 and AverageLoss:0.005329733039066195
Test Loss: 0.0053
Epoch:62 and AverageLoss:0.005286880504712463
Test Loss: 0.0053
Epoch:63 and AverageLoss:0.005247523652389645
Test Loss: 0.0053
Epoch:64 and AverageLoss:0.0052079027254134415
Test Loss: 0.0052
Epoch:65 and AverageLoss:0.005170713719166815
Test Loss: 0.0051
Epoch:66 and AverageLoss:0.005133085438609123
Test Loss: 0.0051
Epoch:67 and AverageLoss:0.005097119139507413
Test Loss: 0.0051
Epoch:68 and AverageLoss:0.005063047735393047
Test Loss: 0.0050
Epoch:69 and AverageLoss:0.005027308876812458
Test Loss: 0.0050
Epoch:70 and AverageLoss:0.00499313344527036
Test Loss: 0.0050
Model Saved Successfully to: /home/ajinkyar/ml_models/recon_models/pc_recon10_cifar10_Uniform_seed42_70.pth
Model Save Sucessfully
Epoch:71 and AverageLoss:0.004961296008713543
Test Loss: 0.0049
Epoch:72 and AverageLoss:0.004928729740530252
Test Loss: 0.0049
Epoch:73 and AverageLoss:0.004897792271152139
Test Loss: 0.0049
Epoch:74 and AverageLoss:0.004866409188508987
Test Loss: 0.0049
Epoch:75 and AverageLoss:0.004836498470790684
Test Loss: 0.0049
Epoch:76 and AverageLoss:0.004809097403846681
Test Loss: 0.0048
Epoch:77 and AverageLoss:0.004777725373394787
Test Loss: 0.0048
Epoch:78 and AverageLoss:0.004753077630512416
Test Loss: 0.0047
Epoch:79 and AverageLoss:0.004724276257306337
Test Loss: 0.0047
Epoch:80 and AverageLoss:0.004699124923348427
Test Loss: 0.0047
Model Saved Successfully to: /home/ajinkyar/ml_models/recon_models/pc_recon10_cifar10_Uniform_seed42_80.pth
Model Save Sucessfully
Epoch:81 and AverageLoss:0.004671279853582382
Test Loss: 0.0047
Epoch:82 and AverageLoss:0.004645565423555672
Test Loss: 0.0046
Epoch:83 and AverageLoss:0.004621491160616278
Test Loss: 0.0046
Epoch:84 and AverageLoss:0.0045966916156932715
Test Loss: 0.0046
Epoch:85 and AverageLoss:0.004572371898964048
Test Loss: 0.0046
Epoch:86 and AverageLoss:0.004550002498738468
Test Loss: 0.0046
Epoch:87 and AverageLoss:0.004525771670602262
Test Loss: 0.0045
Epoch:88 and AverageLoss:0.004505099957250059
Test Loss: 0.0045
Epoch:89 and AverageLoss:0.004481619671732187
Test Loss: 0.0045
Epoch:90 and AverageLoss:0.00446190188601613
Test Loss: 0.0044
Model Saved Successfully to: /home/ajinkyar/ml_models/recon_models/pc_recon10_cifar10_Uniform_seed42_90.pth
Model Save Sucessfully
Epoch:91 and AverageLoss:0.0044402418857440356
Test Loss: 0.0044
Epoch:92 and AverageLoss:0.004419497389160097
Test Loss: 0.0044
Epoch:93 and AverageLoss:0.004400045039132237
Test Loss: 0.0044
Epoch:94 and AverageLoss:0.00437901010401547
Test Loss: 0.0044
Epoch:95 and AverageLoss:0.0043611539483070375
Test Loss: 0.0043
Epoch:96 and AverageLoss:0.004342393598519265
Test Loss: 0.0043
Epoch:97 and AverageLoss:0.004324065357260406
Test Loss: 0.0043
Epoch:98 and AverageLoss:0.004305876406468451
Test Loss: 0.0043
Epoch:99 and AverageLoss:0.004289066049642861
Test Loss: 0.0043
Epoch:100 and AverageLoss:0.00427024402692914
Test Loss: 0.0043
Model Saved Successfully to: /home/ajinkyar/ml_models/recon_models/pc_recon10_cifar10_Uniform_seed42_100.pth
Model Save Sucessfully
Epoch:101 and AverageLoss:0.004254749787226319
Test Loss: 0.0043
Epoch:102 and AverageLoss:0.004238054071925581
Test Loss: 0.0042
Epoch:103 and AverageLoss:0.00422138995192945
Test Loss: 0.0042
Epoch:104 and AverageLoss:0.004206066370010376
Test Loss: 0.0042
Epoch:105 and AverageLoss:0.004189748244732618
Test Loss: 0.0042
Epoch:106 and AverageLoss:0.004176474773697555
Test Loss: 0.0042
Epoch:107 and AverageLoss:0.004157895420119166
Test Loss: 0.0042
Epoch:108 and AverageLoss:0.004146475865133107
Test Loss: 0.0041
Epoch:109 and AverageLoss:0.004129850229620933
Test Loss: 0.0041
Epoch:110 and AverageLoss:0.0041164643952623006
Test Loss: 0.0041
Model Saved Successfully to: /home/ajinkyar/ml_models/recon_models/pc_recon10_cifar10_Uniform_seed42_110.pth
Model Save Sucessfully
Epoch:111 and AverageLoss:0.004102439518272877
Test Loss: 0.0041
Epoch:112 and AverageLoss:0.004088229372166097
Test Loss: 0.0041
Epoch:113 and AverageLoss:0.004074126434512436
Test Loss: 0.0041
Epoch:114 and AverageLoss:0.0040615208366885786
Test Loss: 0.0040
Epoch:115 and AverageLoss:0.004049850169382989
Test Loss: 0.0040
Epoch:116 and AverageLoss:0.004036246403120458
Test Loss: 0.0040
Epoch:117 and AverageLoss:0.004023710910044611
Test Loss: 0.0040
Epoch:118 and AverageLoss:0.004010007347166538
Test Loss: 0.0040
Epoch:119 and AverageLoss:0.003999292873963714
Test Loss: 0.0040
Epoch:120 and AverageLoss:0.00398613622635603
Test Loss: 0.0040
Model Saved Successfully to: /home/ajinkyar/ml_models/recon_models/pc_recon10_cifar10_Uniform_seed42_120.pth
Model Save Sucessfully
Epoch:121 and AverageLoss:0.003977938332781195
Test Loss: 0.0040
Epoch:122 and AverageLoss:0.003962667015753686
Test Loss: 0.0040
Epoch:123 and AverageLoss:0.003952856118790806
Test Loss: 0.0039
Epoch:124 and AverageLoss:0.003942924412339926
Test Loss: 0.0040
Epoch:125 and AverageLoss:0.003927922412008047
Test Loss: 0.0039
Epoch:126 and AverageLoss:0.003920307064056396
Test Loss: 0.0039
Epoch:127 and AverageLoss:0.003907117288373411
Test Loss: 0.0039
Epoch:128 and AverageLoss:0.0038987842017784713
Test Loss: 0.0039
Epoch:129 and AverageLoss:0.0038890685273334385
Test Loss: 0.0039
Epoch:130 and AverageLoss:0.0038747449884191155
Test Loss: 0.0039
Model Saved Successfully to: /home/ajinkyar/ml_models/recon_models/pc_recon10_cifar10_Uniform_seed42_130.pth
Model Save Sucessfully
Epoch:131 and AverageLoss:0.0038670416578650475
Test Loss: 0.0038
Epoch:132 and AverageLoss:0.003855765825882554
Test Loss: 0.0039
Epoch:133 and AverageLoss:0.003847757264599204
Test Loss: 0.0039
Epoch:134 and AverageLoss:0.0038356237202882768
Test Loss: 0.0038
Epoch:135 and AverageLoss:0.0038272689381614326
Test Loss: 0.0038
Epoch:136 and AverageLoss:0.0038179718866944313
Test Loss: 0.0038
Epoch:137 and AverageLoss:0.003807483811303973
Test Loss: 0.0038
Epoch:138 and AverageLoss:0.0037978555858135224
Test Loss: 0.0038
Epoch:139 and AverageLoss:0.0037895757684484124
Test Loss: 0.0038
Epoch:140 and AverageLoss:0.0037807525051757693
Test Loss: 0.0038
Model Saved Successfully to: /home/ajinkyar/ml_models/recon_models/pc_recon10_cifar10_Uniform_seed42_140.pth
Model Save Sucessfully
Epoch:141 and AverageLoss:0.0037707627242431043
Test Loss: 0.0038
Epoch:142 and AverageLoss:0.0037629487244412304
Test Loss: 0.0038
Epoch:143 and AverageLoss:0.003753474172577262
Test Loss: 0.0037
Epoch:144 and AverageLoss:0.0037452947348356248
Test Loss: 0.0037
Epoch:145 and AverageLoss:0.003736958910524845
Test Loss: 0.0037
Epoch:146 and AverageLoss:0.003727408171631396
Test Loss: 0.0037
Epoch:147 and AverageLoss:0.003721995647251606
Test Loss: 0.0037
Epoch:148 and AverageLoss:0.003710470351204276
Test Loss: 0.0037
Epoch:149 and AverageLoss:0.0037039391428232192
Test Loss: 0.0037
Epoch:150 and AverageLoss:0.003694918983988464
Test Loss: 0.0037
Model Saved Successfully to: /home/ajinkyar/ml_models/recon_models/pc_recon10_cifar10_Uniform_seed42_150.pth
Model Save Sucessfully
Epoch:151 and AverageLoss:0.0036885370317846534
Test Loss: 0.0037
Epoch:152 and AverageLoss:0.003678927911259234
Test Loss: 0.0037
Epoch:153 and AverageLoss:0.0036715194541960955
Test Loss: 0.0037
Epoch:154 and AverageLoss:0.00366498883087188
Test Loss: 0.0037
Epoch:155 and AverageLoss:0.003656608896329999
Test Loss: 0.0037
Epoch:156 and AverageLoss:0.0036493681482970713
Test Loss: 0.0036
Epoch:157 and AverageLoss:0.0036419239724054934
Test Loss: 0.0036
Epoch:158 and AverageLoss:0.0036346520805731414
Test Loss: 0.0036
Epoch:159 and AverageLoss:0.003626770775951445
Test Loss: 0.0036
Epoch:160 and AverageLoss:0.0036196067018434406
Test Loss: 0.0037
Model Saved Successfully to: /home/ajinkyar/ml_models/recon_models/pc_recon10_cifar10_Uniform_seed42_160.pth
Model Save Sucessfully
Epoch:161 and AverageLoss:0.003614425478503108
Test Loss: 0.0036
Epoch:162 and AverageLoss:0.00360715864431113
Test Loss: 0.0036
Epoch:163 and AverageLoss:0.0035966829903423788
Test Loss: 0.0036
Epoch:164 and AverageLoss:0.0035926866890862584
Test Loss: 0.0036
Epoch:165 and AverageLoss:0.003585143603757024
Test Loss: 0.0036
Epoch:166 and AverageLoss:0.0035786825884133577
Test Loss: 0.0036
Epoch:167 and AverageLoss:0.0035710718033835293
Test Loss: 0.0037
Epoch:168 and AverageLoss:0.003565387429110706
Test Loss: 0.0036
Epoch:169 and AverageLoss:0.0035579451678320767
Test Loss: 0.0036
Epoch:170 and AverageLoss:0.0035527300005778672
Test Loss: 0.0035
Model Saved Successfully to: /home/ajinkyar/ml_models/recon_models/pc_recon10_cifar10_Uniform_seed42_170.pth
Model Save Sucessfully
Epoch:171 and AverageLoss:0.0035478950122371316
Test Loss: 0.0035
Epoch:172 and AverageLoss:0.0035380695892497896
Test Loss: 0.0035
Epoch:173 and AverageLoss:0.003532773717865348
Test Loss: 0.0035
Epoch:174 and AverageLoss:0.0035267420584335924
Test Loss: 0.0035
Epoch:175 and AverageLoss:0.0035232433289289476
Test Loss: 0.0035
Epoch:176 and AverageLoss:0.003515965221449733
Test Loss: 0.0035
Epoch:177 and AverageLoss:0.0035066156687214973
Test Loss: 0.0035
Epoch:178 and AverageLoss:0.003502139514312148
Test Loss: 0.0035
Epoch:179 and AverageLoss:0.0034987491665408013
Test Loss: 0.0035
Epoch:180 and AverageLoss:0.0034903316779062153
Test Loss: 0.0035
Model Saved Successfully to: /home/ajinkyar/ml_models/recon_models/pc_recon10_cifar10_Uniform_seed42_180.pth
Model Save Sucessfully
Epoch:181 and AverageLoss:0.003484670067951083
Test Loss: 0.0035
Epoch:182 and AverageLoss:0.003480294674821198
Test Loss: 0.0035
Epoch:183 and AverageLoss:0.003471656303294003
Test Loss: 0.0035
Epoch:184 and AverageLoss:0.0034705201523378493
Test Loss: 0.0035
Epoch:185 and AverageLoss:0.0034606121350079775
Test Loss: 0.0034
Epoch:186 and AverageLoss:0.0034569096118211746
Test Loss: 0.0035
Epoch:187 and AverageLoss:0.0034502716816961765
Test Loss: 0.0034
Epoch:188 and AverageLoss:0.003445799903385341
Test Loss: 0.0034
Epoch:189 and AverageLoss:0.003439798157848418
Test Loss: 0.0034
Epoch:190 and AverageLoss:0.0034336957400664687
Test Loss: 0.0034
Model Saved Successfully to: /home/ajinkyar/ml_models/recon_models/pc_recon10_cifar10_Uniform_seed42_190.pth
Model Save Sucessfully
Epoch:191 and AverageLoss:0.0034285387981683015
Test Loss: 0.0034
Epoch:192 and AverageLoss:0.003422124239243567
Test Loss: 0.0034
Epoch:193 and AverageLoss:0.0034195050733163953
Test Loss: 0.0034
Epoch:194 and AverageLoss:0.003411982879601419
Test Loss: 0.0034
Epoch:195 and AverageLoss:0.0034088386511430145
Test Loss: 0.0034
Epoch:196 and AverageLoss:0.0034016295742243527
Test Loss: 0.0034
Epoch:197 and AverageLoss:0.003397171882726252
Test Loss: 0.0034
Epoch:198 and AverageLoss:0.0033945122726261614
Test Loss: 0.0034
Epoch:199 and AverageLoss:0.00338586321529001
Test Loss: 0.0034
Model Save Sucessfully
Training metric plots saved.
Epoch:36 and AverageLoss:0.0020642355493619108
Test Loss: 0.0021
Epoch:37 and AverageLoss:0.002034214935847558
Test Loss: 0.0020
Epoch:38 and AverageLoss:0.0020068413758417593
Test Loss: 0.0020
Epoch:39 and AverageLoss:0.0019798908936791123
Test Loss: 0.0020
Epoch:40 and AverageLoss:0.0019550878998707047
Test Loss: 0.0020
Model Saved Successfully to: /home/ajinkyar/ml_models/recon_models/pc_recon10_stl10_Uniform_seed42_40.pth
Model Save Sucessfully
Epoch:41 and AverageLoss:0.0019312156464438885
Test Loss: 0.0019
Epoch:42 and AverageLoss:0.0019081775845843367
Test Loss: 0.0019
Epoch:43 and AverageLoss:0.0018855197617667727
Test Loss: 0.0019
Epoch:44 and AverageLoss:0.0018645518634584732
Test Loss: 0.0019
Epoch:45 and AverageLoss:0.001843868819065392
Test Loss: 0.0018
Epoch:46 and AverageLoss:0.0018229445439064875
Test Loss: 0.0018
Epoch:47 and AverageLoss:0.0018046130870934575
Test Loss: 0.0018
Epoch:48 and AverageLoss:0.0017851699355524034
Test Loss: 0.0018
Epoch:49 and AverageLoss:0.0017677088181953877
Test Loss: 0.0018
Epoch:50 and AverageLoss:0.001750493946892675
Test Loss: 0.0018
Model Saved Successfully to: /home/ajinkyar/ml_models/recon_models/pc_recon10_stl10_Uniform_seed42_50.pth
Model Save Sucessfully
Epoch:51 and AverageLoss:0.0017333088804152793
Test Loss: 0.0017
Epoch:52 and AverageLoss:0.0017170430617406965
Test Loss: 0.0017
Epoch:53 and AverageLoss:0.0017020324211916885
Test Loss: 0.0017
Epoch:54 and AverageLoss:0.0016865850229514762
Test Loss: 0.0017
Epoch:55 and AverageLoss:0.0016710930204717443
Test Loss: 0.0017
Epoch:56 and AverageLoss:0.0016568772055325098
Test Loss: 0.0017
Epoch:57 and AverageLoss:0.0016428510378464125
Test Loss: 0.0017
Epoch:58 and AverageLoss:0.001630177047161851
Test Loss: 0.0016
Epoch:59 and AverageLoss:0.0016160076218657195
Test Loss: 0.0016
Epoch:60 and AverageLoss:0.0016030536393518559
Test Loss: 0.0016
Model Saved Successfully to: /home/ajinkyar/ml_models/recon_models/pc_recon10_stl10_Uniform_seed42_60.pth
Model Save Sucessfully
Epoch:61 and AverageLoss:0.001590654461993836
Test Loss: 0.0016
Epoch:62 and AverageLoss:0.0015782152370666155
Test Loss: 0.0016
Epoch:63 and AverageLoss:0.0015666235446115024
Test Loss: 0.0016
Epoch:64 and AverageLoss:0.0015548147805966436
Test Loss: 0.0016
Epoch:65 and AverageLoss:0.00154295061272569
Test Loss: 0.0015
Epoch:66 and AverageLoss:0.0015329518746002577
Test Loss: 0.0015
Epoch:67 and AverageLoss:0.0015229679686599412
Test Loss: 0.0015
Epoch:68 and AverageLoss:0.0015117297489778139
Test Loss: 0.0015
Epoch:69 and AverageLoss:0.00150062194239581
Test Loss: 0.0015
Epoch:70 and AverageLoss:0.0014916159744025209
Test Loss: 0.0015
Model Saved Successfully to: /home/ajinkyar/ml_models/recon_models/pc_recon10_stl10_Uniform_seed42_70.pth
Model Save Sucessfully
Epoch:71 and AverageLoss:0.001481020909792278
Test Loss: 0.0015
Epoch:72 and AverageLoss:0.0014720483189448715
Test Loss: 0.0015
Epoch:73 and AverageLoss:0.0014633358479477466
Test Loss: 0.0015
Epoch:74 and AverageLoss:0.0014538438571617008
Test Loss: 0.0015
Epoch:75 and AverageLoss:0.0014450032456952613
Test Loss: 0.0014
Epoch:76 and AverageLoss:0.0014370838701725007
Test Loss: 0.0014
Epoch:77 and AverageLoss:0.0014284922785009258
Test Loss: 0.0014
Epoch:78 and AverageLoss:0.0014201508789556101
Test Loss: 0.0014
Epoch:79 and AverageLoss:0.0014122499742079526
Test Loss: 0.0014
Epoch:80 and AverageLoss:0.0014052273928537033
Test Loss: 0.0014
Model Saved Successfully to: /home/ajinkyar/ml_models/recon_models/pc_recon10_stl10_Uniform_seed42_80.pth
Model Save Sucessfully
Epoch:81 and AverageLoss:0.0013968885773792863
Test Loss: 0.0014
Epoch:82 and AverageLoss:0.0013892200780683196
Test Loss: 0.0014
Epoch:83 and AverageLoss:0.0013825473043252714
Test Loss: 0.0014
Epoch:84 and AverageLoss:0.0013742725966149009
Test Loss: 0.0014
Epoch:85 and AverageLoss:0.0013675102629349567
Test Loss: 0.0014
Epoch:86 and AverageLoss:0.0013616704143350944
Test Loss: 0.0014
Epoch:87 and AverageLoss:0.0013537896476918832
Test Loss: 0.0014
Epoch:88 and AverageLoss:0.0013476707959198394
Test Loss: 0.0014
Epoch:89 and AverageLoss:0.0013422584595391526
Test Loss: 0.0013
Epoch:90 and AverageLoss:0.0013346776111575309
Test Loss: 0.0013
Model Saved Successfully to: /home/ajinkyar/ml_models/recon_models/pc_recon10_stl10_Uniform_seed42_90.pth
Model Save Sucessfully
Epoch:91 and AverageLoss:0.001328968462825287
Test Loss: 0.0013
Epoch:92 and AverageLoss:0.0013230127644201276
Test Loss: 0.0013
Epoch:93 and AverageLoss:0.0013168961901392322
Test Loss: 0.0013
Epoch:94 and AverageLoss:0.0013108485969132743
Test Loss: 0.0013
Epoch:95 and AverageLoss:0.0013058560147183017
Test Loss: 0.0013
Epoch:96 and AverageLoss:0.0012995412460295483
Test Loss: 0.0013
Epoch:97 and AverageLoss:0.001294840715418104
Test Loss: 0.0013
Epoch:98 and AverageLoss:0.0012892436949477996
Test Loss: 0.0013
Epoch:99 and AverageLoss:0.0012840837866533548
Test Loss: 0.0013
Epoch:100 and AverageLoss:0.0012790445821883622
Test Loss: 0.0013
Model Saved Successfully to: /home/ajinkyar/ml_models/recon_models/pc_recon10_stl10_Uniform_seed42_100.pth
Model Save Sucessfully
Epoch:101 and AverageLoss:0.0012735435301437974
Test Loss: 0.0013
Epoch:102 and AverageLoss:0.0012688671531504952
Test Loss: 0.0013
Epoch:103 and AverageLoss:0.0012636703385505825
Test Loss: 0.0013
Epoch:104 and AverageLoss:0.0012585141113377175
Test Loss: 0.0013
Epoch:105 and AverageLoss:0.0012543617614137474
Test Loss: 0.0013
Epoch:106 and AverageLoss:0.0012490330586442725
Test Loss: 0.0012
Epoch:107 and AverageLoss:0.0012455285715695936
Test Loss: 0.0012
Epoch:108 and AverageLoss:0.0012410213339608162
Test Loss: 0.0012
Epoch:109 and AverageLoss:0.0012360383835039101
Test Loss: 0.0012
Epoch:110 and AverageLoss:0.0012316505531489383
Test Loss: 0.0012
Model Saved Successfully to: /home/ajinkyar/ml_models/recon_models/pc_recon10_stl10_Uniform_seed42_110.pth
Model Save Sucessfully
Epoch:111 and AverageLoss:0.0012271850297402125
Test Loss: 0.0012
Epoch:112 and AverageLoss:0.0012230889513448347
Test Loss: 0.0012
Epoch:113 and AverageLoss:0.001218500553048216
Test Loss: 0.0012
Epoch:114 and AverageLoss:0.0012147219055332243
Test Loss: 0.0012
Epoch:115 and AverageLoss:0.0012101845582365058
Test Loss: 0.0012
Epoch:116 and AverageLoss:0.0012071431265212595
Test Loss: 0.0012
Epoch:117 and AverageLoss:0.0012021580224100034
Test Loss: 0.0012
Epoch:118 and AverageLoss:0.0011988663818046916
Test Loss: 0.0012
Epoch:119 and AverageLoss:0.0011946746821340638
Test Loss: 0.0012
Epoch:120 and AverageLoss:0.0011916081786330324
Test Loss: 0.0012
Model Saved Successfully to: /home/ajinkyar/ml_models/recon_models/pc_recon10_stl10_Uniform_seed42_120.pth
Model Save Sucessfully
Epoch:121 and AverageLoss:0.0011874787470151204
Test Loss: 0.0012
Epoch:122 and AverageLoss:0.0011835360951954498
Test Loss: 0.0012
Epoch:123 and AverageLoss:0.0011801491532241926
Test Loss: 0.0012
Epoch:124 and AverageLoss:0.0011759392379899509
Test Loss: 0.0012
Epoch:125 and AverageLoss:0.0011732683543814347
Test Loss: 0.0012
Epoch:126 and AverageLoss:0.0011693235364509747
Test Loss: 0.0012
Epoch:127 and AverageLoss:0.001166134483908536
Test Loss: 0.0012
Epoch:128 and AverageLoss:0.0011631366936780978
Test Loss: 0.0012
Epoch:129 and AverageLoss:0.0011585218253312632
Test Loss: 0.0012
Epoch:130 and AverageLoss:0.0011559820441179908
Test Loss: 0.0012
Model Saved Successfully to: /home/ajinkyar/ml_models/recon_models/pc_recon10_stl10_Uniform_seed42_130.pth
Model Save Sucessfully
Epoch:131 and AverageLoss:0.001152356199832866
Test Loss: 0.0012
Epoch:132 and AverageLoss:0.0011490130669553765
Test Loss: 0.0012
Epoch:133 and AverageLoss:0.0011458858039404731
Test Loss: 0.0012
Epoch:134 and AverageLoss:0.001141935135849053
Test Loss: 0.0011
Epoch:135 and AverageLoss:0.0011401133634208235
Test Loss: 0.0011
Epoch:136 and AverageLoss:0.0011359808749111834
Test Loss: 0.0011
Epoch:137 and AverageLoss:0.001132431481149979
Test Loss: 0.0012
Epoch:138 and AverageLoss:0.0011302195900934748
Test Loss: 0.0011
Epoch:139 and AverageLoss:0.0011266486677923239
Test Loss: 0.0011
Epoch:140 and AverageLoss:0.0011238949457765557
Test Loss: 0.0011
Model Saved Successfully to: /home/ajinkyar/ml_models/recon_models/pc_recon10_stl10_Uniform_seed42_140.pth
Model Save Sucessfully
Epoch:141 and AverageLoss:0.0011207732593175024
Test Loss: 0.0011
Epoch:142 and AverageLoss:0.00111764324750402
Test Loss: 0.0011
Epoch:143 and AverageLoss:0.0011154304020165
Test Loss: 0.0011
Epoch:144 and AverageLoss:0.0011120066502771806
Test Loss: 0.0011
Epoch:145 and AverageLoss:0.0011085522317443974
Test Loss: 0.0011
Epoch:146 and AverageLoss:0.0011065978038241155
Test Loss: 0.0011
Epoch:147 and AverageLoss:0.0011036129954445641
Test Loss: 0.0011
Epoch:148 and AverageLoss:0.0011012608643213753
Test Loss: 0.0011
Epoch:149 and AverageLoss:0.0010987709178589284
Test Loss: 0.0011
Epoch:150 and AverageLoss:0.0010945804141811095
Test Loss: 0.0011
Model Saved Successfully to: /home/ajinkyar/ml_models/recon_models/pc_recon10_stl10_Uniform_seed42_150.pth
Model Save Sucessfully
Epoch:151 and AverageLoss:0.0010928185915690847
Test Loss: 0.0011
Epoch:152 and AverageLoss:0.0010913556964078453
Test Loss: 0.0011
Epoch:153 and AverageLoss:0.0010872421212843619
Test Loss: 0.0011
Epoch:154 and AverageLoss:0.0010845627135131508
Test Loss: 0.0011
Epoch:155 and AverageLoss:0.0010829451875179075
Test Loss: 0.0011
Epoch:156 and AverageLoss:0.0010802609552629293
Test Loss: 0.0011
Epoch:157 and AverageLoss:0.0010780670032545458
Test Loss: 0.0011
Epoch:158 and AverageLoss:0.0010749594777298625
Test Loss: 0.0011
Epoch:159 and AverageLoss:0.00107279196093441
Test Loss: 0.0011
Epoch:160 and AverageLoss:0.001070649149158271
Test Loss: 0.0011
Model Saved Successfully to: /home/ajinkyar/ml_models/recon_models/pc_recon10_stl10_Uniform_seed42_160.pth
Model Save Sucessfully
Epoch:161 and AverageLoss:0.0010673341226065532
Test Loss: 0.0011
Epoch:162 and AverageLoss:0.0010655650516564492
Test Loss: 0.0011
Epoch:163 and AverageLoss:0.0010643550698296166
Test Loss: 0.0011
Epoch:164 and AverageLoss:0.0010606685047096108
Test Loss: 0.0011
Epoch:165 and AverageLoss:0.0010590152743388899
Test Loss: 0.0011
Epoch:166 and AverageLoss:0.0010563312616432086
Test Loss: 0.0011
Epoch:167 and AverageLoss:0.0010544188151252456
Test Loss: 0.0011
Epoch:168 and AverageLoss:0.0010525429652770981
Test Loss: 0.0011
Epoch:169 and AverageLoss:0.0010492814440221992
Test Loss: 0.0010
Epoch:170 and AverageLoss:0.0010473349118547048
Test Loss: 0.0011
Model Saved Successfully to: /home/ajinkyar/ml_models/recon_models/pc_recon10_stl10_Uniform_seed42_170.pth
Model Save Sucessfully
Epoch:171 and AverageLoss:0.0010448030544212088
Test Loss: 0.0010
Epoch:172 and AverageLoss:0.0010433961317758075
Test Loss: 0.0010
Epoch:173 and AverageLoss:0.0010410104476322886
Test Loss: 0.0010
Epoch:174 and AverageLoss:0.0010387949966243469
Test Loss: 0.0010
Epoch:175 and AverageLoss:0.0010362924754444976
Test Loss: 0.0010
Epoch:176 and AverageLoss:0.0010345880316745023
Test Loss: 0.0010
Epoch:177 and AverageLoss:0.0010325210820883513
Test Loss: 0.0010
Epoch:178 and AverageLoss:0.001030158327863319
Test Loss: 0.0010
Epoch:179 and AverageLoss:0.0010286361755570397
Test Loss: 0.0010
Epoch:180 and AverageLoss:0.0010264126118272542
Test Loss: 0.0010
Model Saved Successfully to: /home/ajinkyar/ml_models/recon_models/pc_recon10_stl10_Uniform_seed42_180.pth
Model Save Sucessfully
Epoch:181 and AverageLoss:0.0010241876298678107
Test Loss: 0.0010
Epoch:182 and AverageLoss:0.0010222440100915264
Test Loss: 0.0010
Epoch:183 and AverageLoss:0.0010208843147556763
Test Loss: 0.0010
Epoch:184 and AverageLoss:0.0010182574588106946
Test Loss: 0.0011
Epoch:185 and AverageLoss:0.0010171598276065197
Test Loss: 0.0010
Epoch:186 and AverageLoss:0.001014077072555665
Test Loss: 0.0010
Epoch:187 and AverageLoss:0.0010149197252467275
Test Loss: 0.0010
Epoch:188 and AverageLoss:0.0010101541935873684
Test Loss: 0.0010
Epoch:189 and AverageLoss:0.0010094332735461648
Test Loss: 0.0010
Epoch:190 and AverageLoss:0.0010076643968641291
Test Loss: 0.0010
Model Saved Successfully to: /home/ajinkyar/ml_models/recon_models/pc_recon10_stl10_Uniform_seed42_190.pth
Model Save Sucessfully
Epoch:191 and AverageLoss:0.0010059341030428186
Test Loss: 0.0010
Epoch:192 and AverageLoss:0.0010043657137139234
Test Loss: 0.0010
Epoch:193 and AverageLoss:0.0010015677434275859
Test Loss: 0.0010
Epoch:194 and AverageLoss:0.0010006027861090843
Test Loss: 0.0011
Epoch:195 and AverageLoss:0.0009979614341282285
Test Loss: 0.0010
Epoch:196 and AverageLoss:0.0009964520822104532
Test Loss: 0.0010
Epoch:197 and AverageLoss:0.0009951391442446038
Test Loss: 0.0010
Epoch:198 and AverageLoss:0.0009925913396000396
Test Loss: 0.0010
Epoch:199 and AverageLoss:0.0009919062952685636
Test Loss: 0.0010
Model Save Sucessfully
Training metric plots saved.
CUDA available: True
CUDA device count: 1
Using CUDA device: cuda:0
CUDA device name:Tesla V100-SXM2-16GB
CUDA memory allocated: 0.00 GB
Using device: cuda:0
Full dataset: 92160 samples
Class mapping (ALL classes): {'square': 0, 'rectangle': 1, 'trapezium': 2, 'triangle': 3, 'hexagon': 4, 'random': 5, 'all_in': 6, 'all_out': 7}

Initial class distribution:
  square         : 4608 samples
  rectangle      : 4608 samples
  trapezium      : 4608 samples
  triangle       : 4608 samples
  hexagon        : 4608 samples
  random         : 4605 samples
    → should_see 'square': 921
    → should_see 'rectangle': 921
    → should_see 'trapezium': 921
    → should_see 'triangle': 921
    → should_see 'hexagon': 921
  all_in         : 23040 samples
  all_out        : 23040 samples

Training set: 19345 samples
Validation set: 8300 samples
Validation class distribution:
  hexagon: 1383 samples
  random: 1385 samples
  rectangle: 1383 samples
  square: 1383 samples
  trapezium: 1383 samples
  triangle: 1383 samples

Sampling illusions to match validation random distribution:
  all_in: sampled 692 samples
  all_out: sampled 1385 samples

Test set: 11070 samples
Test set class distribution:
  all_in: 1385 samples
  all_out: 1385 samples
  hexagon: 1383 samples
  random: 1385 samples
  rectangle: 1383 samples
  square: 1383 samples
  trapezium: 1383 samples
  triangle: 1383 samples
Full dataset: 92160 samples
Class mapping (ALL classes): {'square': 0, 'rectangle': 1, 'trapezium': 2, 'triangle': 3, 'hexagon': 4, 'random': 5, 'all_in': 6, 'all_out': 7}

Initial class distribution:
  square         : 4608 samples
  rectangle      : 4608 samples
  trapezium      : 4608 samples
  triangle       : 4608 samples
  hexagon        : 4608 samples
  random         : 4605 samples
    → should_see 'square': 921
    → should_see 'rectangle': 921
    → should_see 'trapezium': 921
    → should_see 'triangle': 921
    → should_see 'hexagon': 921
  all_in         : 23040 samples
  all_out        : 23040 samples

Training set: 19345 samples
Validation set: 8300 samples
Validation class distribution:
  hexagon: 1383 samples
  random: 1385 samples
  rectangle: 1383 samples
  square: 1383 samples
  trapezium: 1383 samples
  triangle: 1383 samples

Sampling illusions to match validation random distribution:
  all_in: sampled 692 samples
  all_out: sampled 1385 samples

Test set: 11070 samples
Test set class distribution:
  all_in: 1385 samples
  all_out: 1385 samples
  hexagon: 1383 samples
  random: 1385 samples
  rectangle: 1383 samples
  square: 1383 samples
  trapezium: 1383 samples
  triangle: 1383 samples
Epoch:0 and AverageLoss:0.6728665129981997
Test Loss: 0.1186
Model Saved Successfully to: /home/ajinkyar/ml_models/recon_models/pc_recon10_custom_illusion_dataset_Uniform_seed42_0.pth
Model Save Sucessfully
Epoch:1 and AverageLoss:0.10127230104028194
Test Loss: 0.0855
Epoch:2 and AverageLoss:0.07526472704254153
Test Loss: 0.0658
Epoch:3 and AverageLoss:0.059653660852061814
Test Loss: 0.0535
Epoch:4 and AverageLoss:0.04920929476372467
Test Loss: 0.0446
Epoch:5 and AverageLoss:0.04138373337639881
Test Loss: 0.0377
Epoch:6 and AverageLoss:0.03503185806965286
Test Loss: 0.0320
Epoch:7 and AverageLoss:0.029750569712001185
Test Loss: 0.0272
Epoch:8 and AverageLoss:0.02550748942712368
Test Loss: 0.0235
Epoch:9 and AverageLoss:0.022169825888415876
Test Loss: 0.0206
Epoch:10 and AverageLoss:0.01960749706938432
Test Loss: 0.0186
Model Saved Successfully to: /home/ajinkyar/ml_models/recon_models/pc_recon10_custom_illusion_dataset_Uniform_seed42_10.pth
Model Save Sucessfully
Epoch:11 and AverageLoss:0.017865174898323566
Test Loss: 0.0168
Epoch:12 and AverageLoss:0.016246383622950635
Test Loss: 0.0154
Epoch:13 and AverageLoss:0.014907602216925256
Test Loss: 0.0142
Epoch:14 and AverageLoss:0.013688033285035083
Test Loss: 0.0130
Epoch:15 and AverageLoss:0.01257294707946972
Test Loss: 0.0120
Epoch:16 and AverageLoss:0.011568127071084686
Test Loss: 0.0111
Epoch:17 and AverageLoss:0.0106023840129006
Test Loss: 0.0100
Epoch:18 and AverageLoss:0.009678128418851305
Test Loss: 0.0092
Epoch:19 and AverageLoss:0.00882973150861996
Test Loss: 0.0083
Epoch:20 and AverageLoss:0.008048011222854257
Test Loss: 0.0077
Model Saved Successfully to: /home/ajinkyar/ml_models/recon_models/pc_recon10_custom_illusion_dataset_Uniform_seed42_20.pth
Model Save Sucessfully
Epoch:21 and AverageLoss:0.007335305257223177
Test Loss: 0.0069
Epoch:22 and AverageLoss:0.006698322128350577
Test Loss: 0.0063
Epoch:23 and AverageLoss:0.006164093995428344
Test Loss: 0.0059
Epoch:24 and AverageLoss:0.005709975058778597
Test Loss: 0.0054
Epoch:25 and AverageLoss:0.005323632729955572
Test Loss: 0.0051
Epoch:26 and AverageLoss:0.004990473499787156
Test Loss: 0.0049
Epoch:27 and AverageLoss:0.004712974199975171
Test Loss: 0.0045
Epoch:28 and AverageLoss:0.004482152609612547
Test Loss: 0.0043
Epoch:29 and AverageLoss:0.0042475855405142236
Test Loss: 0.0041
Epoch:30 and AverageLoss:0.004059624681172292
Test Loss: 0.0039
Model Saved Successfully to: /home/ajinkyar/ml_models/recon_models/pc_recon10_custom_illusion_dataset_Uniform_seed42_30.pth
Model Save Sucessfully
Epoch:31 and AverageLoss:0.0038860565982759
Test Loss: 0.0039
Epoch:32 and AverageLoss:0.0037254692047588096
Test Loss: 0.0036
Epoch:33 and AverageLoss:0.0035778914028894125
Test Loss: 0.0035
Epoch:34 and AverageLoss:0.0034623914104809383
Test Loss: 0.0034
Epoch:35 and AverageLoss:0.0033450460707006805
Test Loss: 0.0033
Epoch:36 and AverageLoss:0.0032744195782733417
Test Loss: 0.0032
Epoch:37 and AverageLoss:0.0031544600352683403
Test Loss: 0.0031
Epoch:38 and AverageLoss:0.0030823688769389774
Test Loss: 0.0030
Epoch:39 and AverageLoss:0.0030105010703040578
Test Loss: 0.0029
Epoch:40 and AverageLoss:0.0029364312190296943
Test Loss: 0.0029
Model Saved Successfully to: /home/ajinkyar/ml_models/recon_models/pc_recon10_custom_illusion_dataset_Uniform_seed42_40.pth
Model Save Sucessfully
Epoch:41 and AverageLoss:0.0028667138121668094
Test Loss: 0.0028
Epoch:42 and AverageLoss:0.0028394921649101167
Test Loss: 0.0027
Epoch:43 and AverageLoss:0.0027432274920019236
Test Loss: 0.0027
Epoch:44 and AverageLoss:0.002694112530857525
Test Loss: 0.0026
Epoch:45 and AverageLoss:0.0026501240521430783
Test Loss: 0.0026
Epoch:46 and AverageLoss:0.002597813532987902
Test Loss: 0.0025
Epoch:47 and AverageLoss:0.0025603963814537266
Test Loss: 0.0025
Epoch:48 and AverageLoss:0.002504953237352431
Test Loss: 0.0025
Epoch:49 and AverageLoss:0.0024887169314421376
Test Loss: 0.0024
Epoch:50 and AverageLoss:0.002426683246340864
Test Loss: 0.0024
Model Saved Successfully to: /home/ajinkyar/ml_models/recon_models/pc_recon10_custom_illusion_dataset_Uniform_seed42_50.pth
Model Save Sucessfully
Epoch:51 and AverageLoss:0.002397314197968784
Test Loss: 0.0024
Epoch:52 and AverageLoss:0.002363944485589231
Test Loss: 0.0023
Epoch:53 and AverageLoss:0.0023337518728977023
Test Loss: 0.0023
Epoch:54 and AverageLoss:0.00229487997000606
Test Loss: 0.0023
Epoch:55 and AverageLoss:0.0022681715586973152
Test Loss: 0.0026
Epoch:56 and AverageLoss:0.0022427812973922503
Test Loss: 0.0022
Epoch:57 and AverageLoss:0.0022142138642409033
Test Loss: 0.0022
Epoch:58 and AverageLoss:0.00218755541963903
Test Loss: 0.0021
Epoch:59 and AverageLoss:0.002151510580096486
Test Loss: 0.0021
Epoch:60 and AverageLoss:0.0021263184920646064
Test Loss: 0.0021
Model Saved Successfully to: /home/ajinkyar/ml_models/recon_models/pc_recon10_custom_illusion_dataset_Uniform_seed42_60.pth
Model Save Sucessfully
Epoch:61 and AverageLoss:0.0021065611652991436
Test Loss: 0.0021
Epoch:62 and AverageLoss:0.0020785287548383807
Test Loss: 0.0021
Epoch:63 and AverageLoss:0.002058993609360427
Test Loss: 0.0021
Epoch:64 and AverageLoss:0.002034623194139543
Test Loss: 0.0020
Epoch:65 and AverageLoss:0.002016062994751202
Test Loss: 0.0020
Epoch:66 and AverageLoss:0.0019890569465057847
Test Loss: 0.0020
Epoch:67 and AverageLoss:0.0019745498417957476
Test Loss: 0.0019
Epoch:68 and AverageLoss:0.001951141247558523
Test Loss: 0.0019
Epoch:69 and AverageLoss:0.0019355355417990888
Test Loss: 0.0019
Epoch:70 and AverageLoss:0.001912827320177539
Test Loss: 0.0019
Model Saved Successfully to: /home/ajinkyar/ml_models/recon_models/pc_recon10_custom_illusion_dataset_Uniform_seed42_70.pth
Model Save Sucessfully
Epoch:71 and AverageLoss:0.0018983748791958706
Test Loss: 0.0019
Epoch:72 and AverageLoss:0.0018817322037167354
Test Loss: 0.0019
Epoch:73 and AverageLoss:0.001864575947854237
Test Loss: 0.0019
Epoch:74 and AverageLoss:0.001850282740663768
Test Loss: 0.0018
Epoch:75 and AverageLoss:0.001824794244550338
Test Loss: 0.0018
Epoch:76 and AverageLoss:0.0018191661852631287
Test Loss: 0.0018
Epoch:77 and AverageLoss:0.0018100695853402514
Test Loss: 0.0018
Epoch:78 and AverageLoss:0.0017802370608734229
Test Loss: 0.0018
Epoch:79 and AverageLoss:0.0017798262045041404
Test Loss: 0.0018
Epoch:80 and AverageLoss:0.0017567144265236748
Test Loss: 0.0017
Model Saved Successfully to: /home/ajinkyar/ml_models/recon_models/pc_recon10_custom_illusion_dataset_Uniform_seed42_80.pth
Model Save Sucessfully
Epoch:81 and AverageLoss:0.00174549562411098
Test Loss: 0.0017
Epoch:82 and AverageLoss:0.0017367340708517062
Test Loss: 0.0017
Epoch:83 and AverageLoss:0.0017172310090997095
Test Loss: 0.0017
Epoch:84 and AverageLoss:0.0017069687543452279
Test Loss: 0.0017
Epoch:85 and AverageLoss:0.0016943761606966262
Test Loss: 0.0017
Epoch:86 and AverageLoss:0.0016969237430887066
Test Loss: 0.0017
Epoch:87 and AverageLoss:0.001664129344646411
Test Loss: 0.0016
Epoch:88 and AverageLoss:0.001678510319608964
Test Loss: 0.0017
Epoch:89 and AverageLoss:0.0016445014488687046
Test Loss: 0.0016
Epoch:90 and AverageLoss:0.0016353088031784624
Test Loss: 0.0016
Model Saved Successfully to: /home/ajinkyar/ml_models/recon_models/pc_recon10_custom_illusion_dataset_Uniform_seed42_90.pth
Model Save Sucessfully
Epoch:91 and AverageLoss:0.001627959463983959
Test Loss: 0.0016
Epoch:92 and AverageLoss:0.001636222320462554
Test Loss: 0.0018
Epoch:93 and AverageLoss:0.0016071018548817026
Test Loss: 0.0016
Epoch:94 and AverageLoss:0.001595816873004352
Test Loss: 0.0016
Epoch:95 and AverageLoss:0.0015902456010630246
Test Loss: 0.0016
Epoch:96 and AverageLoss:0.001581301149952587
Test Loss: 0.0016
Epoch:97 and AverageLoss:0.0015721051272559019
Test Loss: 0.0015
Epoch:98 and AverageLoss:0.0015591855982534032
Test Loss: 0.0015
Epoch:99 and AverageLoss:0.0015748548408015823
Test Loss: 0.0015
Epoch:100 and AverageLoss:0.0015389065148524385
Test Loss: 0.0015
Model Saved Successfully to: /home/ajinkyar/ml_models/recon_models/pc_recon10_custom_illusion_dataset_Uniform_seed42_100.pth
Model Save Sucessfully
Epoch:101 and AverageLoss:0.0015438751260796178
Test Loss: 0.0015
Epoch:102 and AverageLoss:0.0015240971192386585
Test Loss: 0.0015
Epoch:103 and AverageLoss:0.0015280839993352885
Test Loss: 0.0015
Epoch:104 and AverageLoss:0.0015080620121972804
Test Loss: 0.0015
Epoch:105 and AverageLoss:0.0015079745958359097
Test Loss: 0.0015
Epoch:106 and AverageLoss:0.0015022340216212097
Test Loss: 0.0015
Epoch:107 and AverageLoss:0.0014858825143315051
Test Loss: 0.0015
Epoch:108 and AverageLoss:0.0014819016976932388
Test Loss: 0.0015
Epoch:109 and AverageLoss:0.0014839947781927715
Test Loss: 0.0014
Epoch:110 and AverageLoss:0.0014629040934695777
Test Loss: 0.0014
Model Saved Successfully to: /home/ajinkyar/ml_models/recon_models/pc_recon10_custom_illusion_dataset_Uniform_seed42_110.pth
Model Save Sucessfully
Epoch:111 and AverageLoss:0.0014659908688184613
Test Loss: 0.0014
Epoch:112 and AverageLoss:0.001453120468404675
Test Loss: 0.0014
Epoch:113 and AverageLoss:0.0014517976205376524
Test Loss: 0.0014
Epoch:114 and AverageLoss:0.0014369837932042347
Test Loss: 0.0015
Epoch:115 and AverageLoss:0.001437763409296528
Test Loss: 0.0014
Epoch:116 and AverageLoss:0.0014237165774559325
Test Loss: 0.0014
Epoch:117 and AverageLoss:0.0014445141651994772
Test Loss: 0.0014
Epoch:118 and AverageLoss:0.0014087119297757514
Test Loss: 0.0014
Epoch:119 and AverageLoss:0.0014133165468517613
Test Loss: 0.0014
Epoch:120 and AverageLoss:0.0014021429023994055
Test Loss: 0.0014
Model Saved Successfully to: /home/ajinkyar/ml_models/recon_models/pc_recon10_custom_illusion_dataset_Uniform_seed42_120.pth
Model Save Sucessfully
Epoch:121 and AverageLoss:0.0014189331987603329
Test Loss: 0.0014
Epoch:122 and AverageLoss:0.0013866445089571085
Test Loss: 0.0014
Epoch:123 and AverageLoss:0.0013833501302129166
Test Loss: 0.0016
Epoch:124 and AverageLoss:0.0014008381185102593
Test Loss: 0.0014
Epoch:125 and AverageLoss:0.001371188826227853
Test Loss: 0.0014
Epoch:126 and AverageLoss:0.0013720145668403422
Test Loss: 0.0013
Epoch:127 and AverageLoss:0.0013757954482210431
Test Loss: 0.0013
Epoch:128 and AverageLoss:0.001356683132211747
Test Loss: 0.0013
Epoch:129 and AverageLoss:0.0013742050969461363
Test Loss: 0.0013
Epoch:130 and AverageLoss:0.0013436268790661596
Test Loss: 0.0013
Model Saved Successfully to: /home/ajinkyar/ml_models/recon_models/pc_recon10_custom_illusion_dataset_Uniform_seed42_130.pth
Model Save Sucessfully
Epoch:131 and AverageLoss:0.0013406892797297775
Test Loss: 0.0013
Epoch:132 and AverageLoss:0.0013559162886120563
Test Loss: 0.0013
Epoch:133 and AverageLoss:0.001329431451245188
Test Loss: 0.0013
Epoch:134 and AverageLoss:0.0013390044853224012
Test Loss: 0.0013
Epoch:135 and AverageLoss:0.001319603970195436
Test Loss: 0.0013
Epoch:136 and AverageLoss:0.001321767084011885
Test Loss: 0.0013
Epoch:137 and AverageLoss:0.0013295229539286714
Test Loss: 0.0013
Epoch:138 and AverageLoss:0.001308968282268144
Test Loss: 0.0013
Epoch:139 and AverageLoss:0.0013036305217836283
Test Loss: 0.0013
Epoch:140 and AverageLoss:0.001299907179397323
Test Loss: 0.0013
Model Saved Successfully to: /home/ajinkyar/ml_models/recon_models/pc_recon10_custom_illusion_dataset_Uniform_seed42_140.pth
Model Save Sucessfully
Epoch:141 and AverageLoss:0.001306003499112269
Test Loss: 0.0013
Epoch:142 and AverageLoss:0.0012858151862290034
Test Loss: 0.0013
Epoch:143 and AverageLoss:0.0012920088108729047
Test Loss: 0.0013
Epoch:144 and AverageLoss:0.001285848044453589
Test Loss: 0.0016
Epoch:145 and AverageLoss:0.0012902806408141454
Test Loss: 0.0013
Epoch:146 and AverageLoss:0.0012684115682524621
Test Loss: 0.0013
Epoch:147 and AverageLoss:0.0012700743593221668
Test Loss: 0.0013
Epoch:148 and AverageLoss:0.0012754358061154427
Test Loss: 0.0012
Epoch:149 and AverageLoss:0.0012595207015031272
Test Loss: 0.0012
Epoch:150 and AverageLoss:0.0012583385877338168
Test Loss: 0.0012
Model Saved Successfully to: /home/ajinkyar/ml_models/recon_models/pc_recon10_custom_illusion_dataset_Uniform_seed42_150.pth
Model Save Sucessfully
Epoch:151 and AverageLoss:0.0012635826266684362
Test Loss: 0.0012
Epoch:152 and AverageLoss:0.0012418984518240183
Test Loss: 0.0012
Epoch:153 and AverageLoss:0.0012508489340418672
Test Loss: 0.0012
Epoch:154 and AverageLoss:0.0012350034806684952
Test Loss: 0.0012
Epoch:155 and AverageLoss:0.0012381534145765915
Test Loss: 0.0012
Epoch:156 and AverageLoss:0.0012401366035823425
Test Loss: 0.0012
Epoch:157 and AverageLoss:0.001225312607105983
Test Loss: 0.0012
Epoch:158 and AverageLoss:0.001226372015878966
Test Loss: 0.0012
Epoch:159 and AverageLoss:0.0012203615185494867
Test Loss: 0.0012
Epoch:160 and AverageLoss:0.0012305342615870681
Test Loss: 0.0012
Model Saved Successfully to: /home/ajinkyar/ml_models/recon_models/pc_recon10_custom_illusion_dataset_Uniform_seed42_160.pth
Model Save Sucessfully
Epoch:161 and AverageLoss:0.0012070401996222117
Test Loss: 0.0012
Epoch:162 and AverageLoss:0.001209326057280183
Test Loss: 0.0012
Epoch:163 and AverageLoss:0.0012072662363254104
Test Loss: 0.0012
Epoch:164 and AverageLoss:0.0011978948572775627
Test Loss: 0.0012
Epoch:165 and AverageLoss:0.00119859670360538
Test Loss: 0.0012
Epoch:166 and AverageLoss:0.001199141712036669
Test Loss: 0.0012
Epoch:167 and AverageLoss:0.001187449349893819
Test Loss: 0.0012
Epoch:168 and AverageLoss:0.0011826852032980181
Test Loss: 0.0012
Epoch:169 and AverageLoss:0.001183405354852819
Test Loss: 0.0012
Epoch:170 and AverageLoss:0.001180638942924282
Test Loss: 0.0012
Model Saved Successfully to: /home/ajinkyar/ml_models/recon_models/pc_recon10_custom_illusion_dataset_Uniform_seed42_170.pth
Model Save Sucessfully
Epoch:171 and AverageLoss:0.0011736598095042662
Test Loss: 0.0012
Epoch:172 and AverageLoss:0.0011709755790960583
Test Loss: 0.0012
Epoch:173 and AverageLoss:0.0011689872917486355
Test Loss: 0.0012
Epoch:174 and AverageLoss:0.0011647326399356682
Test Loss: 0.0012
Epoch:175 and AverageLoss:0.0011662605875469975
Test Loss: 0.0012
Epoch:176 and AverageLoss:0.0011515638630833355
Test Loss: 0.0011
Epoch:177 and AverageLoss:0.0011524159798238904
Test Loss: 0.0011
Epoch:178 and AverageLoss:0.0011521070499996816
Test Loss: 0.0011
Epoch:179 and AverageLoss:0.0011451792955438967
Test Loss: 0.0011
Epoch:180 and AverageLoss:0.0011477112636106735
Test Loss: 0.0011
Model Saved Successfully to: /home/ajinkyar/ml_models/recon_models/pc_recon10_custom_illusion_dataset_Uniform_seed42_180.pth
Model Save Sucessfully
Epoch:181 and AverageLoss:0.001142932199618071
Test Loss: 0.0011
Epoch:182 and AverageLoss:0.001131264834418462
Test Loss: 0.0011
Epoch:183 and AverageLoss:0.001136449290235519
Test Loss: 0.0011
Epoch:184 and AverageLoss:0.001129188184594651
Test Loss: 0.0011
Epoch:185 and AverageLoss:0.0011305369056466858
Test Loss: 0.0011
Epoch:186 and AverageLoss:0.0011186508644874446
Test Loss: 0.0011
Epoch:187 and AverageLoss:0.0011415258656094266
Test Loss: 0.0011
Epoch:188 and AverageLoss:0.0011108362754279639
Test Loss: 0.0011
Epoch:189 and AverageLoss:0.001110791077540056
Test Loss: 0.0011
Epoch:190 and AverageLoss:0.0011185602277030491
Test Loss: 0.0012
Model Saved Successfully to: /home/ajinkyar/ml_models/recon_models/pc_recon10_custom_illusion_dataset_Uniform_seed42_190.pth
Model Save Sucessfully
Epoch:191 and AverageLoss:0.0011042913454219175
Test Loss: 0.0011
Epoch:192 and AverageLoss:0.0011074007704059308
Test Loss: 0.0011
Epoch:193 and AverageLoss:0.0011210070195615538
Test Loss: 0.0011
Epoch:194 and AverageLoss:0.0010942270668283152
Test Loss: 0.0011
Epoch:195 and AverageLoss:0.0010973074448666312
Test Loss: 0.0011
Epoch:196 and AverageLoss:0.0010959422723332436
Test Loss: 0.0011
Epoch:197 and AverageLoss:0.0010897089541535671
Test Loss: 0.0011
Epoch:198 and AverageLoss:0.0010926298138566222
Test Loss: 0.0011
Epoch:199 and AverageLoss:0.0010816683102310596
Test Loss: 0.0011
Model Save Sucessfully
Training metric plots saved.
All jobs completed at Mon Jan 12 15:09:17 IST 2026
