Job started at Mon Jan 19 23:45:03 IST 2026
Running 3 experiments (2 at a time)
Job ID: 8453210
Started recon_t10_c10_uni_s4783 on GPU 0 (PID: 28869)
Started recon_t10_c10_uni_s5963 on GPU 1 (PID: 28870)
CUDA available: True
CUDA device count: 1
Using CUDA device: cuda:0
CUDA device name:Tesla V100-SXM2-16GB
CUDA memory allocated: 0.00 GB
Using device: cuda:0
Full dataset: 92160 samples
Class mapping (ALL classes): {'square': 0, 'rectangle': 1, 'trapezium': 2, 'triangle': 3, 'hexagon': 4, 'random': 5, 'all_in': 6, 'all_out': 7}

Initial class distribution:
  square         : 4608 samples
  rectangle      : 4608 samples
  trapezium      : 4608 samples
  triangle       : 4608 samples
  hexagon        : 4608 samples
  random         : 4605 samples
    → should_see 'square': 921
    → should_see 'rectangle': 921
    → should_see 'trapezium': 921
    → should_see 'triangle': 921
    → should_see 'hexagon': 921
  all_in         : 23040 samples
  all_out        : 23040 samples

Training set: 19345 samples
Validation set: 8300 samples
Validation class distribution:
  hexagon: 1383 samples
  random: 1385 samples
  rectangle: 1383 samples
  square: 1383 samples
  trapezium: 1383 samples
  triangle: 1383 samples

Sampling illusions to match validation random distribution:
  all_in: sampled 692 samples
  all_out: sampled 1385 samples

Test set: 11070 samples
Test set class distribution:
  all_in: 1385 samples
  all_out: 1385 samples
  hexagon: 1383 samples
  random: 1385 samples
  rectangle: 1383 samples
  square: 1383 samples
  trapezium: 1383 samples
  triangle: 1383 samples
Full dataset: 92160 samples
Class mapping (ALL classes): {'square': 0, 'rectangle': 1, 'trapezium': 2, 'triangle': 3, 'hexagon': 4, 'random': 5, 'all_in': 6, 'all_out': 7}

Initial class distribution:
  square         : 4608 samples
  rectangle      : 4608 samples
  trapezium      : 4608 samples
  triangle       : 4608 samples
  hexagon        : 4608 samples
  random         : 4605 samples
    → should_see 'square': 921
    → should_see 'rectangle': 921
    → should_see 'trapezium': 921
    → should_see 'triangle': 921
    → should_see 'hexagon': 921
  all_in         : 23040 samples
  all_out        : 23040 samples

Training set: 19345 samples
Validation set: 8300 samples
Validation class distribution:
  hexagon: 1383 samples
  random: 1385 samples
  rectangle: 1383 samples
  square: 1383 samples
  trapezium: 1383 samples
  triangle: 1383 samples

Sampling illusions to match validation random distribution:
  all_in: sampled 692 samples
  all_out: sampled 1385 samples

Test set: 11070 samples
Test set class distribution:
  all_in: 1385 samples
  all_out: 1385 samples
  hexagon: 1383 samples
  random: 1385 samples
  rectangle: 1383 samples
  square: 1383 samples
  trapezium: 1383 samples
  triangle: 1383 samples
Epoch:0 and AverageLoss:0.4676705626232072
Test Loss: 0.1322
Model Saved Successfully to: /home/ajinkyar/ml_models/recon_models/recon_t10_c10_uni_s4783_0.pth
Model Save Sucessfully
Epoch:1 and AverageLoss:0.10962072130261867
Test Loss: 0.0945
Epoch:2 and AverageLoss:0.08132203549823978
Test Loss: 0.0733
Epoch:3 and AverageLoss:0.0647924497939092
Test Loss: 0.0600
Epoch:4 and AverageLoss:0.05315239812162789
Test Loss: 0.0491
Epoch:5 and AverageLoss:0.04374629681283408
Test Loss: 0.0404
Epoch:6 and AverageLoss:0.035921150191171355
Test Loss: 0.0332
Epoch:7 and AverageLoss:0.02951406130243924
Test Loss: 0.0273
Epoch:8 and AverageLoss:0.024467921719601576
Test Loss: 0.0228
Epoch:9 and AverageLoss:0.02053949178373518
Test Loss: 0.0192
Epoch:10 and AverageLoss:0.01751205628768595
Test Loss: 0.0165
Model Saved Successfully to: /home/ajinkyar/ml_models/recon_models/recon_t10_c10_uni_s4783_10.pth
Model Save Sucessfully
Epoch:11 and AverageLoss:0.01508470974316097
Test Loss: 0.0143
Epoch:12 and AverageLoss:0.013178387141116887
Test Loss: 0.0126
Epoch:13 and AverageLoss:0.011652943274114003
Test Loss: 0.0112
Epoch:14 and AverageLoss:0.010472742410584483
Test Loss: 0.0101
Epoch:15 and AverageLoss:0.009542725959115407
Test Loss: 0.0093
Epoch:16 and AverageLoss:0.008754060726828319
Test Loss: 0.0086
Epoch:17 and AverageLoss:0.008088995550551321
Test Loss: 0.0079
Epoch:18 and AverageLoss:0.007484398548460512
Test Loss: 0.0074
Epoch:19 and AverageLoss:0.006937110679193346
Test Loss: 0.0068
Epoch:20 and AverageLoss:0.006459470565069066
Test Loss: 0.0063
Model Saved Successfully to: /home/ajinkyar/ml_models/recon_models/recon_t10_c10_uni_s4783_20.pth
Model Save Sucessfully
Epoch:21 and AverageLoss:0.00605521741619503
Test Loss: 0.0059
Epoch:22 and AverageLoss:0.005671188811586846
Test Loss: 0.0056
Epoch:23 and AverageLoss:0.005339941186426315
Test Loss: 0.0053
Epoch:24 and AverageLoss:0.005039301813456945
Test Loss: 0.0050
Epoch:25 and AverageLoss:0.004774183015173594
Test Loss: 0.0047
Epoch:26 and AverageLoss:0.004535092515697749
Test Loss: 0.0045
Epoch:27 and AverageLoss:0.004332413576054579
Test Loss: 0.0043
Epoch:28 and AverageLoss:0.004126089700105146
Test Loss: 0.0041
Epoch:29 and AverageLoss:0.003957875088830901
Test Loss: 0.0039
Epoch:30 and AverageLoss:0.0037984908457406727
Test Loss: 0.0038
Model Saved Successfully to: /home/ajinkyar/ml_models/recon_models/recon_t10_c10_uni_s4783_30.pth
Model Save Sucessfully
Epoch:31 and AverageLoss:0.003669264719606
Test Loss: 0.0036
Epoch:32 and AverageLoss:0.0035267072871196553
Test Loss: 0.0035
Epoch:33 and AverageLoss:0.003414189279433494
Test Loss: 0.0034
Epoch:34 and AverageLoss:0.0033089101486762384
Test Loss: 0.0034
Epoch:35 and AverageLoss:0.0032669885530452096
Test Loss: 0.0032
Epoch:36 and AverageLoss:0.0031426411934104585
Test Loss: 0.0032
Epoch:37 and AverageLoss:0.003071812066886466
Test Loss: 0.0031
Epoch:38 and AverageLoss:0.003002590373300847
Test Loss: 0.0030
Epoch:39 and AverageLoss:0.002927396424097386
Test Loss: 0.0030
Epoch:40 and AverageLoss:0.002861724722907255
Test Loss: 0.0029
Model Saved Successfully to: /home/ajinkyar/ml_models/recon_models/recon_t10_c10_uni_s4783_40.pth
Model Save Sucessfully
Epoch:41 and AverageLoss:0.0028097776927954463
Test Loss: 0.0028
Epoch:42 and AverageLoss:0.002744782016100747
Test Loss: 0.0028
Epoch:43 and AverageLoss:0.0026960274577910496
Test Loss: 0.0028
Epoch:44 and AverageLoss:0.0026623559993025963
Test Loss: 0.0027
Epoch:45 and AverageLoss:0.002611650336554951
Test Loss: 0.0026
Epoch:46 and AverageLoss:0.0025702600934050116
Test Loss: 0.0026
Epoch:47 and AverageLoss:0.0025321170586653915
Test Loss: 0.0025
Epoch:48 and AverageLoss:0.0024921507730960753
Test Loss: 0.0025
Epoch:49 and AverageLoss:0.0024574978846175336
Test Loss: 0.0025
Epoch:50 and AverageLoss:0.0024344032569711426
Test Loss: 0.0024
Model Saved Successfully to: /home/ajinkyar/ml_models/recon_models/recon_t10_c10_uni_s4783_50.pth
Model Save Sucessfully
Epoch:51 and AverageLoss:0.002396280392869722
Test Loss: 0.0024
Epoch:52 and AverageLoss:0.0023626064146149224
Test Loss: 0.0024
Epoch:53 and AverageLoss:0.0023397184847777108
Test Loss: 0.0024
Epoch:54 and AverageLoss:0.002315755259805582
Test Loss: 0.0023
Epoch:55 and AverageLoss:0.002280403187879446
Test Loss: 0.0023
Epoch:56 and AverageLoss:0.0022779421393532492
Test Loss: 0.0023
Epoch:57 and AverageLoss:0.002231800533284641
Test Loss: 0.0023
Epoch:58 and AverageLoss:0.0022143541259425576
Test Loss: 0.0023
Epoch:59 and AverageLoss:0.002192856211403831
Test Loss: 0.0022
Epoch:60 and AverageLoss:0.0021723846451298543
Test Loss: 0.0022
Model Saved Successfully to: /home/ajinkyar/ml_models/recon_models/recon_t10_c10_uni_s4783_60.pth
Model Save Sucessfully
Epoch:61 and AverageLoss:0.002153762961855189
Test Loss: 0.0022
Epoch:62 and AverageLoss:0.0021479268979727605
Test Loss: 0.0022
Epoch:63 and AverageLoss:0.002104954602829881
Test Loss: 0.0021
Epoch:64 and AverageLoss:0.00209786645079047
Test Loss: 0.0021
Epoch:65 and AverageLoss:0.002077667395707435
Test Loss: 0.0021
Epoch:66 and AverageLoss:0.0020690782658066907
Test Loss: 0.0021
Epoch:67 and AverageLoss:0.0020414399411740965
Test Loss: 0.0021
Epoch:68 and AverageLoss:0.0020360958032225344
Test Loss: 0.0021
Epoch:69 and AverageLoss:0.002009803711384735
Test Loss: 0.0021
Epoch:70 and AverageLoss:0.0020056447730503577
Test Loss: 0.0020
Model Saved Successfully to: /home/ajinkyar/ml_models/recon_models/recon_t10_c10_uni_s4783_70.pth
Model Save Sucessfully
Epoch:71 and AverageLoss:0.0020251612478197544
Test Loss: 0.0020
Epoch:72 and AverageLoss:0.0019657046592809753
Test Loss: 0.0020
Epoch:73 and AverageLoss:0.0019550093325539993
Test Loss: 0.0020
Epoch:74 and AverageLoss:0.0019478691185724514
Test Loss: 0.0020
Epoch:75 and AverageLoss:0.0019434135472632882
Test Loss: 0.0020
Epoch:76 and AverageLoss:0.001920067002392597
Test Loss: 0.0019
Epoch:77 and AverageLoss:0.0019157300700822246
Test Loss: 0.0019
Epoch:78 and AverageLoss:0.0018995151309535092
Test Loss: 0.0019
Epoch:79 and AverageLoss:0.0018929320713216517
Test Loss: 0.0019
Epoch:80 and AverageLoss:0.0018725161169355442
Test Loss: 0.0019
Model Saved Successfully to: /home/ajinkyar/ml_models/recon_models/recon_t10_c10_uni_s4783_80.pth
Model Save Sucessfully
Epoch:81 and AverageLoss:0.0018685764451761354
Test Loss: 0.0019
Epoch:82 and AverageLoss:0.0018556208288670357
Test Loss: 0.0019
Epoch:83 and AverageLoss:0.0018428649757180578
Test Loss: 0.0019
Epoch:84 and AverageLoss:0.001831863648190802
Test Loss: 0.0019
Epoch:85 and AverageLoss:0.0018328100102299378
Test Loss: 0.0018
Epoch:86 and AverageLoss:0.0018093968288922944
Test Loss: 0.0019
Epoch:87 and AverageLoss:0.0018055138511540877
Test Loss: 0.0018
Epoch:88 and AverageLoss:0.001792850875543923
Test Loss: 0.0018
Epoch:89 and AverageLoss:0.0017813509161784197
Test Loss: 0.0018
Epoch:90 and AverageLoss:0.0017775546827676807
Test Loss: 0.0018
Model Saved Successfully to: /home/ajinkyar/ml_models/recon_models/recon_t10_c10_uni_s4783_90.pth
Model Save Sucessfully
Epoch:91 and AverageLoss:0.001800866218376135
Test Loss: 0.0018
Epoch:92 and AverageLoss:0.0017510845435567755
Test Loss: 0.0018
Epoch:93 and AverageLoss:0.0017451293372514481
Test Loss: 0.0018
Epoch:94 and AverageLoss:0.0017443481690350396
Test Loss: 0.0018
Epoch:95 and AverageLoss:0.00173672067298754
Test Loss: 0.0018
Epoch:96 and AverageLoss:0.0017340476562130488
Test Loss: 0.0017
Epoch:97 and AverageLoss:0.00172343828295904
Test Loss: 0.0017
Epoch:98 and AverageLoss:0.0017092616171268207
Test Loss: 0.0017
Epoch:99 and AverageLoss:0.0017149174159723681
Test Loss: 0.0017
Epoch:100 and AverageLoss:0.0016969028272962366
Test Loss: 0.0017
Model Saved Successfully to: /home/ajinkyar/ml_models/recon_models/recon_t10_c10_uni_s4783_100.pth
Model Save Sucessfully
Epoch:101 and AverageLoss:0.0016955831643744286
Test Loss: 0.0017
Epoch:102 and AverageLoss:0.0016802396506940837
Test Loss: 0.0018
Epoch:103 and AverageLoss:0.0016780392041195122
Test Loss: 0.0017
Epoch:104 and AverageLoss:0.001669938051409265
Test Loss: 0.0017
Epoch:105 and AverageLoss:0.0016670157540731962
Test Loss: 0.0017
Epoch:106 and AverageLoss:0.001652970635870949
Test Loss: 0.0017
Epoch:107 and AverageLoss:0.0016463824277474306
Test Loss: 0.0017
Epoch:108 and AverageLoss:0.0016436786102207977
Test Loss: 0.0017
Epoch:109 and AverageLoss:0.0016335023955291923
Test Loss: 0.0017
Epoch:110 and AverageLoss:0.0016391236086814734
Test Loss: 0.0017
Model Saved Successfully to: /home/ajinkyar/ml_models/recon_models/recon_t10_c10_uni_s4783_110.pth
Model Save Sucessfully
Epoch:111 and AverageLoss:0.001619499639275076
Test Loss: 0.0016
Epoch:112 and AverageLoss:0.0016173291648353242
Test Loss: 0.0017
Epoch:113 and AverageLoss:0.0016055338855347912
Test Loss: 0.0016
Epoch:114 and AverageLoss:0.0016152629186687913
Test Loss: 0.0016
Epoch:115 and AverageLoss:0.001595799575226905
Test Loss: 0.0016
Epoch:116 and AverageLoss:0.0015970750016493199
Test Loss: 0.0016
Epoch:117 and AverageLoss:0.0015873105617813489
Test Loss: 0.0016
Epoch:118 and AverageLoss:0.0015834259669765952
Test Loss: 0.0016
Epoch:119 and AverageLoss:0.0015836994347455027
Test Loss: 0.0018
Epoch:120 and AverageLoss:0.001565802391389508
Test Loss: 0.0016
Model Saved Successfully to: /home/ajinkyar/ml_models/recon_models/recon_t10_c10_uni_s4783_120.pth
Model Save Sucessfully
Epoch:121 and AverageLoss:0.0015680562088570041
Test Loss: 0.0016
Epoch:122 and AverageLoss:0.0015574471441998092
Test Loss: 0.0016
Epoch:123 and AverageLoss:0.0015543076966904597
Test Loss: 0.0016
Epoch:124 and AverageLoss:0.001557269657977418
Test Loss: 0.0016
Epoch:125 and AverageLoss:0.0015412913123049488
Test Loss: 0.0016
Epoch:126 and AverageLoss:0.0015398626204210619
Test Loss: 0.0016
Epoch:127 and AverageLoss:0.0015353430588085067
Test Loss: 0.0016
Epoch:128 and AverageLoss:0.0015420392239831912
Test Loss: 0.0015
Epoch:129 and AverageLoss:0.001517790049787857
Test Loss: 0.0015
Epoch:130 and AverageLoss:0.0015216595606304983
Test Loss: 0.0015
Model Saved Successfully to: /home/ajinkyar/ml_models/recon_models/recon_t10_c10_uni_s4783_130.pth
Model Save Sucessfully
Epoch:131 and AverageLoss:0.0015137684227242557
Test Loss: 0.0015
Epoch:132 and AverageLoss:0.0015320823542785268
Test Loss: 0.0015
Epoch:133 and AverageLoss:0.0015001140661395256
Test Loss: 0.0015
Epoch:134 and AverageLoss:0.0015010025312793094
Test Loss: 0.0015
Epoch:135 and AverageLoss:0.0015184351032376598
Test Loss: 0.0015
Epoch:136 and AverageLoss:0.0014913068041118816
Test Loss: 0.0015
Epoch:137 and AverageLoss:0.001489463345723011
Test Loss: 0.0015
Epoch:138 and AverageLoss:0.001487056965374942
Test Loss: 0.0015
Epoch:139 and AverageLoss:0.0014815584438697103
Test Loss: 0.0015
Epoch:140 and AverageLoss:0.0014893201026826913
Test Loss: 0.0015
Model Saved Successfully to: /home/ajinkyar/ml_models/recon_models/recon_t10_c10_uni_s4783_140.pth
Model Save Sucessfully
Epoch:141 and AverageLoss:0.0014704359247453111
Test Loss: 0.0015
Epoch:142 and AverageLoss:0.0014662117035126251
Test Loss: 0.0015
Epoch:143 and AverageLoss:0.0014989774077428383
Test Loss: 0.0015
Epoch:144 and AverageLoss:0.0014552983157346334
Test Loss: 0.0015
Epoch:145 and AverageLoss:0.0014595052771932207
Test Loss: 0.0015
Epoch:146 and AverageLoss:0.001455209019169604
Test Loss: 0.0015
Epoch:147 and AverageLoss:0.0014565033906222176
Test Loss: 0.0015
Epoch:148 and AverageLoss:0.0014417204109438088
Test Loss: 0.0015
Epoch:149 and AverageLoss:0.001450697524008372
Test Loss: 0.0015
Epoch:150 and AverageLoss:0.0014447854314199532
Test Loss: 0.0015
Model Saved Successfully to: /home/ajinkyar/ml_models/recon_models/recon_t10_c10_uni_s4783_150.pth
Model Save Sucessfully
Epoch:151 and AverageLoss:0.0014297634306409943
Test Loss: 0.0015
Epoch:152 and AverageLoss:0.0014360510060575228
Test Loss: 0.0014
Epoch:153 and AverageLoss:0.0014444533978446488
Test Loss: 0.0014
Epoch:154 and AverageLoss:0.0014178307817417604
Test Loss: 0.0014
Epoch:155 and AverageLoss:0.0014315183298019615
Test Loss: 0.0015
Epoch:156 and AverageLoss:0.0014123078875824778
Test Loss: 0.0014
Epoch:157 and AverageLoss:0.0014147651250703138
Test Loss: 0.0014
Epoch:158 and AverageLoss:0.001416707256268171
Test Loss: 0.0014
Epoch:159 and AverageLoss:0.001404988055823617
Test Loss: 0.0014
Epoch:160 and AverageLoss:0.0014109394253541384
Test Loss: 0.0014
Model Saved Successfully to: /home/ajinkyar/ml_models/recon_models/recon_t10_c10_uni_s4783_160.pth
Model Save Sucessfully
Epoch:161 and AverageLoss:0.001394776620446081
Test Loss: 0.0014
Epoch:162 and AverageLoss:0.0014038365081718485
Test Loss: 0.0014
Epoch:163 and AverageLoss:0.0013901650653536286
Test Loss: 0.0014
Epoch:164 and AverageLoss:0.0014045581592955004
Test Loss: 0.0014
Epoch:165 and AverageLoss:0.001382469696046646
Test Loss: 0.0014
Epoch:166 and AverageLoss:0.0013930708172823463
Test Loss: 0.0014
Epoch:167 and AverageLoss:0.0013886443092747522
Test Loss: 0.0014
Epoch:168 and AverageLoss:0.0013720113287385444
Test Loss: 0.0014
Epoch:169 and AverageLoss:0.001394995178547226
Test Loss: 0.0014
Epoch:170 and AverageLoss:0.001366287805038997
Test Loss: 0.0014
Model Saved Successfully to: /home/ajinkyar/ml_models/recon_models/recon_t10_c10_uni_s4783_170.pth
Model Save Sucessfully
Epoch:171 and AverageLoss:0.0013720171983317233
Test Loss: 0.0014
Epoch:172 and AverageLoss:0.0013665793004661243
Test Loss: 0.0014
Epoch:173 and AverageLoss:0.0013660046177933548
Test Loss: 0.0014
Epoch:174 and AverageLoss:0.001361401376775312
Test Loss: 0.0014
Epoch:175 and AverageLoss:0.0013619182822111732
Test Loss: 0.0014
Epoch:176 and AverageLoss:0.0013582226868395593
Test Loss: 0.0014
Epoch:177 and AverageLoss:0.001348660375840177
Test Loss: 0.0015
Epoch:178 and AverageLoss:0.001346893059205233
Test Loss: 0.0014
Epoch:179 and AverageLoss:0.0013494827589289524
Test Loss: 0.0014
Epoch:180 and AverageLoss:0.0013392673683168042
Test Loss: 0.0014
Model Saved Successfully to: /home/ajinkyar/ml_models/recon_models/recon_t10_c10_uni_s4783_180.pth
Model Save Sucessfully
Epoch:181 and AverageLoss:0.0013431165929477708
Test Loss: 0.0014
Epoch:182 and AverageLoss:0.0013364066365261539
Test Loss: 0.0014
Epoch:183 and AverageLoss:0.0013395962247640387
Test Loss: 0.0013
Epoch:184 and AverageLoss:0.001336621616299318
Test Loss: 0.0013
Epoch:185 and AverageLoss:0.0013203459627318297
Test Loss: 0.0013
Epoch:186 and AverageLoss:0.0013682744411649644
Test Loss: 0.0013
Epoch:187 and AverageLoss:0.0013159650499636139
Test Loss: 0.0013
Epoch:188 and AverageLoss:0.0013138134225390945
Test Loss: 0.0013
Epoch:189 and AverageLoss:0.0013248967816177678
Test Loss: 0.0013
Epoch:190 and AverageLoss:0.0013132421837394196
Test Loss: 0.0013
Model Saved Successfully to: /home/ajinkyar/ml_models/recon_models/recon_t10_c10_uni_s4783_190.pth
Model Save Sucessfully
Epoch:191 and AverageLoss:0.0013108703207747995
Test Loss: 0.0013
Epoch:192 and AverageLoss:0.0013401272539761348
Test Loss: 0.0013
Epoch:193 and AverageLoss:0.0013016272348992542
Test Loss: 0.0013
Epoch:194 and AverageLoss:0.0013031541196194532
Test Loss: 0.0013
Epoch:195 and AverageLoss:0.0013118546878464889
Test Loss: 0.0013
Epoch:196 and AverageLoss:0.0013032336702497199
Test Loss: 0.0014
Epoch:197 and AverageLoss:0.0012964192164045844
Test Loss: 0.0013
Epoch:198 and AverageLoss:0.001297014709157977
Test Loss: 0.0013
Epoch:199 and AverageLoss:0.0012919624778153452
Test Loss: 0.0013
Model Save Sucessfully
  ✓ Saved: recon_t10_c10_uni_s4783_ReconstructionLoss.png
CUDA available: True
CUDA device count: 1
Using CUDA device: cuda:0
CUDA device name:Tesla V100-SXM2-16GB
CUDA memory allocated: 0.00 GB
Using device: cuda:0
Full dataset: 92160 samples
Class mapping (ALL classes): {'square': 0, 'rectangle': 1, 'trapezium': 2, 'triangle': 3, 'hexagon': 4, 'random': 5, 'all_in': 6, 'all_out': 7}

Initial class distribution:
  square         : 4608 samples
  rectangle      : 4608 samples
  trapezium      : 4608 samples
  triangle       : 4608 samples
  hexagon        : 4608 samples
  random         : 4605 samples
    → should_see 'square': 921
    → should_see 'rectangle': 921
    → should_see 'trapezium': 921
    → should_see 'triangle': 921
    → should_see 'hexagon': 921
  all_in         : 23040 samples
  all_out        : 23040 samples

Training set: 19345 samples
Validation set: 8300 samples
Validation class distribution:
  hexagon: 1383 samples
  random: 1385 samples
  rectangle: 1383 samples
  square: 1383 samples
  trapezium: 1383 samples
  triangle: 1383 samples

Sampling illusions to match validation random distribution:
  all_in: sampled 692 samples
  all_out: sampled 1385 samples

Test set: 11070 samples
Test set class distribution:
  all_in: 1385 samples
  all_out: 1385 samples
  hexagon: 1383 samples
  random: 1385 samples
  rectangle: 1383 samples
  square: 1383 samples
  trapezium: 1383 samples
  triangle: 1383 samples
Full dataset: 92160 samples
Class mapping (ALL classes): {'square': 0, 'rectangle': 1, 'trapezium': 2, 'triangle': 3, 'hexagon': 4, 'random': 5, 'all_in': 6, 'all_out': 7}

Initial class distribution:
  square         : 4608 samples
  rectangle      : 4608 samples
  trapezium      : 4608 samples
  triangle       : 4608 samples
  hexagon        : 4608 samples
  random         : 4605 samples
    → should_see 'square': 921
    → should_see 'rectangle': 921
    → should_see 'trapezium': 921
    → should_see 'triangle': 921
    → should_see 'hexagon': 921
  all_in         : 23040 samples
  all_out        : 23040 samples

Training set: 19345 samples
Validation set: 8300 samples
Validation class distribution:
  hexagon: 1383 samples
  random: 1385 samples
  rectangle: 1383 samples
  square: 1383 samples
  trapezium: 1383 samples
  triangle: 1383 samples

Sampling illusions to match validation random distribution:
  all_in: sampled 692 samples
  all_out: sampled 1385 samples

Test set: 11070 samples
Test set class distribution:
  all_in: 1385 samples
  all_out: 1385 samples
  hexagon: 1383 samples
  random: 1385 samples
  rectangle: 1383 samples
  square: 1383 samples
  trapezium: 1383 samples
  triangle: 1383 samples
Epoch:0 and AverageLoss:0.4211920438996278
Test Loss: 0.1150
Model Saved Successfully to: /home/ajinkyar/ml_models/recon_models/recon_t10_c10_uni_s5963_0.pth
Model Save Sucessfully
Epoch:1 and AverageLoss:0.09813270623187635
Test Loss: 0.0839
Epoch:2 and AverageLoss:0.07388038655419733
Test Loss: 0.0650
Epoch:3 and AverageLoss:0.058258299200125964
Test Loss: 0.0519
Epoch:4 and AverageLoss:0.046785485380413855
Test Loss: 0.0418
Epoch:5 and AverageLoss:0.03774568105639874
Test Loss: 0.0338
Epoch:6 and AverageLoss:0.03070365555953881
Test Loss: 0.0277
Epoch:7 and AverageLoss:0.025271044097348185
Test Loss: 0.0229
Epoch:8 and AverageLoss:0.021144251733602695
Test Loss: 0.0204
Epoch:9 and AverageLoss:0.01809029126816914
Test Loss: 0.0168
Epoch:10 and AverageLoss:0.015831942006191316
Test Loss: 0.0148
Model Saved Successfully to: /home/ajinkyar/ml_models/recon_models/recon_t10_c10_uni_s5963_10.pth
Model Save Sucessfully
Epoch:11 and AverageLoss:0.01419831679995395
Test Loss: 0.0134
Epoch:12 and AverageLoss:0.01288800824564412
Test Loss: 0.0122
Epoch:13 and AverageLoss:0.011781736105788221
Test Loss: 0.0112
Epoch:14 and AverageLoss:0.010828194839587389
Test Loss: 0.0103
Epoch:15 and AverageLoss:0.010013462895766085
Test Loss: 0.0095
Epoch:16 and AverageLoss:0.009251404932723188
Test Loss: 0.0088
Epoch:17 and AverageLoss:0.008583786506744578
Test Loss: 0.0087
Epoch:18 and AverageLoss:0.008080451755037854
Test Loss: 0.0077
Epoch:19 and AverageLoss:0.007524844842062385
Test Loss: 0.0072
Epoch:20 and AverageLoss:0.007066155034348307
Test Loss: 0.0068
Model Saved Successfully to: /home/ajinkyar/ml_models/recon_models/recon_t10_c10_uni_s5963_20.pth
Model Save Sucessfully
Epoch:21 and AverageLoss:0.00662916672439122
Test Loss: 0.0064
Epoch:22 and AverageLoss:0.006288254940458996
Test Loss: 0.0061
Epoch:23 and AverageLoss:0.005940531844211634
Test Loss: 0.0057
Epoch:24 and AverageLoss:0.005654426390201254
Test Loss: 0.0055
Epoch:25 and AverageLoss:0.005383104816644861
Test Loss: 0.0053
Epoch:26 and AverageLoss:0.005173568760549019
Test Loss: 0.0050
Epoch:27 and AverageLoss:0.0049479338412619514
Test Loss: 0.0048
Epoch:28 and AverageLoss:0.004795459582574265
Test Loss: 0.0047
Epoch:29 and AverageLoss:0.004616379363593176
Test Loss: 0.0045
Epoch:30 and AverageLoss:0.004454153568256831
Test Loss: 0.0043
Model Saved Successfully to: /home/ajinkyar/ml_models/recon_models/recon_t10_c10_uni_s5963_30.pth
Model Save Sucessfully
Epoch:31 and AverageLoss:0.0043180346159910985
Test Loss: 0.0042
Epoch:32 and AverageLoss:0.004177358821188369
Test Loss: 0.0041
Epoch:33 and AverageLoss:0.004067682002070706
Test Loss: 0.0040
Epoch:34 and AverageLoss:0.003955738996117075
Test Loss: 0.0039
Epoch:35 and AverageLoss:0.0038426053274445973
Test Loss: 0.0038
Epoch:36 and AverageLoss:0.003754269859892093
Test Loss: 0.0037
Epoch:37 and AverageLoss:0.003655500437252316
Test Loss: 0.0036
Epoch:38 and AverageLoss:0.003597724653130074
Test Loss: 0.0035
Epoch:39 and AverageLoss:0.003498254640678267
Test Loss: 0.0034
Epoch:40 and AverageLoss:0.003432208036692151
Test Loss: 0.0034
Model Saved Successfully to: /home/ajinkyar/ml_models/recon_models/recon_t10_c10_uni_s5963_40.pth
Model Save Sucessfully
Epoch:41 and AverageLoss:0.003373095233662993
Test Loss: 0.0033
Epoch:42 and AverageLoss:0.0032978335343501414
Test Loss: 0.0033
Epoch:43 and AverageLoss:0.003228904093733088
Test Loss: 0.0032
Epoch:44 and AverageLoss:0.0031648647518297424
Test Loss: 0.0031
Epoch:45 and AverageLoss:0.0031309791653963527
Test Loss: 0.0031
Epoch:46 and AverageLoss:0.0030576056643958735
Test Loss: 0.0030
Epoch:47 and AverageLoss:0.003000990145123941
Test Loss: 0.0030
Epoch:48 and AverageLoss:0.0029533304796507966
Test Loss: 0.0029
Epoch:49 and AverageLoss:0.0028970240829858836
Test Loss: 0.0029
Epoch:50 and AverageLoss:0.002847928220689035
Test Loss: 0.0032
Model Saved Successfully to: /home/ajinkyar/ml_models/recon_models/recon_t10_c10_uni_s5963_50.pth
Model Save Sucessfully
Epoch:51 and AverageLoss:0.002802353376120498
Test Loss: 0.0028
Epoch:52 and AverageLoss:0.0027635631138027824
Test Loss: 0.0027
Epoch:53 and AverageLoss:0.0027306336300516854
Test Loss: 0.0027
Epoch:54 and AverageLoss:0.002675845829648743
Test Loss: 0.0029
Epoch:55 and AverageLoss:0.0026507283308858836
Test Loss: 0.0026
Epoch:56 and AverageLoss:0.002607062563862005
Test Loss: 0.0026
Epoch:57 and AverageLoss:0.0025820019135390183
Test Loss: 0.0026
Epoch:58 and AverageLoss:0.002541929943783378
Test Loss: 0.0025
Epoch:59 and AverageLoss:0.002519902496354285
Test Loss: 0.0025
Epoch:60 and AverageLoss:0.002478031811260133
Test Loss: 0.0024
Model Saved Successfully to: /home/ajinkyar/ml_models/recon_models/recon_t10_c10_uni_s5963_60.pth
Model Save Sucessfully
Epoch:61 and AverageLoss:0.0024456462655928417
Test Loss: 0.0024
Epoch:62 and AverageLoss:0.0024258249895339292
Test Loss: 0.0024
Epoch:63 and AverageLoss:0.0024083701622853258
Test Loss: 0.0024
Epoch:64 and AverageLoss:0.0023655899779193783
Test Loss: 0.0023
Epoch:65 and AverageLoss:0.002347751755328957
Test Loss: 0.0023
Epoch:66 and AverageLoss:0.0023222325816134775
Test Loss: 0.0023
Epoch:67 and AverageLoss:0.00229698996596454
Test Loss: 0.0023
Epoch:68 and AverageLoss:0.002274805635660271
Test Loss: 0.0022
Epoch:69 and AverageLoss:0.002269954784544308
Test Loss: 0.0022
Epoch:70 and AverageLoss:0.0022270821055593664
Test Loss: 0.0022
Model Saved Successfully to: /home/ajinkyar/ml_models/recon_models/recon_t10_c10_uni_s5963_70.pth
Model Save Sucessfully
Epoch:71 and AverageLoss:0.002214679548859381
Test Loss: 0.0023
Epoch:72 and AverageLoss:0.002201708897415256
Test Loss: 0.0022
Epoch:73 and AverageLoss:0.002179160827918994
Test Loss: 0.0021
Epoch:74 and AverageLoss:0.0021774587726551453
Test Loss: 0.0021
Epoch:75 and AverageLoss:0.002134972757540551
Test Loss: 0.0021
Epoch:76 and AverageLoss:0.002123904806053774
Test Loss: 0.0021
Epoch:77 and AverageLoss:0.0021154222348974323
Test Loss: 0.0021
Epoch:78 and AverageLoss:0.002092412187071317
Test Loss: 0.0021
Epoch:79 and AverageLoss:0.002130864589515504
Test Loss: 0.0021
Epoch:80 and AverageLoss:0.002060196787207426
Test Loss: 0.0020
Model Saved Successfully to: /home/ajinkyar/ml_models/recon_models/recon_t10_c10_uni_s5963_80.pth
Model Save Sucessfully
Epoch:81 and AverageLoss:0.0020484911657442637
Test Loss: 0.0020
Epoch:82 and AverageLoss:0.002038422025007019
Test Loss: 0.0024
Epoch:83 and AverageLoss:0.002039342408389823
Test Loss: 0.0020
Epoch:84 and AverageLoss:0.0020183875862401254
Test Loss: 0.0020
Epoch:85 and AverageLoss:0.001998845163120865
Test Loss: 0.0020
Epoch:86 and AverageLoss:0.001991001009259927
Test Loss: 0.0021
Epoch:87 and AverageLoss:0.002025369303887864
Test Loss: 0.0020
Epoch:88 and AverageLoss:0.0019586790367010364
Test Loss: 0.0019
Epoch:89 and AverageLoss:0.001948925863743629
Test Loss: 0.0019
Epoch:90 and AverageLoss:0.0019393844382302483
Test Loss: 0.0019
Model Saved Successfully to: /home/ajinkyar/ml_models/recon_models/recon_t10_c10_uni_s5963_90.pth
Model Save Sucessfully
Epoch:91 and AverageLoss:0.001949841014450139
Test Loss: 0.0019
Epoch:92 and AverageLoss:0.0019193697364304277
Test Loss: 0.0019
Epoch:93 and AverageLoss:0.0019153385042609294
Test Loss: 0.0019
Epoch:94 and AverageLoss:0.0019000272737038592
Test Loss: 0.0019
Epoch:95 and AverageLoss:0.0018910343360929358
Test Loss: 0.0019
Epoch:96 and AverageLoss:0.0018847469884559727
Test Loss: 0.0019
Epoch:97 and AverageLoss:0.0018686979919121686
Test Loss: 0.0019
Epoch:98 and AverageLoss:0.0018656125257546004
Test Loss: 0.0018
Epoch:99 and AverageLoss:0.001852074044387141
Test Loss: 0.0018
Epoch:100 and AverageLoss:0.0018392433806838206
Test Loss: 0.0018
Model Saved Successfully to: /home/ajinkyar/ml_models/recon_models/recon_t10_c10_uni_s5963_100.pth
Model Save Sucessfully
Epoch:101 and AverageLoss:0.0018312931342208219
Test Loss: 0.0018
Epoch:102 and AverageLoss:0.0018239216705830384
Test Loss: 0.0018
Epoch:103 and AverageLoss:0.0018082435136037487
Test Loss: 0.0018
Epoch:104 and AverageLoss:0.0018113899599830042
Test Loss: 0.0018
Epoch:105 and AverageLoss:0.0018049161255836855
Test Loss: 0.0018
Epoch:106 and AverageLoss:0.0017806856254642938
Test Loss: 0.0018
Epoch:107 and AverageLoss:0.0017735814817118928
Test Loss: 0.0018
Epoch:108 and AverageLoss:0.0017838928134619328
Test Loss: 0.0017
Epoch:109 and AverageLoss:0.0017566196461716158
Test Loss: 0.0017
Epoch:110 and AverageLoss:0.001754552710172143
Test Loss: 0.0017
Model Saved Successfully to: /home/ajinkyar/ml_models/recon_models/recon_t10_c10_uni_s5963_110.pth
Model Save Sucessfully
Epoch:111 and AverageLoss:0.0017583438359809007
Test Loss: 0.0017
Epoch:112 and AverageLoss:0.001731031945202315
Test Loss: 0.0017
Epoch:113 and AverageLoss:0.0017381372165477503
Test Loss: 0.0017
Epoch:114 and AverageLoss:0.0017177025488797145
Test Loss: 0.0017
Epoch:115 and AverageLoss:0.0017184863879137543
Test Loss: 0.0017
Epoch:116 and AverageLoss:0.0017168214523006415
Test Loss: 0.0017
Epoch:117 and AverageLoss:0.001699694397201192
Test Loss: 0.0017
Epoch:118 and AverageLoss:0.00169127639325351
Test Loss: 0.0019
Epoch:119 and AverageLoss:0.0016860353877317653
Test Loss: 0.0017
Epoch:120 and AverageLoss:0.0016849821261207241
Test Loss: 0.0017
Model Saved Successfully to: /home/ajinkyar/ml_models/recon_models/recon_t10_c10_uni_s5963_120.pth
Model Save Sucessfully
Epoch:121 and AverageLoss:0.0016773289944091428
Test Loss: 0.0017
Epoch:122 and AverageLoss:0.0016609959420748055
Test Loss: 0.0016
Epoch:123 and AverageLoss:0.0016606968547571604
Test Loss: 0.0016
Epoch:124 and AverageLoss:0.0016522904637188858
Test Loss: 0.0016
Epoch:125 and AverageLoss:0.0016540459694902698
Test Loss: 0.0016
Epoch:126 and AverageLoss:0.0016349047969128122
Test Loss: 0.0016
Epoch:127 and AverageLoss:0.0016345458986980394
Test Loss: 0.0016
Epoch:128 and AverageLoss:0.001633761946135008
Test Loss: 0.0016
Epoch:129 and AverageLoss:0.001621279273805601
Test Loss: 0.0016
Epoch:130 and AverageLoss:0.0016178282779691479
Test Loss: 0.0016
Model Saved Successfully to: /home/ajinkyar/ml_models/recon_models/recon_t10_c10_uni_s5963_130.pth
Model Save Sucessfully
Epoch:131 and AverageLoss:0.001604160591469277
Test Loss: 0.0016
Epoch:132 and AverageLoss:0.0016073540696385509
Test Loss: 0.0016
Epoch:133 and AverageLoss:0.0015934505403688377
Test Loss: 0.0016
Epoch:134 and AverageLoss:0.0015918190984540303
Test Loss: 0.0016
Epoch:135 and AverageLoss:0.0015950625058078814
Test Loss: 0.0016
Epoch:136 and AverageLoss:0.0015730199934183503
Test Loss: 0.0016
Epoch:137 and AverageLoss:0.0016000636050877862
Test Loss: 0.0016
Epoch:138 and AverageLoss:0.0015625054592051167
Test Loss: 0.0016
Epoch:139 and AverageLoss:0.001558834564687361
Test Loss: 0.0015
Epoch:140 and AverageLoss:0.0015653836567816903
Test Loss: 0.0015
Model Saved Successfully to: /home/ajinkyar/ml_models/recon_models/recon_t10_c10_uni_s5963_140.pth
Model Save Sucessfully
Epoch:141 and AverageLoss:0.0015590578665926067
Test Loss: 0.0015
Epoch:142 and AverageLoss:0.0015445410830549865
Test Loss: 0.0015
Epoch:143 and AverageLoss:0.001558831752559809
Test Loss: 0.0015
Epoch:144 and AverageLoss:0.0015337516107280884
Test Loss: 0.0015
Epoch:145 and AverageLoss:0.0015319680974507043
Test Loss: 0.0015
Epoch:146 and AverageLoss:0.001530830823904873
Test Loss: 0.0015
Epoch:147 and AverageLoss:0.001522918990168582
Test Loss: 0.0015
Epoch:148 and AverageLoss:0.0015586500365406368
Test Loss: 0.0015
Epoch:149 and AverageLoss:0.001509589762455776
Test Loss: 0.0015
Epoch:150 and AverageLoss:0.0015058741533901727
Test Loss: 0.0015
Model Saved Successfully to: /home/ajinkyar/ml_models/recon_models/recon_t10_c10_uni_s5963_150.pth
Model Save Sucessfully
Epoch:151 and AverageLoss:0.0015146279086268406
Test Loss: 0.0015
Epoch:152 and AverageLoss:0.0014968661140181002
Test Loss: 0.0015
Epoch:153 and AverageLoss:0.0014982937434919116
Test Loss: 0.0015
Epoch:154 and AverageLoss:0.001492738666028277
Test Loss: 0.0015
Epoch:155 and AverageLoss:0.0014909883311176133
Test Loss: 0.0015
Epoch:156 and AverageLoss:0.0014830936069459815
Test Loss: 0.0015
Epoch:157 and AverageLoss:0.0014816065208720858
Test Loss: 0.0015
Epoch:158 and AverageLoss:0.0014774149155325049
Test Loss: 0.0015
Epoch:159 and AverageLoss:0.001467026704691412
Test Loss: 0.0015
Epoch:160 and AverageLoss:0.0014651754221826992
Test Loss: 0.0014
Model Saved Successfully to: /home/ajinkyar/ml_models/recon_models/recon_t10_c10_uni_s5963_160.pth
Model Save Sucessfully
Epoch:161 and AverageLoss:0.0014642045560412202
Test Loss: 0.0014
Epoch:162 and AverageLoss:0.001455577994164749
Test Loss: 0.0014
Epoch:163 and AverageLoss:0.0014634741788195093
Test Loss: 0.0014
Epoch:164 and AverageLoss:0.0014427694580315667
Test Loss: 0.0014
Epoch:165 and AverageLoss:0.0014461581656576542
Test Loss: 0.0014
Epoch:166 and AverageLoss:0.0014386337498454992
Test Loss: 0.0014
Epoch:167 and AverageLoss:0.0014329064571999076
Test Loss: 0.0014
Epoch:168 and AverageLoss:0.0014366623385105098
Test Loss: 0.0014
Epoch:169 and AverageLoss:0.0014222456928350278
Test Loss: 0.0014
Epoch:170 and AverageLoss:0.001426560423492785
Test Loss: 0.0014
Model Saved Successfully to: /home/ajinkyar/ml_models/recon_models/recon_t10_c10_uni_s5963_170.pth
Model Save Sucessfully
Epoch:171 and AverageLoss:0.0014180031648119297
Test Loss: 0.0014
Epoch:172 and AverageLoss:0.001413730278968126
Test Loss: 0.0014
Epoch:173 and AverageLoss:0.00142360010921805
Test Loss: 0.0014
Epoch:174 and AverageLoss:0.0014004000296146601
Test Loss: 0.0014
Epoch:175 and AverageLoss:0.0014007920141943754
Test Loss: 0.0014
Epoch:176 and AverageLoss:0.0014065097332431758
Test Loss: 0.0014
Epoch:177 and AverageLoss:0.0013935891181386408
Test Loss: 0.0014
Epoch:178 and AverageLoss:0.0013899100470079555
Test Loss: 0.0014
Epoch:179 and AverageLoss:0.0013896660342396906
Test Loss: 0.0014
Epoch:180 and AverageLoss:0.001383715529285356
Test Loss: 0.0014
Model Saved Successfully to: /home/ajinkyar/ml_models/recon_models/recon_t10_c10_uni_s5963_180.pth
Model Save Sucessfully
Epoch:181 and AverageLoss:0.001377611591101601
Test Loss: 0.0014
Epoch:182 and AverageLoss:0.0013968597837552537
Test Loss: 0.0014
Epoch:183 and AverageLoss:0.0013663457389795875
Test Loss: 0.0014
Epoch:184 and AverageLoss:0.001364940178387198
Test Loss: 0.0014
Epoch:185 and AverageLoss:0.0013784610081612218
Test Loss: 0.0014
Epoch:186 and AverageLoss:0.00135793519607545
Test Loss: 0.0014
Epoch:187 and AverageLoss:0.0013562173589588766
Test Loss: 0.0013
Epoch:188 and AverageLoss:0.0013631844637176592
Test Loss: 0.0013
Epoch:189 and AverageLoss:0.001348851417351999
Test Loss: 0.0013
Epoch:190 and AverageLoss:0.0013529023317685582
Test Loss: 0.0013
Model Saved Successfully to: /home/ajinkyar/ml_models/recon_models/recon_t10_c10_uni_s5963_190.pth
Model Save Sucessfully
Epoch:191 and AverageLoss:0.0013415644379247997
Test Loss: 0.0013
Epoch:192 and AverageLoss:0.0013436318971919018
Test Loss: 0.0013
Epoch:193 and AverageLoss:0.0013418919195167043
Test Loss: 0.0013
Epoch:194 and AverageLoss:0.0013319316949341293
Test Loss: 0.0013
Epoch:195 and AverageLoss:0.0013309997372465854
Test Loss: 0.0014
Epoch:196 and AverageLoss:0.0013303433778004967
Test Loss: 0.0013
Epoch:197 and AverageLoss:0.0013243796921783503
Test Loss: 0.0013
Epoch:198 and AverageLoss:0.0013209696046619344
Test Loss: 0.0013
Epoch:199 and AverageLoss:0.0013465095692158345
Test Loss: 0.0013
Model Save Sucessfully
  ✓ Saved: recon_t10_c10_uni_s5963_ReconstructionLoss.png
Batch 1 completed at Wed Jan 21 14:19:32 IST 2026
---
Started recon_t10_c10_uni_s5603 on GPU 0 (PID: 31499)
