Job started at Mon Jan 19 23:45:10 IST 2026
Running 3 experiments (2 at a time)
Job ID: 8453211
Started recon_t10_stl_uni_s2816 on GPU 0 (PID: 28873)
Started recon_t10_stl_uni_s8360 on GPU 1 (PID: 28874)
CUDA available: True
CUDA device count: 1
Using CUDA device: cuda:0
CUDA device name:Tesla V100-SXM2-16GB
CUDA memory allocated: 0.00 GB
Using device: cuda:0
Full dataset: 92160 samples
Class mapping (ALL classes): {'square': 0, 'rectangle': 1, 'trapezium': 2, 'triangle': 3, 'hexagon': 4, 'random': 5, 'all_in': 6, 'all_out': 7}

Initial class distribution:
  square         : 4608 samples
  rectangle      : 4608 samples
  trapezium      : 4608 samples
  triangle       : 4608 samples
  hexagon        : 4608 samples
  random         : 4605 samples
    → should_see 'square': 921
    → should_see 'rectangle': 921
    → should_see 'trapezium': 921
    → should_see 'triangle': 921
    → should_see 'hexagon': 921
  all_in         : 23040 samples
  all_out        : 23040 samples

Training set: 19345 samples
Validation set: 8300 samples
Validation class distribution:
  hexagon: 1383 samples
  random: 1385 samples
  rectangle: 1383 samples
  square: 1383 samples
  trapezium: 1383 samples
  triangle: 1383 samples

Sampling illusions to match validation random distribution:
  all_in: sampled 692 samples
  all_out: sampled 1385 samples

Test set: 11070 samples
Test set class distribution:
  all_in: 1385 samples
  all_out: 1385 samples
  hexagon: 1383 samples
  random: 1385 samples
  rectangle: 1383 samples
  square: 1383 samples
  trapezium: 1383 samples
  triangle: 1383 samples
Full dataset: 92160 samples
Class mapping (ALL classes): {'square': 0, 'rectangle': 1, 'trapezium': 2, 'triangle': 3, 'hexagon': 4, 'random': 5, 'all_in': 6, 'all_out': 7}

Initial class distribution:
  square         : 4608 samples
  rectangle      : 4608 samples
  trapezium      : 4608 samples
  triangle       : 4608 samples
  hexagon        : 4608 samples
  random         : 4605 samples
    → should_see 'square': 921
    → should_see 'rectangle': 921
    → should_see 'trapezium': 921
    → should_see 'triangle': 921
    → should_see 'hexagon': 921
  all_in         : 23040 samples
  all_out        : 23040 samples

Training set: 19345 samples
Validation set: 8300 samples
Validation class distribution:
  hexagon: 1383 samples
  random: 1385 samples
  rectangle: 1383 samples
  square: 1383 samples
  trapezium: 1383 samples
  triangle: 1383 samples

Sampling illusions to match validation random distribution:
  all_in: sampled 692 samples
  all_out: sampled 1385 samples

Test set: 11070 samples
Test set class distribution:
  all_in: 1385 samples
  all_out: 1385 samples
  hexagon: 1383 samples
  random: 1385 samples
  rectangle: 1383 samples
  square: 1383 samples
  trapezium: 1383 samples
  triangle: 1383 samples
Epoch:0 and AverageLoss:0.4676705561886149
Test Loss: 0.1322
Model Saved Successfully to: /home/ajinkyar/ml_models/recon_models/recon_t10_stl_uni_s2816_0.pth
Model Save Sucessfully
Epoch:1 and AverageLoss:0.10962067247360699
Test Loss: 0.0945
Epoch:2 and AverageLoss:0.0813219672038166
Test Loss: 0.0733
Epoch:3 and AverageLoss:0.06479232050940271
Test Loss: 0.0600
Epoch:4 and AverageLoss:0.05315248455759908
Test Loss: 0.0491
Epoch:5 and AverageLoss:0.04374663462508316
Test Loss: 0.0404
Epoch:6 and AverageLoss:0.03592041008605445
Test Loss: 0.0332
Epoch:7 and AverageLoss:0.029513886625578335
Test Loss: 0.0273
Epoch:8 and AverageLoss:0.024494935092631696
Test Loss: 0.0228
Epoch:9 and AverageLoss:0.02056421845966627
Test Loss: 0.0193
Epoch:10 and AverageLoss:0.017504366974862032
Test Loss: 0.0167
Model Saved Successfully to: /home/ajinkyar/ml_models/recon_models/recon_t10_stl_uni_s2816_10.pth
Model Save Sucessfully
Epoch:11 and AverageLoss:0.015084377432257429
Test Loss: 0.0143
Epoch:12 and AverageLoss:0.013165316263537022
Test Loss: 0.0126
Epoch:13 and AverageLoss:0.01166024385789825
Test Loss: 0.0112
Epoch:14 and AverageLoss:0.01049461256624161
Test Loss: 0.0102
Epoch:15 and AverageLoss:0.009589913938086758
Test Loss: 0.0093
Epoch:16 and AverageLoss:0.008765648876332239
Test Loss: 0.0086
Epoch:17 and AverageLoss:0.008114518252324529
Test Loss: 0.0079
Epoch:18 and AverageLoss:0.007499294979921119
Test Loss: 0.0073
Epoch:19 and AverageLoss:0.006946917194180375
Test Loss: 0.0068
Epoch:20 and AverageLoss:0.006536653403900872
Test Loss: 0.0064
Model Saved Successfully to: /home/ajinkyar/ml_models/recon_models/recon_t10_stl_uni_s2816_20.pth
Model Save Sucessfully
Epoch:21 and AverageLoss:0.006082091768164465
Test Loss: 0.0060
Epoch:22 and AverageLoss:0.005718590447309712
Test Loss: 0.0056
Epoch:23 and AverageLoss:0.005387785341802307
Test Loss: 0.0053
Epoch:24 and AverageLoss:0.005073506839684988
Test Loss: 0.0050
Epoch:25 and AverageLoss:0.004816992046727129
Test Loss: 0.0048
Epoch:26 and AverageLoss:0.004569790735436711
Test Loss: 0.0045
Epoch:27 and AverageLoss:0.0043531404711952635
Test Loss: 0.0043
Epoch:28 and AverageLoss:0.004155529647091912
Test Loss: 0.0041
Epoch:29 and AverageLoss:0.0039705212328059614
Test Loss: 0.0039
Epoch:30 and AverageLoss:0.0038029020113393296
Test Loss: 0.0038
Model Saved Successfully to: /home/ajinkyar/ml_models/recon_models/recon_t10_stl_uni_s2816_30.pth
Model Save Sucessfully
Epoch:31 and AverageLoss:0.003672266933174173
Test Loss: 0.0036
Epoch:32 and AverageLoss:0.0035294734816113103
Test Loss: 0.0035
Epoch:33 and AverageLoss:0.00342876102326992
Test Loss: 0.0034
Epoch:34 and AverageLoss:0.0033088771151070875
Test Loss: 0.0034
Epoch:35 and AverageLoss:0.003265594953405555
Test Loss: 0.0032
Epoch:36 and AverageLoss:0.0031475732540750243
Test Loss: 0.0032
Epoch:37 and AverageLoss:0.003069294613693679
Test Loss: 0.0031
Epoch:38 and AverageLoss:0.003005221863719827
Test Loss: 0.0030
Epoch:39 and AverageLoss:0.00293236855303961
Test Loss: 0.0029
Epoch:40 and AverageLoss:0.0028626181200639275
Test Loss: 0.0029
Model Saved Successfully to: /home/ajinkyar/ml_models/recon_models/recon_t10_stl_uni_s2816_40.pth
Model Save Sucessfully
Epoch:41 and AverageLoss:0.002815077243197694
Test Loss: 0.0028
Epoch:42 and AverageLoss:0.0027539829450778756
Test Loss: 0.0028
Epoch:43 and AverageLoss:0.0027021258450805954
Test Loss: 0.0029
Epoch:44 and AverageLoss:0.0026678016444394935
Test Loss: 0.0027
Epoch:45 and AverageLoss:0.002619564292225063
Test Loss: 0.0027
Epoch:46 and AverageLoss:0.002575036223442871
Test Loss: 0.0026
Epoch:47 and AverageLoss:0.002542882685574572
Test Loss: 0.0026
Epoch:48 and AverageLoss:0.002508209532411569
Test Loss: 0.0025
Epoch:49 and AverageLoss:0.002467350419254758
Test Loss: 0.0025
Epoch:50 and AverageLoss:0.0024371900035776504
Test Loss: 0.0025
Model Saved Successfully to: /home/ajinkyar/ml_models/recon_models/recon_t10_stl_uni_s2816_50.pth
Model Save Sucessfully
Epoch:51 and AverageLoss:0.0024124627708253443
Test Loss: 0.0024
Epoch:52 and AverageLoss:0.002372861170442775
Test Loss: 0.0024
Epoch:53 and AverageLoss:0.0023497401918034446
Test Loss: 0.0024
Epoch:54 and AverageLoss:0.002323217537977602
Test Loss: 0.0023
Epoch:55 and AverageLoss:0.002290664956768328
Test Loss: 0.0023
Epoch:56 and AverageLoss:0.0022729030691956992
Test Loss: 0.0023
Epoch:57 and AverageLoss:0.0022511213963989874
Test Loss: 0.0023
Epoch:58 and AverageLoss:0.0022196925903308737
Test Loss: 0.0022
Epoch:59 and AverageLoss:0.0021978200919356597
Test Loss: 0.0022
Epoch:60 and AverageLoss:0.002177825633172823
Test Loss: 0.0022
Model Saved Successfully to: /home/ajinkyar/ml_models/recon_models/recon_t10_stl_uni_s2816_60.pth
Model Save Sucessfully
Epoch:61 and AverageLoss:0.0021638050507022883
Test Loss: 0.0022
Epoch:62 and AverageLoss:0.002137389937213676
Test Loss: 0.0022
Epoch:63 and AverageLoss:0.0021159005457677777
Test Loss: 0.0021
Epoch:64 and AverageLoss:0.002110482375127887
Test Loss: 0.0021
Epoch:65 and AverageLoss:0.002075783411196764
Test Loss: 0.0021
Epoch:66 and AverageLoss:0.002076051473831142
Test Loss: 0.0021
Epoch:67 and AverageLoss:0.0020467163275731033
Test Loss: 0.0022
Epoch:68 and AverageLoss:0.002040122565669046
Test Loss: 0.0021
Epoch:69 and AverageLoss:0.0020140872980575733
Test Loss: 0.0021
Epoch:70 and AverageLoss:0.0020101430983675166
Test Loss: 0.0020
Model Saved Successfully to: /home/ajinkyar/ml_models/recon_models/recon_t10_stl_uni_s2816_70.pth
Model Save Sucessfully
Epoch:71 and AverageLoss:0.002013789355891472
Test Loss: 0.0020
Epoch:72 and AverageLoss:0.0019691318539567754
Test Loss: 0.0020
Epoch:73 and AverageLoss:0.001964101336717467
Test Loss: 0.0020
Epoch:74 and AverageLoss:0.0019505712163272845
Test Loss: 0.0020
Epoch:75 and AverageLoss:0.0019391174509944317
Test Loss: 0.0020
Epoch:76 and AverageLoss:0.0019286452712729758
Test Loss: 0.0019
Epoch:77 and AverageLoss:0.0019165131800773377
Test Loss: 0.0019
Epoch:78 and AverageLoss:0.0018965287462611921
Test Loss: 0.0019
Epoch:79 and AverageLoss:0.001891855933378289
Test Loss: 0.0019
Epoch:80 and AverageLoss:0.0018735794722841482
Test Loss: 0.0019
Model Saved Successfully to: /home/ajinkyar/ml_models/recon_models/recon_t10_stl_uni_s2816_80.pth
Model Save Sucessfully
Epoch:81 and AverageLoss:0.0018814336484459745
Test Loss: 0.0019
Epoch:82 and AverageLoss:0.0018471622140116004
Test Loss: 0.0019
Epoch:83 and AverageLoss:0.0018456618930309365
Test Loss: 0.0019
Epoch:84 and AverageLoss:0.001832770571412811
Test Loss: 0.0019
Epoch:85 and AverageLoss:0.0018266769092864826
Test Loss: 0.0018
Epoch:86 and AverageLoss:0.0018179294276089708
Test Loss: 0.0018
Epoch:87 and AverageLoss:0.0017985480501747514
Test Loss: 0.0018
Epoch:88 and AverageLoss:0.0017941397013939333
Test Loss: 0.0018
Epoch:89 and AverageLoss:0.0017865927902450554
Test Loss: 0.0018
Epoch:90 and AverageLoss:0.0017843870429249003
Test Loss: 0.0018
Model Saved Successfully to: /home/ajinkyar/ml_models/recon_models/recon_t10_stl_uni_s2816_90.pth
Model Save Sucessfully
Epoch:91 and AverageLoss:0.0017652440576117548
Test Loss: 0.0018
Epoch:92 and AverageLoss:0.0017604435465013808
Test Loss: 0.0018
Epoch:93 and AverageLoss:0.001748726194991907
Test Loss: 0.0018
Epoch:94 and AverageLoss:0.0017438355096315672
Test Loss: 0.0018
Epoch:95 and AverageLoss:0.001739314877310737
Test Loss: 0.0018
Epoch:96 and AverageLoss:0.001726957865219086
Test Loss: 0.0018
Epoch:97 and AverageLoss:0.0017183017883303552
Test Loss: 0.0017
Epoch:98 and AverageLoss:0.001711131671726442
Test Loss: 0.0017
Epoch:99 and AverageLoss:0.0016997377518064166
Test Loss: 0.0017
Epoch:100 and AverageLoss:0.001698481202585438
Test Loss: 0.0017
Model Saved Successfully to: /home/ajinkyar/ml_models/recon_models/recon_t10_stl_uni_s2816_100.pth
Model Save Sucessfully
Epoch:101 and AverageLoss:0.0016883089428879167
Test Loss: 0.0017
Epoch:102 and AverageLoss:0.0017085709423404034
Test Loss: 0.0017
Epoch:103 and AverageLoss:0.0016668663535282509
Test Loss: 0.0017
Epoch:104 and AverageLoss:0.0016614192339576288
Test Loss: 0.0017
Epoch:105 and AverageLoss:0.0016671792192246057
Test Loss: 0.0017
Epoch:106 and AverageLoss:0.0016579194502397017
Test Loss: 0.0017
Epoch:107 and AverageLoss:0.0016446616998508049
Test Loss: 0.0017
Epoch:108 and AverageLoss:0.0016495917032834542
Test Loss: 0.0017
Epoch:109 and AverageLoss:0.0016356502401773348
Test Loss: 0.0017
Epoch:110 and AverageLoss:0.0016321729917236996
Test Loss: 0.0016
Model Saved Successfully to: /home/ajinkyar/ml_models/recon_models/recon_t10_stl_uni_s2816_110.pth
Model Save Sucessfully
Epoch:111 and AverageLoss:0.0016212204703580095
Test Loss: 0.0017
Epoch:112 and AverageLoss:0.0016224994485301142
Test Loss: 0.0017
Epoch:113 and AverageLoss:0.0016069867684744483
Test Loss: 0.0016
Epoch:114 and AverageLoss:0.0016099805876320181
Test Loss: 0.0016
Epoch:115 and AverageLoss:0.0016025752452113627
Test Loss: 0.0016
Epoch:116 and AverageLoss:0.0015922823199503939
Test Loss: 0.0016
Epoch:117 and AverageLoss:0.0015874159842737265
Test Loss: 0.0016
Epoch:118 and AverageLoss:0.0015877969731376623
Test Loss: 0.0016
Epoch:119 and AverageLoss:0.0015789174437734553
Test Loss: 0.0016
Epoch:120 and AverageLoss:0.0015686030590075476
Test Loss: 0.0016
Model Saved Successfully to: /home/ajinkyar/ml_models/recon_models/recon_t10_stl_uni_s2816_120.pth
Model Save Sucessfully
Epoch:121 and AverageLoss:0.0015678764842854704
Test Loss: 0.0016
Epoch:122 and AverageLoss:0.0015641680147983749
Test Loss: 0.0016
Epoch:123 and AverageLoss:0.0015499054819628334
Test Loss: 0.0016
Epoch:124 and AverageLoss:0.0015589590044884582
Test Loss: 0.0016
Epoch:125 and AverageLoss:0.0015415961681942124
Test Loss: 0.0016
Epoch:126 and AverageLoss:0.0015421065909322351
Test Loss: 0.0016
Epoch:127 and AverageLoss:0.0015394019007717436
Test Loss: 0.0016
Epoch:128 and AverageLoss:0.0015262866949312358
Test Loss: 0.0015
Epoch:129 and AverageLoss:0.0015293208344393093
Test Loss: 0.0015
Epoch:130 and AverageLoss:0.001520799431557313
Test Loss: 0.0015
Model Saved Successfully to: /home/ajinkyar/ml_models/recon_models/recon_t10_stl_uni_s2816_130.pth
Model Save Sucessfully
Epoch:131 and AverageLoss:0.001519852362006464
Test Loss: 0.0015
Epoch:132 and AverageLoss:0.0015079526493829976
Test Loss: 0.0015
Epoch:133 and AverageLoss:0.0015111525481940086
Test Loss: 0.0015
Epoch:134 and AverageLoss:0.001499441916903304
Test Loss: 0.0015
Epoch:135 and AverageLoss:0.0015005458515302916
Test Loss: 0.0015
Epoch:136 and AverageLoss:0.0014983482559284673
Test Loss: 0.0015
Epoch:137 and AverageLoss:0.001484880685923652
Test Loss: 0.0015
Epoch:138 and AverageLoss:0.0015003799387707938
Test Loss: 0.0015
Epoch:139 and AverageLoss:0.0014734947907234241
Test Loss: 0.0015
Epoch:140 and AverageLoss:0.001483714501330175
Test Loss: 0.0015
Model Saved Successfully to: /home/ajinkyar/ml_models/recon_models/recon_t10_stl_uni_s2816_140.pth
Model Save Sucessfully
Epoch:141 and AverageLoss:0.0014672737733618748
Test Loss: 0.0015
Epoch:142 and AverageLoss:0.0014690834871822322
Test Loss: 0.0015
Epoch:143 and AverageLoss:0.001470321740436537
Test Loss: 0.0015
Epoch:144 and AverageLoss:0.0014602469414095433
Test Loss: 0.0016
Epoch:145 and AverageLoss:0.0014559577321652938
Test Loss: 0.0015
Epoch:146 and AverageLoss:0.0014556194435514525
Test Loss: 0.0015
Epoch:147 and AverageLoss:0.0014465770099460233
Test Loss: 0.0015
Epoch:148 and AverageLoss:0.0014444835966766604
Test Loss: 0.0015
Epoch:149 and AverageLoss:0.001454980786570371
Test Loss: 0.0015
Epoch:150 and AverageLoss:0.0014404654314054545
Test Loss: 0.0016
Model Saved Successfully to: /home/ajinkyar/ml_models/recon_models/recon_t10_stl_uni_s2816_150.pth
Model Save Sucessfully
Epoch:151 and AverageLoss:0.0014279623388905418
Test Loss: 0.0015
Epoch:152 and AverageLoss:0.0014298353381483808
Test Loss: 0.0014
Epoch:153 and AverageLoss:0.0014345317317484608
Test Loss: 0.0014
Epoch:154 and AverageLoss:0.0014226391624316788
Test Loss: 0.0014
Epoch:155 and AverageLoss:0.0014194345176518194
Test Loss: 0.0014
Epoch:156 and AverageLoss:0.0014130909807406643
Test Loss: 0.0015
Epoch:157 and AverageLoss:0.001414192119475708
Test Loss: 0.0014
Epoch:158 and AverageLoss:0.0014078041200895508
Test Loss: 0.0014
Epoch:159 and AverageLoss:0.0014061253838489325
Test Loss: 0.0014
Epoch:160 and AverageLoss:0.001404359111464236
Test Loss: 0.0014
Model Saved Successfully to: /home/ajinkyar/ml_models/recon_models/recon_t10_stl_uni_s2816_160.pth
Model Save Sucessfully
Epoch:161 and AverageLoss:0.0013935240197249434
Test Loss: 0.0015
Epoch:162 and AverageLoss:0.0013934088125728717
Test Loss: 0.0014
Epoch:163 and AverageLoss:0.0013902126698396822
Test Loss: 0.0014
Epoch:164 and AverageLoss:0.0013981285961518018
Test Loss: 0.0014
Epoch:165 and AverageLoss:0.001378060613296087
Test Loss: 0.0014
Epoch:166 and AverageLoss:0.0013966094470373163
Test Loss: 0.0014
Epoch:167 and AverageLoss:0.001371534218701865
Test Loss: 0.0014
Epoch:168 and AverageLoss:0.0014061695101867191
Test Loss: 0.0014
Epoch:169 and AverageLoss:0.0013649426559409635
Test Loss: 0.0014
Epoch:170 and AverageLoss:0.001363489604271248
Test Loss: 0.0014
Model Saved Successfully to: /home/ajinkyar/ml_models/recon_models/recon_t10_stl_uni_s2816_170.pth
Model Save Sucessfully
Epoch:171 and AverageLoss:0.0013720752789941038
Test Loss: 0.0014
Epoch:172 and AverageLoss:0.0013621216752924303
Test Loss: 0.0014
Epoch:173 and AverageLoss:0.0013632708051615234
Test Loss: 0.0014
Epoch:174 and AverageLoss:0.0013536017457617846
Test Loss: 0.0014
Epoch:175 and AverageLoss:0.0013569771049521124
Test Loss: 0.0014
Epoch:176 and AverageLoss:0.0013516353584454618
Test Loss: 0.0014
Epoch:177 and AverageLoss:0.0013516278181480983
Test Loss: 0.0015
Epoch:178 and AverageLoss:0.0013611232201628434
Test Loss: 0.0014
Epoch:179 and AverageLoss:0.00133639060440454
Test Loss: 0.0014
Epoch:180 and AverageLoss:0.0013386644819878381
Test Loss: 0.0014
Model Saved Successfully to: /home/ajinkyar/ml_models/recon_models/recon_t10_stl_uni_s2816_180.pth
Model Save Sucessfully
Epoch:181 and AverageLoss:0.0013550688477265765
Test Loss: 0.0014
Epoch:182 and AverageLoss:0.0013270914931743105
Test Loss: 0.0013
Epoch:183 and AverageLoss:0.0013319576810468141
Test Loss: 0.0014
Epoch:184 and AverageLoss:0.0013269239626266833
Test Loss: 0.0014
Epoch:185 and AverageLoss:0.0013263771016524012
Test Loss: 0.0013
Epoch:186 and AverageLoss:0.0013317176356598011
Test Loss: 0.0013
Epoch:187 and AverageLoss:0.001331392128798872
Test Loss: 0.0013
Epoch:188 and AverageLoss:0.0013109061406147936
Test Loss: 0.0013
Epoch:189 and AverageLoss:0.00131615154249863
Test Loss: 0.0013
Epoch:190 and AverageLoss:0.0013296354398725954
Test Loss: 0.0013
Model Saved Successfully to: /home/ajinkyar/ml_models/recon_models/recon_t10_stl_uni_s2816_190.pth
Model Save Sucessfully
Epoch:191 and AverageLoss:0.0013032672392331403
Test Loss: 0.0013
Epoch:192 and AverageLoss:0.001306647310718463
Test Loss: 0.0013
Epoch:193 and AverageLoss:0.001306568392916113
Test Loss: 0.0013
Epoch:194 and AverageLoss:0.001314900291497696
Test Loss: 0.0013
Epoch:195 and AverageLoss:0.001295297629582842
Test Loss: 0.0013
Epoch:196 and AverageLoss:0.0013036678962732766
Test Loss: 0.0013
Epoch:197 and AverageLoss:0.0012975766930598304
Test Loss: 0.0013
Epoch:198 and AverageLoss:0.0012902352996920967
Test Loss: 0.0014
Epoch:199 and AverageLoss:0.0012904178903896115
Test Loss: 0.0013
Model Save Sucessfully
  ✓ Saved: recon_t10_stl_uni_s2816_ReconstructionLoss.png
CUDA available: True
CUDA device count: 1
Using CUDA device: cuda:0
CUDA device name:Tesla V100-SXM2-16GB
CUDA memory allocated: 0.00 GB
Using device: cuda:0
Full dataset: 92160 samples
Class mapping (ALL classes): {'square': 0, 'rectangle': 1, 'trapezium': 2, 'triangle': 3, 'hexagon': 4, 'random': 5, 'all_in': 6, 'all_out': 7}

Initial class distribution:
  square         : 4608 samples
  rectangle      : 4608 samples
  trapezium      : 4608 samples
  triangle       : 4608 samples
  hexagon        : 4608 samples
  random         : 4605 samples
    → should_see 'square': 921
    → should_see 'rectangle': 921
    → should_see 'trapezium': 921
    → should_see 'triangle': 921
    → should_see 'hexagon': 921
  all_in         : 23040 samples
  all_out        : 23040 samples

Training set: 19345 samples
Validation set: 8300 samples
Validation class distribution:
  hexagon: 1383 samples
  random: 1385 samples
  rectangle: 1383 samples
  square: 1383 samples
  trapezium: 1383 samples
  triangle: 1383 samples

Sampling illusions to match validation random distribution:
  all_in: sampled 692 samples
  all_out: sampled 1385 samples

Test set: 11070 samples
Test set class distribution:
  all_in: 1385 samples
  all_out: 1385 samples
  hexagon: 1383 samples
  random: 1385 samples
  rectangle: 1383 samples
  square: 1383 samples
  trapezium: 1383 samples
  triangle: 1383 samples
Full dataset: 92160 samples
Class mapping (ALL classes): {'square': 0, 'rectangle': 1, 'trapezium': 2, 'triangle': 3, 'hexagon': 4, 'random': 5, 'all_in': 6, 'all_out': 7}

Initial class distribution:
  square         : 4608 samples
  rectangle      : 4608 samples
  trapezium      : 4608 samples
  triangle       : 4608 samples
  hexagon        : 4608 samples
  random         : 4605 samples
    → should_see 'square': 921
    → should_see 'rectangle': 921
    → should_see 'trapezium': 921
    → should_see 'triangle': 921
    → should_see 'hexagon': 921
  all_in         : 23040 samples
  all_out        : 23040 samples

Training set: 19345 samples
Validation set: 8300 samples
Validation class distribution:
  hexagon: 1383 samples
  random: 1385 samples
  rectangle: 1383 samples
  square: 1383 samples
  trapezium: 1383 samples
  triangle: 1383 samples

Sampling illusions to match validation random distribution:
  all_in: sampled 692 samples
  all_out: sampled 1385 samples

Test set: 11070 samples
Test set class distribution:
  all_in: 1385 samples
  all_out: 1385 samples
  hexagon: 1383 samples
  random: 1385 samples
  rectangle: 1383 samples
  square: 1383 samples
  trapezium: 1383 samples
  triangle: 1383 samples
Epoch:0 and AverageLoss:0.42119227591440206
Test Loss: 0.1150
Model Saved Successfully to: /home/ajinkyar/ml_models/recon_models/recon_t10_stl_uni_s8360_0.pth
Model Save Sucessfully
Epoch:1 and AverageLoss:0.09813286167808062
Test Loss: 0.0839
Epoch:2 and AverageLoss:0.0738805796535424
Test Loss: 0.0650
Epoch:3 and AverageLoss:0.058258496817540036
Test Loss: 0.0519
Epoch:4 and AverageLoss:0.04678575763832932
Test Loss: 0.0418
Epoch:5 and AverageLoss:0.03774620402866036
Test Loss: 0.0338
Epoch:6 and AverageLoss:0.030699606303679794
Test Loss: 0.0276
Epoch:7 and AverageLoss:0.025266098870687988
Test Loss: 0.0229
Epoch:8 and AverageLoss:0.021132776694572416
Test Loss: 0.0201
Epoch:9 and AverageLoss:0.01810615000599795
Test Loss: 0.0168
Epoch:10 and AverageLoss:0.01586463979506973
Test Loss: 0.0149
Model Saved Successfully to: /home/ajinkyar/ml_models/recon_models/recon_t10_stl_uni_s8360_10.pth
Model Save Sucessfully
Epoch:11 and AverageLoss:0.014171100144605498
Test Loss: 0.0137
Epoch:12 and AverageLoss:0.012822980222807935
Test Loss: 0.0122
Epoch:13 and AverageLoss:0.01172551201956639
Test Loss: 0.0113
Epoch:14 and AverageLoss:0.010854935224460485
Test Loss: 0.0103
Epoch:15 and AverageLoss:0.010010993221682335
Test Loss: 0.0096
Epoch:16 and AverageLoss:0.00928070197797819
Test Loss: 0.0089
Epoch:17 and AverageLoss:0.008602492349637935
Test Loss: 0.0139
Epoch:18 and AverageLoss:0.00816252767993522
Test Loss: 0.0078
Epoch:19 and AverageLoss:0.007593445752147
Test Loss: 0.0073
Epoch:20 and AverageLoss:0.007141812413946287
Test Loss: 0.0069
Model Saved Successfully to: /home/ajinkyar/ml_models/recon_models/recon_t10_stl_uni_s8360_20.pth
Model Save Sucessfully
Epoch:21 and AverageLoss:0.006727219751674281
Test Loss: 0.0065
Epoch:22 and AverageLoss:0.006342159170457278
Test Loss: 0.0061
Epoch:23 and AverageLoss:0.006005789299518609
Test Loss: 0.0058
Epoch:24 and AverageLoss:0.005744521431567163
Test Loss: 0.0055
Epoch:25 and AverageLoss:0.005464963230096604
Test Loss: 0.0053
Epoch:26 and AverageLoss:0.00526554515721923
Test Loss: 0.0051
Epoch:27 and AverageLoss:0.005037048709394087
Test Loss: 0.0049
Epoch:28 and AverageLoss:0.004874961372765074
Test Loss: 0.0047
Epoch:29 and AverageLoss:0.004679313771838461
Test Loss: 0.0046
Epoch:30 and AverageLoss:0.004534548209125777
Test Loss: 0.0044
Model Saved Successfully to: /home/ajinkyar/ml_models/recon_models/recon_t10_stl_uni_s8360_30.pth
Model Save Sucessfully
Epoch:31 and AverageLoss:0.00439309531511077
Test Loss: 0.0044
Epoch:32 and AverageLoss:0.004241523929883164
Test Loss: 0.0042
Epoch:33 and AverageLoss:0.004163164546336086
Test Loss: 0.0041
Epoch:34 and AverageLoss:0.004010779839413133
Test Loss: 0.0039
Epoch:35 and AverageLoss:0.003921171484807553
Test Loss: 0.0039
Epoch:36 and AverageLoss:0.0038235038355346924
Test Loss: 0.0037
Epoch:37 and AverageLoss:0.0037453897419570336
Test Loss: 0.0037
Epoch:38 and AverageLoss:0.0036501798563259693
Test Loss: 0.0036
Epoch:39 and AverageLoss:0.0035598438544860805
Test Loss: 0.0035
Epoch:40 and AverageLoss:0.0035049770448803285
Test Loss: 0.0034
Model Saved Successfully to: /home/ajinkyar/ml_models/recon_models/recon_t10_stl_uni_s8360_40.pth
Model Save Sucessfully
Epoch:41 and AverageLoss:0.0034020696526146994
Test Loss: 0.0034
Epoch:42 and AverageLoss:0.003372572964222809
Test Loss: 0.0033
Epoch:43 and AverageLoss:0.0032873877085079556
Test Loss: 0.0033
Epoch:44 and AverageLoss:0.003223848168368736
Test Loss: 0.0032
Epoch:45 and AverageLoss:0.003166898416378343
Test Loss: 0.0031
Epoch:46 and AverageLoss:0.003106081301696629
Test Loss: 0.0031
Epoch:47 and AverageLoss:0.003037494331144166
Test Loss: 0.0030
Epoch:48 and AverageLoss:0.002980134265174058
Test Loss: 0.0029
Epoch:49 and AverageLoss:0.0029329601656029785
Test Loss: 0.0029
Epoch:50 and AverageLoss:0.0028768495951436678
Test Loss: 0.0028
Model Saved Successfully to: /home/ajinkyar/ml_models/recon_models/recon_t10_stl_uni_s8360_50.pth
Model Save Sucessfully
Epoch:51 and AverageLoss:0.0028315018412699415
Test Loss: 0.0028
Epoch:52 and AverageLoss:0.0027778198048260742
Test Loss: 0.0027
Epoch:53 and AverageLoss:0.002744851523504231
Test Loss: 0.0027
Epoch:54 and AverageLoss:0.0027022987319356645
Test Loss: 0.0027
Epoch:55 and AverageLoss:0.002661359132015462
Test Loss: 0.0026
Epoch:56 and AverageLoss:0.00262237848975688
Test Loss: 0.0026
Epoch:57 and AverageLoss:0.0025941043219544486
Test Loss: 0.0026
Epoch:58 and AverageLoss:0.002549653742481639
Test Loss: 0.0025
Epoch:59 and AverageLoss:0.0025332078471402677
Test Loss: 0.0025
Epoch:60 and AverageLoss:0.002490006748987131
Test Loss: 0.0025
Model Saved Successfully to: /home/ajinkyar/ml_models/recon_models/recon_t10_stl_uni_s8360_60.pth
Model Save Sucessfully
Epoch:61 and AverageLoss:0.002461989784241877
Test Loss: 0.0024
Epoch:62 and AverageLoss:0.0024326977455672956
Test Loss: 0.0024
Epoch:63 and AverageLoss:0.0024120287314511467
Test Loss: 0.0024
Epoch:64 and AverageLoss:0.0023801595012056987
Test Loss: 0.0023
Epoch:65 and AverageLoss:0.002356937501246633
Test Loss: 0.0023
Epoch:66 and AverageLoss:0.002326542078873358
Test Loss: 0.0023
Epoch:67 and AverageLoss:0.0023045574475083624
Test Loss: 0.0023
Epoch:68 and AverageLoss:0.0022875124911877734
Test Loss: 0.0022
Epoch:69 and AverageLoss:0.00225533789224838
Test Loss: 0.0022
Epoch:70 and AverageLoss:0.002239170335358286
Test Loss: 0.0022
Model Saved Successfully to: /home/ajinkyar/ml_models/recon_models/recon_t10_stl_uni_s8360_70.pth
Model Save Sucessfully
Epoch:71 and AverageLoss:0.0022167186447600105
Test Loss: 0.0022
Epoch:72 and AverageLoss:0.002214690660990482
Test Loss: 0.0022
Epoch:73 and AverageLoss:0.0021788956884156207
Test Loss: 0.0022
Epoch:74 and AverageLoss:0.0021594242476146237
Test Loss: 0.0021
Epoch:75 and AverageLoss:0.0021425763078703553
Test Loss: 0.0021
Epoch:76 and AverageLoss:0.002132795185855136
Test Loss: 0.0021
Epoch:77 and AverageLoss:0.0021107082793004194
Test Loss: 0.0021
Epoch:78 and AverageLoss:0.0021006688783484057
Test Loss: 0.0025
Epoch:79 and AverageLoss:0.002087953407124978
Test Loss: 0.0021
Epoch:80 and AverageLoss:0.002057549524917614
Test Loss: 0.0020
Model Saved Successfully to: /home/ajinkyar/ml_models/recon_models/recon_t10_stl_uni_s8360_80.pth
Model Save Sucessfully
Epoch:81 and AverageLoss:0.002053899126712325
Test Loss: 0.0020
Epoch:82 and AverageLoss:0.0020377285920914786
Test Loss: 0.0024
Epoch:83 and AverageLoss:0.002032407870937585
Test Loss: 0.0020
Epoch:84 and AverageLoss:0.0020087515675051
Test Loss: 0.0020
Epoch:85 and AverageLoss:0.0020090007201060346
Test Loss: 0.0020
Epoch:86 and AverageLoss:0.0019796020024232873
Test Loss: 0.0020
Epoch:87 and AverageLoss:0.001982197720145668
Test Loss: 0.0019
Epoch:88 and AverageLoss:0.001958229004170684
Test Loss: 0.0019
Epoch:89 and AverageLoss:0.0019516053839013258
Test Loss: 0.0019
Epoch:90 and AverageLoss:0.0019363978955113474
Test Loss: 0.0019
Model Saved Successfully to: /home/ajinkyar/ml_models/recon_models/recon_t10_stl_uni_s8360_90.pth
Model Save Sucessfully
Epoch:91 and AverageLoss:0.0019314567352094773
Test Loss: 0.0019
Epoch:92 and AverageLoss:0.0019094695987503145
Test Loss: 0.0019
Epoch:93 and AverageLoss:0.001916112717383441
Test Loss: 0.0019
Epoch:94 and AverageLoss:0.001895266738508574
Test Loss: 0.0019
Epoch:95 and AverageLoss:0.0018829649144952948
Test Loss: 0.0019
Epoch:96 and AverageLoss:0.001874879258973447
Test Loss: 0.0019
Epoch:97 and AverageLoss:0.0018603495429924204
Test Loss: 0.0018
Epoch:98 and AverageLoss:0.0018903218488274373
Test Loss: 0.0018
Epoch:99 and AverageLoss:0.001838120552258997
Test Loss: 0.0018
Epoch:100 and AverageLoss:0.001842791438756957
Test Loss: 0.0018
Model Saved Successfully to: /home/ajinkyar/ml_models/recon_models/recon_t10_stl_uni_s8360_100.pth
Model Save Sucessfully
Epoch:101 and AverageLoss:0.0018211411832242989
Test Loss: 0.0018
Epoch:102 and AverageLoss:0.0018293490305770004
Test Loss: 0.0018
Epoch:103 and AverageLoss:0.0018061376333117392
Test Loss: 0.0018
Epoch:104 and AverageLoss:0.0018019986452923488
Test Loss: 0.0018
Epoch:105 and AverageLoss:0.0017995577120830204
Test Loss: 0.0018
Epoch:106 and AverageLoss:0.001778719223475792
Test Loss: 0.0018
Epoch:107 and AverageLoss:0.0017765094891713917
Test Loss: 0.0018
Epoch:108 and AverageLoss:0.0017774937597915437
Test Loss: 0.0017
Epoch:109 and AverageLoss:0.0017536094942330266
Test Loss: 0.0017
Epoch:110 and AverageLoss:0.0017475554229372204
Test Loss: 0.0017
Model Saved Successfully to: /home/ajinkyar/ml_models/recon_models/recon_t10_stl_uni_s8360_110.pth
Model Save Sucessfully
Epoch:111 and AverageLoss:0.0017473666636708138
Test Loss: 0.0017
Epoch:112 and AverageLoss:0.0017380353192267709
Test Loss: 0.0017
Epoch:113 and AverageLoss:0.0017214004849449324
Test Loss: 0.0017
Epoch:114 and AverageLoss:0.0017309358626342386
Test Loss: 0.0017
Epoch:115 and AverageLoss:0.0017076394672713372
Test Loss: 0.0017
Epoch:116 and AverageLoss:0.0017001018032031365
Test Loss: 0.0017
Epoch:117 and AverageLoss:0.0017095632764052846
Test Loss: 0.0017
Epoch:118 and AverageLoss:0.0016847510313642141
Test Loss: 0.0017
Epoch:119 and AverageLoss:0.0016829252023199835
Test Loss: 0.0017
Epoch:120 and AverageLoss:0.0016827316786843728
Test Loss: 0.0017
Model Saved Successfully to: /home/ajinkyar/ml_models/recon_models/recon_t10_stl_uni_s8360_120.pth
Model Save Sucessfully
Epoch:121 and AverageLoss:0.0016713188518577616
Test Loss: 0.0017
Epoch:122 and AverageLoss:0.0016631627044532726
Test Loss: 0.0016
Epoch:123 and AverageLoss:0.0016543909699044167
Test Loss: 0.0016
Epoch:124 and AverageLoss:0.0016522416628489255
Test Loss: 0.0016
Epoch:125 and AverageLoss:0.0016433295985291258
Test Loss: 0.0016
Epoch:126 and AverageLoss:0.0016527402245733996
Test Loss: 0.0016
Epoch:127 and AverageLoss:0.0016255581649001073
Test Loss: 0.0016
Epoch:128 and AverageLoss:0.00164826882980025
Test Loss: 0.0016
Epoch:129 and AverageLoss:0.0016133663564928122
Test Loss: 0.0016
Epoch:130 and AverageLoss:0.0016112336059089381
Test Loss: 0.0016
Model Saved Successfully to: /home/ajinkyar/ml_models/recon_models/recon_t10_stl_uni_s8360_130.pth
Model Save Sucessfully
Epoch:131 and AverageLoss:0.0016116612725063759
Test Loss: 0.0016
Epoch:132 and AverageLoss:0.0016042936669300842
Test Loss: 0.0016
Epoch:133 and AverageLoss:0.0015970019605357107
Test Loss: 0.0016
Epoch:134 and AverageLoss:0.0015907802975982858
Test Loss: 0.0016
Epoch:135 and AverageLoss:0.001595507394657124
Test Loss: 0.0016
Epoch:136 and AverageLoss:0.0015734696009365673
Test Loss: 0.0016
Epoch:137 and AverageLoss:0.0015822150674744794
Test Loss: 0.0016
Epoch:138 and AverageLoss:0.0015686964808601486
Test Loss: 0.0016
Epoch:139 and AverageLoss:0.0015612067012520398
Test Loss: 0.0015
Epoch:140 and AverageLoss:0.0015647254962654984
Test Loss: 0.0015
Model Saved Successfully to: /home/ajinkyar/ml_models/recon_models/recon_t10_stl_uni_s8360_140.pth
Model Save Sucessfully
Epoch:141 and AverageLoss:0.0015679300148886714
Test Loss: 0.0015
Epoch:142 and AverageLoss:0.001541871601794577
Test Loss: 0.0015
Epoch:143 and AverageLoss:0.0015412802548938592
Test Loss: 0.0015
Epoch:144 and AverageLoss:0.001541740622771673
Test Loss: 0.0015
Epoch:145 and AverageLoss:0.0015368606560394046
Test Loss: 0.0015
Epoch:146 and AverageLoss:0.0015299929633509552
Test Loss: 0.0015
Epoch:147 and AverageLoss:0.0015213886140711022
Test Loss: 0.0015
Epoch:148 and AverageLoss:0.001527499512640359
Test Loss: 0.0015
Epoch:149 and AverageLoss:0.0015167496951243047
Test Loss: 0.0015
Epoch:150 and AverageLoss:0.0015055338297932108
Test Loss: 0.0015
Model Saved Successfully to: /home/ajinkyar/ml_models/recon_models/recon_t10_stl_uni_s8360_150.pth
Model Save Sucessfully
Epoch:151 and AverageLoss:0.0015017952335120972
Test Loss: 0.0015
Epoch:152 and AverageLoss:0.0015196710000438076
Test Loss: 0.0015
Epoch:153 and AverageLoss:0.00148872378684411
Test Loss: 0.0015
Epoch:154 and AverageLoss:0.0014918613945584251
Test Loss: 0.0015
Epoch:155 and AverageLoss:0.001486717539546965
Test Loss: 0.0015
Epoch:156 and AverageLoss:0.0014830155406110681
Test Loss: 0.0015
Epoch:157 and AverageLoss:0.0014847766952916272
Test Loss: 0.0015
Epoch:158 and AverageLoss:0.0014718728586656142
Test Loss: 0.0015
Epoch:159 and AverageLoss:0.0014680898147019412
Test Loss: 0.0015
Epoch:160 and AverageLoss:0.0014627767800861461
Test Loss: 0.0014
Model Saved Successfully to: /home/ajinkyar/ml_models/recon_models/recon_t10_stl_uni_s8360_160.pth
Model Save Sucessfully
Epoch:161 and AverageLoss:0.0014619397370852839
Test Loss: 0.0014
Epoch:162 and AverageLoss:0.0014555848846770053
Test Loss: 0.0014
Epoch:163 and AverageLoss:0.0014523747033143247
Test Loss: 0.0014
Epoch:164 and AverageLoss:0.0014504224136770002
Test Loss: 0.0015
Epoch:165 and AverageLoss:0.001445392906412767
Test Loss: 0.0014
Epoch:166 and AverageLoss:0.0014322615041703463
Test Loss: 0.0014
Epoch:167 and AverageLoss:0.0014356136846852543
Test Loss: 0.0014
Epoch:168 and AverageLoss:0.001428072226535883
Test Loss: 0.0014
Epoch:169 and AverageLoss:0.0014334376876132778
Test Loss: 0.0014
Epoch:170 and AverageLoss:0.0014168211601218517
Test Loss: 0.0014
Model Saved Successfully to: /home/ajinkyar/ml_models/recon_models/recon_t10_stl_uni_s8360_170.pth
Model Save Sucessfully
Epoch:171 and AverageLoss:0.0014188610475985642
Test Loss: 0.0014
Epoch:172 and AverageLoss:0.001421188500162391
Test Loss: 0.0014
Epoch:173 and AverageLoss:0.0014082407479007028
Test Loss: 0.0014
Epoch:174 and AverageLoss:0.00140827906056796
Test Loss: 0.0014
Epoch:175 and AverageLoss:0.0013973189795424407
Test Loss: 0.0014
Epoch:176 and AverageLoss:0.0014035366927773868
Test Loss: 0.0014
Epoch:177 and AverageLoss:0.001398227086280134
Test Loss: 0.0014
Epoch:178 and AverageLoss:0.0013865647989773568
Test Loss: 0.0014
Epoch:179 and AverageLoss:0.00138531006357444
Test Loss: 0.0014
Epoch:180 and AverageLoss:0.0013821116434063856
Test Loss: 0.0014
Model Saved Successfully to: /home/ajinkyar/ml_models/recon_models/recon_t10_stl_uni_s8360_180.pth
Model Save Sucessfully
Epoch:181 and AverageLoss:0.0013838397601882981
Test Loss: 0.0014
Epoch:182 and AverageLoss:0.0013730000405791716
Test Loss: 0.0014
Epoch:183 and AverageLoss:0.0013747092788367462
Test Loss: 0.0014
Epoch:184 and AverageLoss:0.0013640871490852152
Test Loss: 0.0014
Epoch:185 and AverageLoss:0.0013696571237413397
Test Loss: 0.0013
Epoch:186 and AverageLoss:0.0013564054727696713
Test Loss: 0.0013
Epoch:187 and AverageLoss:0.0013593059087995717
Test Loss: 0.0013
Epoch:188 and AverageLoss:0.0013549755936419238
Test Loss: 0.0013
Epoch:189 and AverageLoss:0.0013470604497658413
Test Loss: 0.0013
Epoch:190 and AverageLoss:0.0013457771588149597
Test Loss: 0.0013
Model Saved Successfully to: /home/ajinkyar/ml_models/recon_models/recon_t10_stl_uni_s8360_190.pth
Model Save Sucessfully
Epoch:191 and AverageLoss:0.0013467021893097996
Test Loss: 0.0013
Epoch:192 and AverageLoss:0.0013388596688712802
Test Loss: 0.0013
Epoch:193 and AverageLoss:0.0013399534600917712
Test Loss: 0.0013
Epoch:194 and AverageLoss:0.0013265631180631827
Test Loss: 0.0013
Epoch:195 and AverageLoss:0.001331045668743443
Test Loss: 0.0013
Epoch:196 and AverageLoss:0.0013446255760461723
Test Loss: 0.0013
Epoch:197 and AverageLoss:0.0013162684317799438
Test Loss: 0.0013
Epoch:198 and AverageLoss:0.0013135960255845735
Test Loss: 0.0013
Epoch:199 and AverageLoss:0.0013222351712598042
Test Loss: 0.0013
Model Save Sucessfully
  ✓ Saved: recon_t10_stl_uni_s8360_ReconstructionLoss.png
Batch 1 completed at Wed Jan 21 14:47:05 IST 2026
---
Started recon_t10_stl_uni_s6534 on GPU 0 (PID: 32019)
CUDA available: True
CUDA device count: 1
Using CUDA device: cuda:0
CUDA device name:Tesla V100-SXM2-16GB
CUDA memory allocated: 0.00 GB
Using device: cuda:0
Full dataset: 92160 samples
Class mapping (ALL classes): {'square': 0, 'rectangle': 1, 'trapezium': 2, 'triangle': 3, 'hexagon': 4, 'random': 5, 'all_in': 6, 'all_out': 7}

Initial class distribution:
  square         : 4608 samples
  rectangle      : 4608 samples
  trapezium      : 4608 samples
  triangle       : 4608 samples
  hexagon        : 4608 samples
  random         : 4605 samples
    → should_see 'square': 921
    → should_see 'rectangle': 921
    → should_see 'trapezium': 921
    → should_see 'triangle': 921
    → should_see 'hexagon': 921
  all_in         : 23040 samples
  all_out        : 23040 samples

Training set: 19345 samples
Validation set: 8300 samples
Validation class distribution:
  hexagon: 1383 samples
  random: 1385 samples
  rectangle: 1383 samples
  square: 1383 samples
  trapezium: 1383 samples
  triangle: 1383 samples

Sampling illusions to match validation random distribution:
  all_in: sampled 692 samples
  all_out: sampled 1385 samples

Test set: 11070 samples
Test set class distribution:
  all_in: 1385 samples
  all_out: 1385 samples
  hexagon: 1383 samples
  random: 1385 samples
  rectangle: 1383 samples
  square: 1383 samples
  trapezium: 1383 samples
  triangle: 1383 samples
Full dataset: 92160 samples
Class mapping (ALL classes): {'square': 0, 'rectangle': 1, 'trapezium': 2, 'triangle': 3, 'hexagon': 4, 'random': 5, 'all_in': 6, 'all_out': 7}

Initial class distribution:
  square         : 4608 samples
  rectangle      : 4608 samples
  trapezium      : 4608 samples
  triangle       : 4608 samples
  hexagon        : 4608 samples
  random         : 4605 samples
    → should_see 'square': 921
    → should_see 'rectangle': 921
    → should_see 'trapezium': 921
    → should_see 'triangle': 921
    → should_see 'hexagon': 921
  all_in         : 23040 samples
  all_out        : 23040 samples

Training set: 19345 samples
Validation set: 8300 samples
Validation class distribution:
  hexagon: 1383 samples
  random: 1385 samples
  rectangle: 1383 samples
  square: 1383 samples
  trapezium: 1383 samples
  triangle: 1383 samples

Sampling illusions to match validation random distribution:
  all_in: sampled 692 samples
  all_out: sampled 1385 samples

Test set: 11070 samples
Test set class distribution:
  all_in: 1385 samples
  all_out: 1385 samples
  hexagon: 1383 samples
  random: 1385 samples
  rectangle: 1383 samples
  square: 1383 samples
  trapezium: 1383 samples
  triangle: 1383 samples
Epoch:0 and AverageLoss:0.36644607411374236
Test Loss: 0.0953
Model Saved Successfully to: /home/ajinkyar/ml_models/recon_models/recon_t10_stl_uni_s6534_0.pth
Model Save Sucessfully
Epoch:1 and AverageLoss:0.08025561596366985
Test Loss: 0.0676
Epoch:2 and AverageLoss:0.060592538423158905
Test Loss: 0.0539
Epoch:3 and AverageLoss:0.04937325063169249
Test Loss: 0.0445
Epoch:4 and AverageLoss:0.04094340398230336
Test Loss: 0.0371
Epoch:5 and AverageLoss:0.03427987738535547
Test Loss: 0.0313
Epoch:6 and AverageLoss:0.02911855806481124
Test Loss: 0.0268
Epoch:7 and AverageLoss:0.02512978228224703
Test Loss: 0.0234
Epoch:8 and AverageLoss:0.02196431183256209
Test Loss: 0.0206
Epoch:9 and AverageLoss:0.019347037215647865
Test Loss: 0.0181
Epoch:10 and AverageLoss:0.01711356263677012
Test Loss: 0.0161
Model Saved Successfully to: /home/ajinkyar/ml_models/recon_models/recon_t10_stl_uni_s6534_10.pth
Model Save Sucessfully
Epoch:11 and AverageLoss:0.015172565469425942
Test Loss: 0.0143
Epoch:12 and AverageLoss:0.013490774470558468
Test Loss: 0.0127
Epoch:13 and AverageLoss:0.01205706127057206
Test Loss: 0.0114
Epoch:14 and AverageLoss:0.010852644417227116
Test Loss: 0.0103
Epoch:15 and AverageLoss:0.009796315974417366
Test Loss: 0.0093
Epoch:16 and AverageLoss:0.008897902829811162
Test Loss: 0.0085
Epoch:17 and AverageLoss:0.008085290592525555
Test Loss: 0.0077
Epoch:18 and AverageLoss:0.007416443550990017
Test Loss: 0.0071
Epoch:19 and AverageLoss:0.006856899966354951
Test Loss: 0.0066
Epoch:20 and AverageLoss:0.006362301023284451
Test Loss: 0.0061
Model Saved Successfully to: /home/ajinkyar/ml_models/recon_models/recon_t10_stl_uni_s6534_20.pth
Model Save Sucessfully
Epoch:21 and AverageLoss:0.0059661363724865454
Test Loss: 0.0058
Epoch:22 and AverageLoss:0.005587548141614033
Test Loss: 0.0054
Epoch:23 and AverageLoss:0.005278886724475094
Test Loss: 0.0051
Epoch:24 and AverageLoss:0.005002816305842158
Test Loss: 0.0049
Epoch:25 and AverageLoss:0.004762050791928344
Test Loss: 0.0047
Epoch:26 and AverageLoss:0.004548489747757538
Test Loss: 0.0044
Epoch:27 and AverageLoss:0.004352164525954314
Test Loss: 0.0043
Epoch:28 and AverageLoss:0.004202157512984492
Test Loss: 0.0041
Epoch:29 and AverageLoss:0.004043700505906239
Test Loss: 0.0040
Epoch:30 and AverageLoss:0.003994142290297126
Test Loss: 0.0039
Model Saved Successfully to: /home/ajinkyar/ml_models/recon_models/recon_t10_stl_uni_s6534_30.pth
Model Save Sucessfully
Epoch:31 and AverageLoss:0.003808110459776949
Test Loss: 0.0038
Epoch:32 and AverageLoss:0.003719838664189658
Test Loss: 0.0037
Epoch:33 and AverageLoss:0.0036270458300305484
Test Loss: 0.0036
Epoch:34 and AverageLoss:0.003542185843294902
Test Loss: 0.0035
Epoch:35 and AverageLoss:0.003434639581390618
Test Loss: 0.0034
Epoch:36 and AverageLoss:0.003366313962273546
Test Loss: 0.0033
Epoch:37 and AverageLoss:0.0032851965780454602
Test Loss: 0.0033
Epoch:38 and AverageLoss:0.0032074003978747843
Test Loss: 0.0032
Epoch:39 and AverageLoss:0.0031462699667481353
Test Loss: 0.0031
Epoch:40 and AverageLoss:0.003085428484222921
Test Loss: 0.0031
Model Saved Successfully to: /home/ajinkyar/ml_models/recon_models/recon_t10_stl_uni_s6534_40.pth
Model Save Sucessfully
Epoch:41 and AverageLoss:0.0030154315252068705
Test Loss: 0.0030
Epoch:42 and AverageLoss:0.003009463020375245
Test Loss: 0.0029
Epoch:43 and AverageLoss:0.0029127735426660996
Test Loss: 0.0029
Epoch:44 and AverageLoss:0.002872489441343976
Test Loss: 0.0029
Epoch:45 and AverageLoss:0.0028313694395267304
Test Loss: 0.0028
Epoch:46 and AverageLoss:0.0027856489177793264
Test Loss: 0.0028
Epoch:47 and AverageLoss:0.0027384560897730846
Test Loss: 0.0027
Epoch:48 and AverageLoss:0.0026940896422582993
Test Loss: 0.0027
Epoch:49 and AverageLoss:0.002659706246109741
Test Loss: 0.0026
Epoch:50 and AverageLoss:0.002623253020896646
Test Loss: 0.0026
Model Saved Successfully to: /home/ajinkyar/ml_models/recon_models/recon_t10_stl_uni_s6534_50.pth
Model Save Sucessfully
Epoch:51 and AverageLoss:0.002584040776368477
Test Loss: 0.0026
Epoch:52 and AverageLoss:0.0025406944282133563
Test Loss: 0.0025
Epoch:53 and AverageLoss:0.0025103106072041676
Test Loss: 0.0025
Epoch:54 and AverageLoss:0.0024746537770429424
Test Loss: 0.0025
Epoch:55 and AverageLoss:0.002470236402947825
Test Loss: 0.0024
Epoch:56 and AverageLoss:0.002413782865975114
Test Loss: 0.0024
Epoch:57 and AverageLoss:0.002387389564003472
Test Loss: 0.0024
Epoch:58 and AverageLoss:0.0023668792872297124
Test Loss: 0.0024
Epoch:59 and AverageLoss:0.0023457366775448073
Test Loss: 0.0023
Epoch:60 and AverageLoss:0.002305994861160813
Test Loss: 0.0023
Model Saved Successfully to: /home/ajinkyar/ml_models/recon_models/recon_t10_stl_uni_s6534_60.pth
Model Save Sucessfully
Epoch:61 and AverageLoss:0.0023017591151720577
Test Loss: 0.0023
Epoch:62 and AverageLoss:0.0022546945022869362
Test Loss: 0.0023
Epoch:63 and AverageLoss:0.0022406148719928453
Test Loss: 0.0022
Epoch:64 and AverageLoss:0.0022288246461756003
Test Loss: 0.0022
Epoch:65 and AverageLoss:0.00218909655044371
Test Loss: 0.0022
Epoch:66 and AverageLoss:0.00218189880684834
Test Loss: 0.0022
Epoch:67 and AverageLoss:0.002151329234609965
Test Loss: 0.0021
Epoch:68 and AverageLoss:0.0021345604702730256
Test Loss: 0.0021
Epoch:69 and AverageLoss:0.0021117872054388456
Test Loss: 0.0021
Epoch:70 and AverageLoss:0.0020968300556910248
Test Loss: 0.0021
Model Saved Successfully to: /home/ajinkyar/ml_models/recon_models/recon_t10_stl_uni_s6534_70.pth
Model Save Sucessfully
Epoch:71 and AverageLoss:0.0020872192146556743
Test Loss: 0.0021
Epoch:72 and AverageLoss:0.0020476680673266307
Test Loss: 0.0021
Epoch:73 and AverageLoss:0.0020379607706650137
Test Loss: 0.0020
Epoch:74 and AverageLoss:0.0020162008336191027
Test Loss: 0.0020
Epoch:75 and AverageLoss:0.002009432580541388
Test Loss: 0.0020
Epoch:76 and AverageLoss:0.0019853349531181
Test Loss: 0.0020
Epoch:77 and AverageLoss:0.0019680545432012035
Test Loss: 0.0020
Epoch:78 and AverageLoss:0.001954450096438585
Test Loss: 0.0019
Epoch:79 and AverageLoss:0.0019407037920741873
Test Loss: 0.0019
Epoch:80 and AverageLoss:0.0019260860877573368
Test Loss: 0.0019
Model Saved Successfully to: /home/ajinkyar/ml_models/recon_models/recon_t10_stl_uni_s6534_80.pth
Model Save Sucessfully
Epoch:81 and AverageLoss:0.001909322434149236
Test Loss: 0.0019
Epoch:82 and AverageLoss:0.0018912788080282447
Test Loss: 0.0019
Epoch:83 and AverageLoss:0.0018889279150950515
Test Loss: 0.0019
Epoch:84 and AverageLoss:0.00188548892037943
Test Loss: 0.0019
Epoch:85 and AverageLoss:0.0018533982037304908
Test Loss: 0.0018
Epoch:86 and AverageLoss:0.0018857584605743909
Test Loss: 0.0018
Epoch:87 and AverageLoss:0.0018284827403912767
Test Loss: 0.0018
Epoch:88 and AverageLoss:0.0018196617003457143
Test Loss: 0.0018
Epoch:89 and AverageLoss:0.0018126877507749052
Test Loss: 0.0018
Epoch:90 and AverageLoss:0.0018111019357288456
Test Loss: 0.0018
Model Saved Successfully to: /home/ajinkyar/ml_models/recon_models/recon_t10_stl_uni_s6534_90.pth
Model Save Sucessfully
Epoch:91 and AverageLoss:0.001791051762613414
Test Loss: 0.0018
Epoch:92 and AverageLoss:0.001781678229641585
Test Loss: 0.0018
Epoch:93 and AverageLoss:0.0017722882633482314
Test Loss: 0.0018
Epoch:94 and AverageLoss:0.001761595231013311
Test Loss: 0.0018
Epoch:95 and AverageLoss:0.0017527249677314553
Test Loss: 0.0018
Epoch:96 and AverageLoss:0.0017414059172950161
Test Loss: 0.0017
Epoch:97 and AverageLoss:0.001747544340150477
Test Loss: 0.0018
Epoch:98 and AverageLoss:0.0017150641375217465
Test Loss: 0.0017
Epoch:99 and AverageLoss:0.0017060228562836867
Test Loss: 0.0018
Epoch:100 and AverageLoss:0.0017293104057658217
Test Loss: 0.0017
Model Saved Successfully to: /home/ajinkyar/ml_models/recon_models/recon_t10_stl_uni_s6534_100.pth
Model Save Sucessfully
Epoch:101 and AverageLoss:0.0016899467215003555
Test Loss: 0.0017
Epoch:102 and AverageLoss:0.0016850351561861466
Test Loss: 0.0017
Epoch:103 and AverageLoss:0.0016786264191181515
Test Loss: 0.0018
Epoch:104 and AverageLoss:0.001670192812871542
Test Loss: 0.0017
Epoch:105 and AverageLoss:0.001661304035945603
Test Loss: 0.0017
Epoch:106 and AverageLoss:0.0016508917228033966
Test Loss: 0.0016
Epoch:107 and AverageLoss:0.001645697272105589
Test Loss: 0.0016
Epoch:108 and AverageLoss:0.0016444856601609457
Test Loss: 0.0016
Epoch:109 and AverageLoss:0.0016252126026136632
Test Loss: 0.0016
Epoch:110 and AverageLoss:0.001621742274617961
Test Loss: 0.0016
Model Saved Successfully to: /home/ajinkyar/ml_models/recon_models/recon_t10_stl_uni_s6534_110.pth
Model Save Sucessfully
Epoch:111 and AverageLoss:0.001618660505608971
Test Loss: 0.0016
Epoch:112 and AverageLoss:0.00160187071195057
Test Loss: 0.0016
Epoch:113 and AverageLoss:0.0015987823512847727
Test Loss: 0.0016
Epoch:114 and AverageLoss:0.0015881700645208605
Test Loss: 0.0016
Epoch:115 and AverageLoss:0.0015878654477159563
Test Loss: 0.0016
Epoch:116 and AverageLoss:0.0015687921669186007
Test Loss: 0.0016
Epoch:117 and AverageLoss:0.0015714082456567164
Test Loss: 0.0016
Epoch:118 and AverageLoss:0.0015619450435427225
Test Loss: 0.0016
Epoch:119 and AverageLoss:0.0015652124298070674
Test Loss: 0.0015
Epoch:120 and AverageLoss:0.0015393754682399732
Test Loss: 0.0015
Model Saved Successfully to: /home/ajinkyar/ml_models/recon_models/recon_t10_stl_uni_s6534_120.pth
Model Save Sucessfully
Epoch:121 and AverageLoss:0.001550067245622535
Test Loss: 0.0015
Epoch:122 and AverageLoss:0.0015297826741050452
Test Loss: 0.0015
Epoch:123 and AverageLoss:0.0015229269523512232
Test Loss: 0.0015
Epoch:124 and AverageLoss:0.0015315440423740458
Test Loss: 0.0015
Epoch:125 and AverageLoss:0.001508479499188829
Test Loss: 0.0015
Epoch:126 and AverageLoss:0.0015226141008459924
Test Loss: 0.0015
Epoch:127 and AverageLoss:0.0014959234183400192
Test Loss: 0.0015
Epoch:128 and AverageLoss:0.0014980858965624848
Test Loss: 0.0015
Epoch:129 and AverageLoss:0.0014900693216280288
Test Loss: 0.0015
Epoch:130 and AverageLoss:0.0014857317352030535
Test Loss: 0.0015
Model Saved Successfully to: /home/ajinkyar/ml_models/recon_models/recon_t10_stl_uni_s6534_130.pth
Model Save Sucessfully
Epoch:131 and AverageLoss:0.0014777172248366035
Test Loss: 0.0015
Epoch:132 and AverageLoss:0.0014797774355662294
Test Loss: 0.0015
Epoch:133 and AverageLoss:0.001460048529893845
Test Loss: 0.0015
Epoch:134 and AverageLoss:0.0014655271259786885
Test Loss: 0.0015
Epoch:135 and AverageLoss:0.0014553091311750334
Test Loss: 0.0015
Epoch:136 and AverageLoss:0.001447587837931731
Test Loss: 0.0014
Epoch:137 and AverageLoss:0.0014386732332804819
Test Loss: 0.0014
Epoch:138 and AverageLoss:0.0014469994431455843
Test Loss: 0.0014
Epoch:139 and AverageLoss:0.0014324926763767192
Test Loss: 0.0014
Epoch:140 and AverageLoss:0.0014233174122877665
Test Loss: 0.0014
Model Saved Successfully to: /home/ajinkyar/ml_models/recon_models/recon_t10_stl_uni_s6534_140.pth
Model Save Sucessfully
Epoch:141 and AverageLoss:0.0014276944366880223
Test Loss: 0.0014
Epoch:142 and AverageLoss:0.0014102002370078887
Test Loss: 0.0014
Epoch:143 and AverageLoss:0.0014082605161363536
Test Loss: 0.0016
Epoch:144 and AverageLoss:0.0014098564247997125
Test Loss: 0.0014
Epoch:145 and AverageLoss:0.0014032751813911918
Test Loss: 0.0014
Epoch:146 and AverageLoss:0.001387828120250786
Test Loss: 0.0014
Epoch:147 and AverageLoss:0.0013942913064965978
Test Loss: 0.0014
Epoch:148 and AverageLoss:0.0013811936932000186
Test Loss: 0.0014
Epoch:149 and AverageLoss:0.0013770640214129683
Test Loss: 0.0014
Epoch:150 and AverageLoss:0.0013738889065580751
Test Loss: 0.0014
Model Saved Successfully to: /home/ajinkyar/ml_models/recon_models/recon_t10_stl_uni_s6534_150.pth
Model Save Sucessfully
Epoch:151 and AverageLoss:0.0013677215452348305
Test Loss: 0.0014
Epoch:152 and AverageLoss:0.0013628388730489672
Test Loss: 0.0014
Epoch:153 and AverageLoss:0.0013533845409887558
Test Loss: 0.0014
Epoch:154 and AverageLoss:0.001364955016289653
Test Loss: 0.0013
Epoch:155 and AverageLoss:0.0013597210709723328
Test Loss: 0.0013
Epoch:156 and AverageLoss:0.0013376584397782841
Test Loss: 0.0013
Epoch:157 and AverageLoss:0.0013342085396649685
Test Loss: 0.0014
Epoch:158 and AverageLoss:0.0013380063224337564
Test Loss: 0.0013
Epoch:159 and AverageLoss:0.0013331426236603394
Test Loss: 0.0013
Epoch:160 and AverageLoss:0.001318928615689424
Test Loss: 0.0013
Model Saved Successfully to: /home/ajinkyar/ml_models/recon_models/recon_t10_stl_uni_s6534_160.pth
Model Save Sucessfully
Epoch:161 and AverageLoss:0.0013213546662581776
Test Loss: 0.0013
Epoch:162 and AverageLoss:0.001321792297790689
Test Loss: 0.0013
Epoch:163 and AverageLoss:0.0013075063319218706
Test Loss: 0.0013
Epoch:164 and AverageLoss:0.0013054464070592076
Test Loss: 0.0013
Epoch:165 and AverageLoss:0.0013142921769421947
Test Loss: 0.0013
Epoch:166 and AverageLoss:0.0012911886102106222
Test Loss: 0.0013
Epoch:167 and AverageLoss:0.001292245706191194
Test Loss: 0.0013
Epoch:168 and AverageLoss:0.0012946927638326133
Test Loss: 0.0013
Epoch:169 and AverageLoss:0.0012840121448827015
Test Loss: 0.0013
Epoch:170 and AverageLoss:0.0012940482409865295
Test Loss: 0.0013
Model Saved Successfully to: /home/ajinkyar/ml_models/recon_models/recon_t10_stl_uni_s6534_170.pth
Model Save Sucessfully
Epoch:171 and AverageLoss:0.001272488275758368
Test Loss: 0.0013
Epoch:172 and AverageLoss:0.0012781057362002129
Test Loss: 0.0013
Epoch:173 and AverageLoss:0.0012629003897078397
Test Loss: 0.0013
Epoch:174 and AverageLoss:0.0012652225904734343
Test Loss: 0.0013
Epoch:175 and AverageLoss:0.0012804843316505056
Test Loss: 0.0013
Epoch:176 and AverageLoss:0.0012502791736446212
Test Loss: 0.0013
Epoch:177 and AverageLoss:0.0012521473293997008
Test Loss: 0.0013
Epoch:178 and AverageLoss:0.001250346587256005
Test Loss: 0.0013
Epoch:179 and AverageLoss:0.0012566068176995994
Test Loss: 0.0012
Epoch:180 and AverageLoss:0.0012365777971759854
Test Loss: 0.0012
Model Saved Successfully to: /home/ajinkyar/ml_models/recon_models/recon_t10_stl_uni_s6534_180.pth
Model Save Sucessfully
Epoch:181 and AverageLoss:0.0012427363334240947
Test Loss: 0.0012
Epoch:182 and AverageLoss:0.0012309762095062693
Test Loss: 0.0012
Epoch:183 and AverageLoss:0.0012394268301889023
Test Loss: 0.0012
Epoch:184 and AverageLoss:0.001222783250446539
Test Loss: 0.0012
Epoch:185 and AverageLoss:0.001228822976680788
Test Loss: 0.0012
Epoch:186 and AverageLoss:0.00122248230192691
Test Loss: 0.0012
Epoch:187 and AverageLoss:0.0012172618142448459
Test Loss: 0.0012
Epoch:188 and AverageLoss:0.0012085832744906078
Test Loss: 0.0012
Epoch:189 and AverageLoss:0.0012224202034927612
Test Loss: 0.0012
Epoch:190 and AverageLoss:0.0012015369714743819
Test Loss: 0.0012
Model Saved Successfully to: /home/ajinkyar/ml_models/recon_models/recon_t10_stl_uni_s6534_190.pth
Model Save Sucessfully
Epoch:191 and AverageLoss:0.0011998819878078566
Test Loss: 0.0012
Epoch:192 and AverageLoss:0.0012069853166530046
Test Loss: 0.0012
Epoch:193 and AverageLoss:0.0011924865565643731
Test Loss: 0.0012
Epoch:194 and AverageLoss:0.0011896666528778304
Test Loss: 0.0012
Epoch:195 and AverageLoss:0.0012012262348074097
Test Loss: 0.0012
Epoch:196 and AverageLoss:0.0011780546686596676
Test Loss: 0.0012
Epoch:197 and AverageLoss:0.0011810692037313346
Test Loss: 0.0012
Epoch:198 and AverageLoss:0.0011804278784581605
Test Loss: 0.0012
Epoch:199 and AverageLoss:0.0011740437165683921
Test Loss: 0.0012
Model Save Sucessfully
  ✓ Saved: recon_t10_stl_uni_s6534_ReconstructionLoss.png
Batch 2 completed at Thu Jan 22 08:23:29 IST 2026
---
All training jobs completed at Thu Jan 22 08:23:29 IST 2026

=
Generating aggregate plots for seed groups...
=
============================================================
POST-TRAINING AGGREGATION
============================================================

Mode: Aggregate all completed model groups


Found 2 completed models
Grouping by configuration (excluding seed)...

============================================================
GENERATING AGGREGATE PLOTS
============================================================

Group 1:
  Config: Recon | Uniform | t=10 | stl10 | lr=5e-05
  Models: 2 seeds
    • recon_t10_stl_uni_s6534
    • recon_t10_stl_uni_s8360
  Generating aggregate plot...

============================================================
PLOTTING AGGREGATE METRICS ACROSS SEEDS
============================================================
Pattern: Uniform
Condition: recon_pc_train
Classification Timesteps: 10
Dataset: stl10
Seeds: [6534, 8360]
Models: 2
✓ Saved: recon_t10_stl_uni_ReconstructionLoss.png
============================================================

  ✓ Aggregate plot generated

============================================================
SUMMARY
============================================================
  Total model groups: 1
  Groups with multiple seeds: 1 (plots generated)
  Groups with single seed: 0 (no aggregate needed)
============================================================

✓ Aggregate plotting complete!
=
✓ Job complete! Check plots/ directory for results
=
