Job started at Mon Dec 15 01:43:02 IST 2025
Running 1 experiments
Job ID: 8442611
Started job 1 (Model: pc_recon10_Uniform_seed42) on GPU 0
CUDA available: True
CUDA device count: 1
Using CUDA device: cuda:0
CUDA device name:Tesla V100-SXM2-16GB
CUDA memory allocated: 0.00 GB
Using device: cuda:0
Found 23040 all_in images
Found 23040 all_out images
Need 1536 images per class
Epoch:0 and AverageLoss:0.28289690468311307
Test Loss: 0.1289
Model Saved Successfully to: /home/ajinkyar/ml_models/recon_models/pc_recon10_Uniform_seed42_1.pth
Model Save Sucessfully
Epoch:1 and AverageLoss:0.09639765498638153
Test Loss: 0.0744
Epoch:2 and AverageLoss:0.06304954837858677
Test Loss: 0.0535
Epoch:3 and AverageLoss:0.046719010189175604
Test Loss: 0.0408
Epoch:4 and AverageLoss:0.0362769829377532
Test Loss: 0.0323
Epoch:5 and AverageLoss:0.02927193733006716
Test Loss: 0.0266
Epoch:6 and AverageLoss:0.02458313039690256
Test Loss: 0.0228
Epoch:7 and AverageLoss:0.02140760669708252
Test Loss: 0.0201
Epoch:8 and AverageLoss:0.01914626770094037
Test Loss: 0.0182
Epoch:9 and AverageLoss:0.01744328721538186
Test Loss: 0.0168
Epoch:10 and AverageLoss:0.01614040920212865
Test Loss: 0.0156
Model Saved Successfully to: /home/ajinkyar/ml_models/recon_models/pc_recon10_Uniform_seed42_2.pth
Model Save Sucessfully
Epoch:11 and AverageLoss:0.015119018298387528
Test Loss: 0.0146
Epoch:12 and AverageLoss:0.014284550021588802
Test Loss: 0.0140
Epoch:13 and AverageLoss:0.01357948853597045
Test Loss: 0.0132
Epoch:14 and AverageLoss:0.01297291593030095
Test Loss: 0.0127
Epoch:15 and AverageLoss:0.012446239379048348
Test Loss: 0.0122
Epoch:16 and AverageLoss:0.01198178314268589
Test Loss: 0.0118
Epoch:17 and AverageLoss:0.011568356091529132
Test Loss: 0.0114
Epoch:18 and AverageLoss:0.011195726032555104
Test Loss: 0.0110
Epoch:19 and AverageLoss:0.010859964584559203
Test Loss: 0.0107
Epoch:20 and AverageLoss:0.01054853438064456
Test Loss: 0.0104
Model Saved Successfully to: /home/ajinkyar/ml_models/recon_models/pc_recon10_Uniform_seed42_3.pth
Model Save Sucessfully
Epoch:21 and AverageLoss:0.010269090864807368
Test Loss: 0.0101
Epoch:22 and AverageLoss:0.010015511681511997
Test Loss: 0.0099
Epoch:23 and AverageLoss:0.009775933039933443
Test Loss: 0.0097
Epoch:24 and AverageLoss:0.009558540081605315
Test Loss: 0.0094
Epoch:25 and AverageLoss:0.009347576144337654
Test Loss: 0.0093
Epoch:26 and AverageLoss:0.009156254510581493
Test Loss: 0.0091
Epoch:27 and AverageLoss:0.008972546655312181
Test Loss: 0.0089
Epoch:28 and AverageLoss:0.008800600478798151
Test Loss: 0.0087
Epoch:29 and AverageLoss:0.00863432063497603
Test Loss: 0.0086
Epoch:30 and AverageLoss:0.008474400405585766
Test Loss: 0.0084
Model Saved Successfully to: /home/ajinkyar/ml_models/recon_models/pc_recon10_Uniform_seed42_4.pth
Model Save Sucessfully
Epoch:31 and AverageLoss:0.008329079548269511
Test Loss: 0.0083
Epoch:32 and AverageLoss:0.00818950305916369
Test Loss: 0.0081
Epoch:33 and AverageLoss:0.008058220789581537
Test Loss: 0.0080
Epoch:34 and AverageLoss:0.007930267652869225
Test Loss: 0.0079
Epoch:35 and AverageLoss:0.007810015326738358
Test Loss: 0.0077
Epoch:36 and AverageLoss:0.007690427915751934
Test Loss: 0.0076
Epoch:37 and AverageLoss:0.007576240701600909
Test Loss: 0.0075
Epoch:38 and AverageLoss:0.007468290842324496
Test Loss: 0.0074
Epoch:39 and AverageLoss:0.007366087164357305
Test Loss: 0.0074
Epoch:40 and AverageLoss:0.007267734484001994
Test Loss: 0.0072
Model Saved Successfully to: /home/ajinkyar/ml_models/recon_models/pc_recon10_Uniform_seed42_5.pth
Model Save Sucessfully
Epoch:41 and AverageLoss:0.0071700694639235734
Test Loss: 0.0071
Epoch:42 and AverageLoss:0.0070764395620673895
Test Loss: 0.0070
Epoch:43 and AverageLoss:0.0069845411907881495
Test Loss: 0.0069
Epoch:44 and AverageLoss:0.006897346552461386
Test Loss: 0.0068
Epoch:45 and AverageLoss:0.0068129995953291654
Test Loss: 0.0068
Epoch:46 and AverageLoss:0.006732831960916519
Test Loss: 0.0067
Epoch:47 and AverageLoss:0.006654273212701082
Test Loss: 0.0066
Epoch:48 and AverageLoss:0.006581876254081726
Test Loss: 0.0065
Epoch:49 and AverageLoss:0.006509888748452067
Test Loss: 0.0065
Epoch:50 and AverageLoss:0.006442464757710696
Test Loss: 0.0064
Model Saved Successfully to: /home/ajinkyar/ml_models/recon_models/pc_recon10_Uniform_seed42_6.pth
Model Save Sucessfully
Epoch:51 and AverageLoss:0.006374435868486762
Test Loss: 0.0063
Epoch:52 and AverageLoss:0.006310706375539303
Test Loss: 0.0063
Epoch:53 and AverageLoss:0.006251166831701994
Test Loss: 0.0062
Epoch:54 and AverageLoss:0.006190669884160161
Test Loss: 0.0062
Epoch:55 and AverageLoss:0.006135765998065472
Test Loss: 0.0061
Epoch:56 and AverageLoss:0.006080808145180344
Test Loss: 0.0061
Epoch:57 and AverageLoss:0.006028332915902138
Test Loss: 0.0060
Epoch:58 and AverageLoss:0.005979706420749426
Test Loss: 0.0060
Epoch:59 and AverageLoss:0.005931008590757847
Test Loss: 0.0059
Epoch:60 and AverageLoss:0.005882889586314559
Test Loss: 0.0059
Model Saved Successfully to: /home/ajinkyar/ml_models/recon_models/pc_recon10_Uniform_seed42_7.pth
Model Save Sucessfully
Epoch:61 and AverageLoss:0.005838904856517911
Test Loss: 0.0058
Epoch:62 and AverageLoss:0.0057916627701371905
Test Loss: 0.0058
Epoch:63 and AverageLoss:0.005749974835291505
Test Loss: 0.0057
Epoch:64 and AverageLoss:0.0057051830075681206
Test Loss: 0.0057
Epoch:65 and AverageLoss:0.0056635715790092946
Test Loss: 0.0057
Epoch:66 and AverageLoss:0.005625134814158082
Test Loss: 0.0056
Epoch:67 and AverageLoss:0.005585398898646236
Test Loss: 0.0056
Epoch:68 and AverageLoss:0.005544858664274216
Test Loss: 0.0055
Epoch:69 and AverageLoss:0.005510460141673684
Test Loss: 0.0055
Epoch:70 and AverageLoss:0.0054738884136080745
Test Loss: 0.0055
Model Saved Successfully to: /home/ajinkyar/ml_models/recon_models/pc_recon10_Uniform_seed42_8.pth
Model Save Sucessfully
Epoch:71 and AverageLoss:0.005437603556364775
Test Loss: 0.0054
Epoch:72 and AverageLoss:0.005405441347323358
Test Loss: 0.0054
Epoch:73 and AverageLoss:0.005370414632931352
Test Loss: 0.0053
Epoch:74 and AverageLoss:0.005336755813285708
Test Loss: 0.0053
Epoch:75 and AverageLoss:0.005305179366096854
Test Loss: 0.0053
Epoch:76 and AverageLoss:0.005273737129382789
Test Loss: 0.0053
Epoch:77 and AverageLoss:0.005242453538998961
Test Loss: 0.0052
Epoch:78 and AverageLoss:0.00521420534811914
Test Loss: 0.0053
Epoch:79 and AverageLoss:0.005185210943594575
Test Loss: 0.0052
Epoch:80 and AverageLoss:0.005157293026894331
Test Loss: 0.0051
Model Saved Successfully to: /home/ajinkyar/ml_models/recon_models/pc_recon10_Uniform_seed42_9.pth
Model Save Sucessfully
Epoch:81 and AverageLoss:0.005127028485946357
Test Loss: 0.0051
Epoch:82 and AverageLoss:0.005100318499282002
Test Loss: 0.0052
Epoch:83 and AverageLoss:0.0050717711204662915
Test Loss: 0.0051
Epoch:84 and AverageLoss:0.005048231244273484
Test Loss: 0.0050
Epoch:85 and AverageLoss:0.0050191805332899095
Test Loss: 0.0050
Epoch:86 and AverageLoss:0.004993018005974591
Test Loss: 0.0050
Epoch:87 and AverageLoss:0.004970391570404172
Test Loss: 0.0050
Epoch:88 and AverageLoss:0.004943488569930196
Test Loss: 0.0049
Epoch:89 and AverageLoss:0.004921228437684476
Test Loss: 0.0049
Epoch:90 and AverageLoss:0.004895760195329785
Test Loss: 0.0049
Model Saved Successfully to: /home/ajinkyar/ml_models/recon_models/pc_recon10_Uniform_seed42_10.pth
Model Save Sucessfully
Epoch:91 and AverageLoss:0.004872979465313256
Test Loss: 0.0049
Epoch:92 and AverageLoss:0.004849111739173531
Test Loss: 0.0048
Epoch:93 and AverageLoss:0.004828832711465657
Test Loss: 0.0049
Epoch:94 and AverageLoss:0.004806966846063733
Test Loss: 0.0048
Epoch:95 and AverageLoss:0.004784820535965264
Test Loss: 0.0048
Epoch:96 and AverageLoss:0.004762093777395785
Test Loss: 0.0048
Epoch:97 and AverageLoss:0.004742806204035878
Test Loss: 0.0047
Epoch:98 and AverageLoss:0.004722053189016879
Test Loss: 0.0047
Epoch:99 and AverageLoss:0.004700928488560021
Test Loss: 0.0047
Epoch:100 and AverageLoss:0.004681593453139067
Test Loss: 0.0047
Model Saved Successfully to: /home/ajinkyar/ml_models/recon_models/pc_recon10_Uniform_seed42_11.pth
Model Save Sucessfully
Epoch:101 and AverageLoss:0.004658798263221979
Test Loss: 0.0047
Epoch:102 and AverageLoss:0.004640826982259751
Test Loss: 0.0046
Epoch:103 and AverageLoss:0.00462070470303297
Test Loss: 0.0046
Epoch:104 and AverageLoss:0.00460237358957529
Test Loss: 0.0046
Epoch:105 and AverageLoss:0.004582894131168723
Test Loss: 0.0046
Epoch:106 and AverageLoss:0.00456373850312084
Test Loss: 0.0046
Epoch:107 and AverageLoss:0.004546556592173874
Test Loss: 0.0045
Epoch:108 and AverageLoss:0.004528315353579819
Test Loss: 0.0045
Epoch:109 and AverageLoss:0.0045086207957938315
Test Loss: 0.0045
Epoch:110 and AverageLoss:0.004491261321678757
Test Loss: 0.0045
Model Saved Successfully to: /home/ajinkyar/ml_models/recon_models/pc_recon10_Uniform_seed42_12.pth
Model Save Sucessfully
Epoch:111 and AverageLoss:0.004474362648464739
Test Loss: 0.0045
Epoch:112 and AverageLoss:0.004457469924166799
Test Loss: 0.0045
Epoch:113 and AverageLoss:0.004440946784429252
Test Loss: 0.0045
Epoch:114 and AverageLoss:0.004424102150835097
Test Loss: 0.0044
Epoch:115 and AverageLoss:0.004404298343881965
Test Loss: 0.0044
Epoch:116 and AverageLoss:0.0043911700481548905
Test Loss: 0.0044
Epoch:117 and AverageLoss:0.0043718504302203655
Test Loss: 0.0044
Epoch:118 and AverageLoss:0.0043572080694139
Test Loss: 0.0043
Epoch:119 and AverageLoss:0.004341005855426192
Test Loss: 0.0043
Epoch:120 and AverageLoss:0.004325663374178112
Test Loss: 0.0044
Model Saved Successfully to: /home/ajinkyar/ml_models/recon_models/pc_recon10_Uniform_seed42_13.pth
Model Save Sucessfully
Epoch:121 and AverageLoss:0.004310501233302057
Test Loss: 0.0043
Epoch:122 and AverageLoss:0.004294206425733864
Test Loss: 0.0044
Epoch:123 and AverageLoss:0.00427914606295526
Test Loss: 0.0043
Epoch:124 and AverageLoss:0.004263763875700533
Test Loss: 0.0042
Epoch:125 and AverageLoss:0.004249048045836389
Test Loss: 0.0042
Epoch:126 and AverageLoss:0.004234954130090773
Test Loss: 0.0042
Epoch:127 and AverageLoss:0.004220812443085015
Test Loss: 0.0042
Epoch:128 and AverageLoss:0.0042056451510637995
Test Loss: 0.0042
Epoch:129 and AverageLoss:0.004191347521357238
Test Loss: 0.0042
Epoch:130 and AverageLoss:0.004179791865311563
Test Loss: 0.0042
Model Saved Successfully to: /home/ajinkyar/ml_models/recon_models/pc_recon10_Uniform_seed42_14.pth
Model Save Sucessfully
Epoch:131 and AverageLoss:0.004163268873281777
Test Loss: 0.0042
Epoch:132 and AverageLoss:0.004151314855739475
Test Loss: 0.0041
Epoch:133 and AverageLoss:0.004138432864844799
Test Loss: 0.0041
Epoch:134 and AverageLoss:0.004123457279801368
Test Loss: 0.0041
Epoch:135 and AverageLoss:0.0041117699339985846
Test Loss: 0.0041
Epoch:136 and AverageLoss:0.004096956057101488
Test Loss: 0.0041
Epoch:137 and AverageLoss:0.004084164687432348
Test Loss: 0.0041
Epoch:138 and AverageLoss:0.004071222033724189
Test Loss: 0.0041
Epoch:139 and AverageLoss:0.004060363586992025
Test Loss: 0.0040
Epoch:140 and AverageLoss:0.004048014209978282
Test Loss: 0.0040
Model Saved Successfully to: /home/ajinkyar/ml_models/recon_models/pc_recon10_Uniform_seed42_15.pth
Model Save Sucessfully
Epoch:141 and AverageLoss:0.004033933276683092
Test Loss: 0.0040
Epoch:142 and AverageLoss:0.004023089415952564
Test Loss: 0.0040
Epoch:143 and AverageLoss:0.004010389510728419
Test Loss: 0.0040
Epoch:144 and AverageLoss:0.003998762697912752
Test Loss: 0.0040
Epoch:145 and AverageLoss:0.003985826258547604
Test Loss: 0.0040
Epoch:146 and AverageLoss:0.003974594846926629
Test Loss: 0.0040
Epoch:147 and AverageLoss:0.0039625827560201285
Test Loss: 0.0040
Epoch:148 and AverageLoss:0.003954550033062696
Test Loss: 0.0039
Epoch:149 and AverageLoss:0.0039400944508612154
Test Loss: 0.0039
Epoch:150 and AverageLoss:0.003929475352540612
Test Loss: 0.0039
Model Saved Successfully to: /home/ajinkyar/ml_models/recon_models/pc_recon10_Uniform_seed42_16.pth
Model Save Sucessfully
Epoch:151 and AverageLoss:0.003919287665747106
Test Loss: 0.0040
Epoch:152 and AverageLoss:0.0039061125345528124
Test Loss: 0.0039
Epoch:153 and AverageLoss:0.0038966696720570326
Test Loss: 0.0039
Epoch:154 and AverageLoss:0.0038857066398486494
Test Loss: 0.0039
Epoch:155 and AverageLoss:0.003873189437203109
Test Loss: 0.0039
Epoch:156 and AverageLoss:0.0038642145186662674
Test Loss: 0.0039
Epoch:157 and AverageLoss:0.0038539540799334645
Test Loss: 0.0039
Epoch:158 and AverageLoss:0.0038420560773462058
Test Loss: 0.0038
Epoch:159 and AverageLoss:0.003832885713875294
Test Loss: 0.0038
Epoch:160 and AverageLoss:0.00382315006069839
Test Loss: 0.0038
Model Saved Successfully to: /home/ajinkyar/ml_models/recon_models/pc_recon10_Uniform_seed42_17.pth
Model Save Sucessfully
Epoch:161 and AverageLoss:0.0038118272360414267
Test Loss: 0.0038
Epoch:162 and AverageLoss:0.0038023367218673228
Test Loss: 0.0038
Epoch:163 and AverageLoss:0.0037914090972393753
Test Loss: 0.0038
Epoch:164 and AverageLoss:0.0037846833921968935
Test Loss: 0.0038
Epoch:165 and AverageLoss:0.003772029729001224
Test Loss: 0.0038
Epoch:166 and AverageLoss:0.0037644134514033794
Test Loss: 0.0038
Epoch:167 and AverageLoss:0.003753375155851245
Test Loss: 0.0037
Epoch:168 and AverageLoss:0.003746036954410374
Test Loss: 0.0037
Epoch:169 and AverageLoss:0.0037375146308913825
Test Loss: 0.0037
Epoch:170 and AverageLoss:0.003728055685199797
Test Loss: 0.0037
Model Saved Successfully to: /home/ajinkyar/ml_models/recon_models/pc_recon10_Uniform_seed42_18.pth
Model Save Sucessfully
Epoch:171 and AverageLoss:0.00371822163797915
Test Loss: 0.0037
Epoch:172 and AverageLoss:0.003709348625317216
Test Loss: 0.0037
Epoch:173 and AverageLoss:0.003701852057501674
Test Loss: 0.0037
Epoch:174 and AverageLoss:0.003690662233158946
Test Loss: 0.0037
Epoch:175 and AverageLoss:0.0036846380092203615
Test Loss: 0.0037
Epoch:176 and AverageLoss:0.0036739892825484277
Test Loss: 0.0037
Epoch:177 and AverageLoss:0.003665371715836227
Test Loss: 0.0037
Epoch:178 and AverageLoss:0.0036586601063609125
Test Loss: 0.0036
Epoch:179 and AverageLoss:0.0036505665509030225
Test Loss: 0.0036
Epoch:180 and AverageLoss:0.0036418647749349477
Test Loss: 0.0036
Model Saved Successfully to: /home/ajinkyar/ml_models/recon_models/pc_recon10_Uniform_seed42_19.pth
Model Save Sucessfully
Epoch:181 and AverageLoss:0.003633470373786986
Test Loss: 0.0036
Epoch:182 and AverageLoss:0.0036251555133610964
Test Loss: 0.0036
Epoch:183 and AverageLoss:0.0036163990259170534
Test Loss: 0.0036
Epoch:184 and AverageLoss:0.003609526313468814
Test Loss: 0.0036
Epoch:185 and AverageLoss:0.0036021838460117577
Test Loss: 0.0036
Epoch:186 and AverageLoss:0.00359565105214715
Test Loss: 0.0036
Epoch:187 and AverageLoss:0.0035863071467727423
Test Loss: 0.0036
Epoch:188 and AverageLoss:0.0035801799528300763
Test Loss: 0.0036
Epoch:189 and AverageLoss:0.003570368282496929
Test Loss: 0.0036
Epoch:190 and AverageLoss:0.0035646705090999604
Test Loss: 0.0036
Model Saved Successfully to: /home/ajinkyar/ml_models/recon_models/pc_recon10_Uniform_seed42_20.pth
Model Save Sucessfully
Epoch:191 and AverageLoss:0.003555865522287786
Test Loss: 0.0036
Epoch:192 and AverageLoss:0.0035518927751109004
Test Loss: 0.0035
Epoch:193 and AverageLoss:0.0035436528915539383
Test Loss: 0.0035
Epoch:194 and AverageLoss:0.003534255025163293
Test Loss: 0.0035
Epoch:195 and AverageLoss:0.003530194374918938
Test Loss: 0.0035
Epoch:196 and AverageLoss:0.0035215463533997534
Test Loss: 0.0035
Epoch:197 and AverageLoss:0.0035138596883043647
Test Loss: 0.0035
Epoch:198 and AverageLoss:0.003507824013195932
Test Loss: 0.0035
Epoch:199 and AverageLoss:0.0035017475286498664
Test Loss: 0.0035
Model Save Sucessfully
All jobs completed at Mon Dec 15 07:58:15 IST 2025
