==========================================
SLURM_CLUSTER_NAME = param-brahma
SLURM_ARRAY_JOB_ID = 
SLURM_ARRAY_TASK_ID = 
SLURM_ARRAY_TASK_COUNT = 
SLURM_ARRAY_TASK_MAX = 
SLURM_ARRAY_TASK_MIN = 
SLURM_JOB_ACCOUNT = collins
SLURM_JOB_ID = 8454799
SLURM_JOB_NAME = pred_net_recon_pc_train_20260123_191905
SLURM_JOB_NODELIST = gpu020
SLURM_JOB_USER = ajinkyar
SLURM_JOB_UID = 7397
SLURM_JOB_PARTITION = gpu
SLURM_TASK_PID = 6405
SLURM_SUBMIT_DIR = /home/ajinkyar/TestRepo_MsThesis_Ajinkya/week11
SLURM_CPUS_ON_NODE = 4
SLURM_NTASKS = 1
SLURM_TASK_PID = 6405
==========================================
Job started at Fri Jan 23 19:18:52 IST 2026
Running 4 experiments in parallel
Job ID: 8454799
Started recon_t10_c10_uni_s2767 on GPU 0 (PID: 6451)
Started recon_t10_c10_uni_s4152 on GPU 1 (PID: 6452)
Started recon_t10_c10_uni_s2933 on GPU 2 (PID: 6453)
Started recon_t10_c10_uni_s4436 on GPU 3 (PID: 6454)
CUDA available: True
CUDA device count: 1
Using CUDA device: cuda:0
CUDA device name:Tesla V100-SXM2-16GB
CUDA memory allocated: 0.00 GB
Using device: cuda:0
Epoch:0 and AverageLoss:0.27695271455049514
Test Loss: 0.1242
Model Saved Successfully to: /home/ajinkyar/ml_models/recon_models/recon_t10_c10_uni_s2767_0.pth
Model Save Sucessfully
Epoch:1 and AverageLoss:0.0935789801478386
Test Loss: 0.0733
Epoch:2 and AverageLoss:0.06221965642571449
Test Loss: 0.0529
Epoch:3 and AverageLoss:0.04628189602792263
Test Loss: 0.0405
Epoch:4 and AverageLoss:0.03624742823243141
Test Loss: 0.0325
Epoch:5 and AverageLoss:0.029547118085622787
Test Loss: 0.0270
Epoch:6 and AverageLoss:0.02485503354370594
Test Loss: 0.0229
Epoch:7 and AverageLoss:0.021539456214010714
Test Loss: 0.0202
Epoch:8 and AverageLoss:0.019163400925695896
Test Loss: 0.0182
Epoch:9 and AverageLoss:0.017393861571699382
Test Loss: 0.0166
Epoch:10 and AverageLoss:0.01603071485683322
Test Loss: 0.0154
Model Saved Successfully to: /home/ajinkyar/ml_models/recon_models/recon_t10_c10_uni_s2767_10.pth
Model Save Sucessfully
Epoch:11 and AverageLoss:0.014954646383225918
Test Loss: 0.0144
Epoch:12 and AverageLoss:0.014075707990676164
Test Loss: 0.0136
Epoch:13 and AverageLoss:0.013322939102351666
Test Loss: 0.0130
Epoch:14 and AverageLoss:0.01267802431061864
Test Loss: 0.0124
Epoch:15 and AverageLoss:0.012137650064378978
Test Loss: 0.0119
Epoch:16 and AverageLoss:0.011679529348015786
Test Loss: 0.0114
Epoch:17 and AverageLoss:0.011280837505310774
Test Loss: 0.0111
Epoch:18 and AverageLoss:0.01093410682156682
Test Loss: 0.0108
Epoch:19 and AverageLoss:0.010625162983685732
Test Loss: 0.0105

============================================================
Training completed for recon_t10_c10_uni_s2767
Generating individual training plots...
============================================================

  ✓ Saved: recon_t10_c10_uni_s2767_ReconstructionLoss.png

✓ Metrics saved to registry
✓ Individual plots generated
============================================================

Model Save Sucessfully
CUDA available: True
CUDA device count: 1
Using CUDA device: cuda:0
CUDA device name:Tesla V100-SXM2-16GB
CUDA memory allocated: 0.00 GB
Using device: cuda:0
Epoch:0 and AverageLoss:0.3185203047633171
Test Loss: 0.1357
Model Saved Successfully to: /home/ajinkyar/ml_models/recon_models/recon_t10_c10_uni_s4436_0.pth
Model Save Sucessfully
Epoch:1 and AverageLoss:0.10436506453156472
Test Loss: 0.0806
Epoch:2 and AverageLoss:0.06520858956575394
Test Loss: 0.0542
Epoch:3 and AverageLoss:0.0469216802239418
Test Loss: 0.0407
Epoch:4 and AverageLoss:0.036219602383673194
Test Loss: 0.0324
Epoch:5 and AverageLoss:0.02944676757454872
Test Loss: 0.0269
Epoch:6 and AverageLoss:0.024828811948001385
Test Loss: 0.0230
Epoch:7 and AverageLoss:0.02154252977222204
Test Loss: 0.0202
Epoch:8 and AverageLoss:0.01912753634750843
Test Loss: 0.0181
Epoch:9 and AverageLoss:0.01727296826541424
Test Loss: 0.0164
Epoch:10 and AverageLoss:0.01583011478409171
Test Loss: 0.0152
Model Saved Successfully to: /home/ajinkyar/ml_models/recon_models/recon_t10_c10_uni_s4436_10.pth
Model Save Sucessfully
Epoch:11 and AverageLoss:0.01467162418961525
Test Loss: 0.0141
Epoch:12 and AverageLoss:0.013713503260165454
Test Loss: 0.0133
Epoch:13 and AverageLoss:0.012907886372506618
Test Loss: 0.0125
Epoch:14 and AverageLoss:0.01222750176563859
Test Loss: 0.0119
Epoch:15 and AverageLoss:0.011640581302344799
Test Loss: 0.0114
Epoch:16 and AverageLoss:0.011138474909216165
Test Loss: 0.0109
Epoch:17 and AverageLoss:0.010704196994006633
Test Loss: 0.0105
Epoch:18 and AverageLoss:0.010319331863522529
Test Loss: 0.0101
Epoch:19 and AverageLoss:0.009978940352797509
Test Loss: 0.0098

============================================================
Training completed for recon_t10_c10_uni_s4436
Generating individual training plots...
============================================================

  ✓ Saved: recon_t10_c10_uni_s4436_ReconstructionLoss.png

✓ Metrics saved to registry
✓ Individual plots generated
============================================================

Model Save Sucessfully
CUDA available: True
CUDA device count: 1
Using CUDA device: cuda:0
CUDA device name:Tesla V100-SXM2-16GB
CUDA memory allocated: 0.00 GB
Using device: cuda:0
Epoch:0 and AverageLoss:0.27878242611885073
Test Loss: 0.1226
Model Saved Successfully to: /home/ajinkyar/ml_models/recon_models/recon_t10_c10_uni_s4152_0.pth
Model Save Sucessfully
Epoch:1 and AverageLoss:0.09339382303357124
Test Loss: 0.0727
Epoch:2 and AverageLoss:0.06160537864863873
Test Loss: 0.0525
Epoch:3 and AverageLoss:0.04599671640694141
Test Loss: 0.0404
Epoch:4 and AverageLoss:0.03632148465365172
Test Loss: 0.0326
Epoch:5 and AverageLoss:0.029856964120268822
Test Loss: 0.0273
Epoch:6 and AverageLoss:0.02543916774839163
Test Loss: 0.0236
Epoch:7 and AverageLoss:0.022343562819063665
Test Loss: 0.0211
Epoch:8 and AverageLoss:0.020088171242177485
Test Loss: 0.0191
Epoch:9 and AverageLoss:0.01838264507576823
Test Loss: 0.0176
Epoch:10 and AverageLoss:0.017064261603355408
Test Loss: 0.0165
Model Saved Successfully to: /home/ajinkyar/ml_models/recon_models/recon_t10_c10_uni_s4152_10.pth
Model Save Sucessfully
Epoch:11 and AverageLoss:0.01601444246470928
Test Loss: 0.0155
Epoch:12 and AverageLoss:0.015147567547112703
Test Loss: 0.0147
Epoch:13 and AverageLoss:0.01442039873600006
Test Loss: 0.0141
Epoch:14 and AverageLoss:0.013794873580336571
Test Loss: 0.0135
Epoch:15 and AverageLoss:0.013253763749450444
Test Loss: 0.0130
Epoch:16 and AverageLoss:0.012781258115172386
Test Loss: 0.0125
Epoch:17 and AverageLoss:0.012352705169469118
Test Loss: 0.0121
Epoch:18 and AverageLoss:0.011961036000400781
Test Loss: 0.0118
Epoch:19 and AverageLoss:0.011605823526531459
Test Loss: 0.0114

============================================================
Training completed for recon_t10_c10_uni_s4152
Generating individual training plots...
============================================================

  ✓ Saved: recon_t10_c10_uni_s4152_ReconstructionLoss.png

✓ Metrics saved to registry
✓ Individual plots generated
============================================================

Model Save Sucessfully
CUDA available: True
CUDA device count: 1
Using CUDA device: cuda:0
CUDA device name:Tesla V100-SXM2-16GB
CUDA memory allocated: 0.00 GB
Using device: cuda:0
Epoch:0 and AverageLoss:0.3164958670258522
Test Loss: 0.1421
Model Saved Successfully to: /home/ajinkyar/ml_models/recon_models/recon_t10_c10_uni_s2933_0.pth
Model Save Sucessfully
Epoch:1 and AverageLoss:0.10529336539506912
Test Loss: 0.0785
Epoch:2 and AverageLoss:0.06429317142665386
Test Loss: 0.0532
Epoch:3 and AverageLoss:0.046220375847816464
Test Loss: 0.0402
Epoch:4 and AverageLoss:0.035802238062024115
Test Loss: 0.0319
Epoch:5 and AverageLoss:0.028942107455432416
Test Loss: 0.0263
Epoch:6 and AverageLoss:0.02424967320561409
Test Loss: 0.0224
Epoch:7 and AverageLoss:0.02097093239277601
Test Loss: 0.0196
Epoch:8 and AverageLoss:0.018599259793758392
Test Loss: 0.0176
Epoch:9 and AverageLoss:0.01683006221204996
Test Loss: 0.0161
Epoch:10 and AverageLoss:0.015473530518263579
Test Loss: 0.0150
Model Saved Successfully to: /home/ajinkyar/ml_models/recon_models/recon_t10_c10_uni_s2933_10.pth
Model Save Sucessfully
Epoch:11 and AverageLoss:0.014393130738288164
Test Loss: 0.0139
Epoch:12 and AverageLoss:0.013520650931447744
Test Loss: 0.0131
Epoch:13 and AverageLoss:0.012792439008504151
Test Loss: 0.0125
Epoch:14 and AverageLoss:0.01216170904263854
Test Loss: 0.0119
Epoch:15 and AverageLoss:0.011614892802387476
Test Loss: 0.0114
Epoch:16 and AverageLoss:0.011134820491820574
Test Loss: 0.0109
Epoch:17 and AverageLoss:0.010708883296698331
Test Loss: 0.0105
Epoch:18 and AverageLoss:0.010326200109347702
Test Loss: 0.0102
Epoch:19 and AverageLoss:0.009973458532243967
Test Loss: 0.0098

============================================================
Training completed for recon_t10_c10_uni_s2933
Generating individual training plots...
============================================================

  ✓ Saved: recon_t10_c10_uni_s2933_ReconstructionLoss.png

✓ Metrics saved to registry
✓ Individual plots generated
============================================================

Model Save Sucessfully
All training jobs completed at Fri Jan 23 20:11:09 IST 2026
---
All training jobs completed at Fri Jan 23 20:11:09 IST 2026

========================================
Verifying all models completed successfully...
========================================
WARNING: {len(incomplete)} models did not complete:
  - {m}
  - {m}
  - {m}
Skipping aggregate plots.

⚠ Skipping aggregate plots due to incomplete models
Run post_training_aggregation.py manually after models complete
