Job started at Mon Jan 19 23:45:42 IST 2026
Running 3 experiments (2 at a time)
Job ID: 8453212
Started recon_t10_ill_uni_s8733 on GPU 0 (PID: 2749)
Started recon_t10_ill_uni_s5511 on GPU 1 (PID: 2750)
CUDA available: True
CUDA device count: 1
Using CUDA device: cuda:0
CUDA device name:Tesla V100-SXM2-16GB
CUDA memory allocated: 0.00 GB
Using device: cuda:0
Full dataset: 92160 samples
Class mapping (ALL classes): {'square': 0, 'rectangle': 1, 'trapezium': 2, 'triangle': 3, 'hexagon': 4, 'random': 5, 'all_in': 6, 'all_out': 7}

Initial class distribution:
  square         : 4608 samples
  rectangle      : 4608 samples
  trapezium      : 4608 samples
  triangle       : 4608 samples
  hexagon        : 4608 samples
  random         : 4605 samples
    → should_see 'square': 921
    → should_see 'rectangle': 921
    → should_see 'trapezium': 921
    → should_see 'triangle': 921
    → should_see 'hexagon': 921
  all_in         : 23040 samples
  all_out        : 23040 samples

Training set: 19345 samples
Validation set: 8300 samples
Validation class distribution:
  hexagon: 1383 samples
  random: 1385 samples
  rectangle: 1383 samples
  square: 1383 samples
  trapezium: 1383 samples
  triangle: 1383 samples

Sampling illusions to match validation random distribution:
  all_in: sampled 692 samples
  all_out: sampled 1385 samples

Test set: 11070 samples
Test set class distribution:
  all_in: 1385 samples
  all_out: 1385 samples
  hexagon: 1383 samples
  random: 1385 samples
  rectangle: 1383 samples
  square: 1383 samples
  trapezium: 1383 samples
  triangle: 1383 samples
Full dataset: 92160 samples
Class mapping (ALL classes): {'square': 0, 'rectangle': 1, 'trapezium': 2, 'triangle': 3, 'hexagon': 4, 'random': 5, 'all_in': 6, 'all_out': 7}

Initial class distribution:
  square         : 4608 samples
  rectangle      : 4608 samples
  trapezium      : 4608 samples
  triangle       : 4608 samples
  hexagon        : 4608 samples
  random         : 4605 samples
    → should_see 'square': 921
    → should_see 'rectangle': 921
    → should_see 'trapezium': 921
    → should_see 'triangle': 921
    → should_see 'hexagon': 921
  all_in         : 23040 samples
  all_out        : 23040 samples

Training set: 19345 samples
Validation set: 8300 samples
Validation class distribution:
  hexagon: 1383 samples
  random: 1385 samples
  rectangle: 1383 samples
  square: 1383 samples
  trapezium: 1383 samples
  triangle: 1383 samples

Sampling illusions to match validation random distribution:
  all_in: sampled 692 samples
  all_out: sampled 1385 samples

Test set: 11070 samples
Test set class distribution:
  all_in: 1385 samples
  all_out: 1385 samples
  hexagon: 1383 samples
  random: 1385 samples
  rectangle: 1383 samples
  square: 1383 samples
  trapezium: 1383 samples
  triangle: 1383 samples
Epoch:0 and AverageLoss:0.4676705608991059
Test Loss: 0.1322
Model Saved Successfully to: /home/ajinkyar/ml_models/recon_models/recon_t10_ill_uni_s8733_0.pth
Model Save Sucessfully
Epoch:1 and AverageLoss:0.1096207422381344
Test Loss: 0.0945
Epoch:2 and AverageLoss:0.08132203392037922
Test Loss: 0.0733
Epoch:3 and AverageLoss:0.06479242960499092
Test Loss: 0.0600
Epoch:4 and AverageLoss:0.05315281040504698
Test Loss: 0.0491
Epoch:5 and AverageLoss:0.04374685922776125
Test Loss: 0.0404
Epoch:6 and AverageLoss:0.03592056273444256
Test Loss: 0.0332
Epoch:7 and AverageLoss:0.029514826179966945
Test Loss: 0.0273
Epoch:8 and AverageLoss:0.024516373280097137
Test Loss: 0.0228
Epoch:9 and AverageLoss:0.020582611407037855
Test Loss: 0.0193
Epoch:10 and AverageLoss:0.01752482259199639
Test Loss: 0.0167
Model Saved Successfully to: /home/ajinkyar/ml_models/recon_models/recon_t10_ill_uni_s8733_10.pth
Model Save Sucessfully
Epoch:11 and AverageLoss:0.015100574732781195
Test Loss: 0.0143
Epoch:12 and AverageLoss:0.013192345509459535
Test Loss: 0.0126
Epoch:13 and AverageLoss:0.011659793213225347
Test Loss: 0.0112
Epoch:14 and AverageLoss:0.010477971460685626
Test Loss: 0.0101
Epoch:15 and AverageLoss:0.00952066216436946
Test Loss: 0.0093
Epoch:16 and AverageLoss:0.008749187915308848
Test Loss: 0.0085
Epoch:17 and AverageLoss:0.008081735329209897
Test Loss: 0.0079
Epoch:18 and AverageLoss:0.007464474317240568
Test Loss: 0.0073
Epoch:19 and AverageLoss:0.006922233932505338
Test Loss: 0.0068
Epoch:20 and AverageLoss:0.006432000329248484
Test Loss: 0.0063
Model Saved Successfully to: /home/ajinkyar/ml_models/recon_models/recon_t10_ill_uni_s8733_20.pth
Model Save Sucessfully
Epoch:21 and AverageLoss:0.0060223699787877935
Test Loss: 0.0059
Epoch:22 and AverageLoss:0.005636169583813772
Test Loss: 0.0055
Epoch:23 and AverageLoss:0.005294859582031038
Test Loss: 0.0052
Epoch:24 and AverageLoss:0.004991105130357929
Test Loss: 0.0049
Epoch:25 and AverageLoss:0.004737769839958064
Test Loss: 0.0047
Epoch:26 and AverageLoss:0.004496172592447963
Test Loss: 0.0045
Epoch:27 and AverageLoss:0.004295408633857011
Test Loss: 0.0043
Epoch:28 and AverageLoss:0.004093713498451124
Test Loss: 0.0041
Epoch:29 and AverageLoss:0.003929304723408504
Test Loss: 0.0039
Epoch:30 and AverageLoss:0.0037698961788603714
Test Loss: 0.0038
Model Saved Successfully to: /home/ajinkyar/ml_models/recon_models/recon_t10_ill_uni_s8733_30.pth
Model Save Sucessfully
Epoch:31 and AverageLoss:0.0036300702269712447
Test Loss: 0.0036
Epoch:32 and AverageLoss:0.003498509435333342
Test Loss: 0.0035
Epoch:33 and AverageLoss:0.0033713138584347733
Test Loss: 0.0034
Epoch:34 and AverageLoss:0.0032752764080304746
Test Loss: 0.0034
Epoch:35 and AverageLoss:0.0031908941363784954
Test Loss: 0.0032
Epoch:36 and AverageLoss:0.0030925275607819646
Test Loss: 0.0031
Epoch:37 and AverageLoss:0.003031305372974766
Test Loss: 0.0030
Epoch:38 and AverageLoss:0.0029416887944925976
Test Loss: 0.0030
Epoch:39 and AverageLoss:0.0028923197487303754
Test Loss: 0.0029
Epoch:40 and AverageLoss:0.0028212455756508182
Test Loss: 0.0029
Model Saved Successfully to: /home/ajinkyar/ml_models/recon_models/recon_t10_ill_uni_s8733_40.pth
Model Save Sucessfully
Epoch:41 and AverageLoss:0.0027726074778821226
Test Loss: 0.0028
Epoch:42 and AverageLoss:0.0027188938916834025
Test Loss: 0.0027
Epoch:43 and AverageLoss:0.002666713842835416
Test Loss: 0.0028
Epoch:44 and AverageLoss:0.002633388377418203
Test Loss: 0.0027
Epoch:45 and AverageLoss:0.0025968805666481843
Test Loss: 0.0026
Epoch:46 and AverageLoss:0.0025443677097262644
Test Loss: 0.0026
Epoch:47 and AverageLoss:0.00253326673116458
Test Loss: 0.0025
Epoch:48 and AverageLoss:0.0024765968957265517
Test Loss: 0.0025
Epoch:49 and AverageLoss:0.002448498948009623
Test Loss: 0.0025
Epoch:50 and AverageLoss:0.002419633277564902
Test Loss: 0.0024
Model Saved Successfully to: /home/ajinkyar/ml_models/recon_models/recon_t10_ill_uni_s8733_50.pth
Model Save Sucessfully
Epoch:51 and AverageLoss:0.0023990975188241488
Test Loss: 0.0024
Epoch:52 and AverageLoss:0.0023535871159089034
Test Loss: 0.0024
Epoch:53 and AverageLoss:0.0023480826189783825
Test Loss: 0.0024
Epoch:54 and AverageLoss:0.002301795780947355
Test Loss: 0.0023
Epoch:55 and AverageLoss:0.002282480295306872
Test Loss: 0.0023
Epoch:56 and AverageLoss:0.002265439316830482
Test Loss: 0.0023
Epoch:57 and AverageLoss:0.002229774115830352
Test Loss: 0.0023
Epoch:58 and AverageLoss:0.0022211720996674856
Test Loss: 0.0023
Epoch:59 and AverageLoss:0.0021887539663690736
Test Loss: 0.0023
Epoch:60 and AverageLoss:0.002188343582395849
Test Loss: 0.0022
Model Saved Successfully to: /home/ajinkyar/ml_models/recon_models/recon_t10_ill_uni_s8733_60.pth
Model Save Sucessfully
Epoch:61 and AverageLoss:0.002143233102430736
Test Loss: 0.0022
Epoch:62 and AverageLoss:0.002131595074734073
Test Loss: 0.0022
Epoch:63 and AverageLoss:0.002112659701475227
Test Loss: 0.0021
Epoch:64 and AverageLoss:0.0020994193946234575
Test Loss: 0.0021
Epoch:65 and AverageLoss:0.0020756448488220697
Test Loss: 0.0021
Epoch:66 and AverageLoss:0.002063650986629977
Test Loss: 0.0021
Epoch:67 and AverageLoss:0.0020457026623247176
Test Loss: 0.0021
Epoch:68 and AverageLoss:0.0020365402499821867
Test Loss: 0.0020
Epoch:69 and AverageLoss:0.002005431261817994
Test Loss: 0.0021
Epoch:70 and AverageLoss:0.0020031645167176418
Test Loss: 0.0020
Model Saved Successfully to: /home/ajinkyar/ml_models/recon_models/recon_t10_ill_uni_s8733_70.pth
Model Save Sucessfully
Epoch:71 and AverageLoss:0.0020252732116986865
Test Loss: 0.0020
Epoch:72 and AverageLoss:0.0019642551745141833
Test Loss: 0.0020
Epoch:73 and AverageLoss:0.0019535483144924107
Test Loss: 0.0020
Epoch:74 and AverageLoss:0.0019445580782461141
Test Loss: 0.0020
Epoch:75 and AverageLoss:0.0019410096271510028
Test Loss: 0.0020
Epoch:76 and AverageLoss:0.001927911036951883
Test Loss: 0.0019
Epoch:77 and AverageLoss:0.0019035489240195602
Test Loss: 0.0019
Epoch:78 and AverageLoss:0.0019178887343799988
Test Loss: 0.0019
Epoch:79 and AverageLoss:0.0018849437536810302
Test Loss: 0.0019
Epoch:80 and AverageLoss:0.00187463660374253
Test Loss: 0.0019
Model Saved Successfully to: /home/ajinkyar/ml_models/recon_models/recon_t10_ill_uni_s8733_80.pth
Model Save Sucessfully
Epoch:81 and AverageLoss:0.0018669087076578904
Test Loss: 0.0019
Epoch:82 and AverageLoss:0.0018561577105948564
Test Loss: 0.0019
Epoch:83 and AverageLoss:0.0018466760523228574
Test Loss: 0.0019
Epoch:84 and AverageLoss:0.0018268577135860736
Test Loss: 0.0019
Epoch:85 and AverageLoss:0.00182979022564505
Test Loss: 0.0018
Epoch:86 and AverageLoss:0.00181123099774738
Test Loss: 0.0018
Epoch:87 and AverageLoss:0.001805893361254803
Test Loss: 0.0018
Epoch:88 and AverageLoss:0.001789674817340079
Test Loss: 0.0018
Epoch:89 and AverageLoss:0.0017864184580600921
Test Loss: 0.0018
Epoch:90 and AverageLoss:0.0017791190841292947
Test Loss: 0.0018
Model Saved Successfully to: /home/ajinkyar/ml_models/recon_models/recon_t10_ill_uni_s8733_90.pth
Model Save Sucessfully
Epoch:91 and AverageLoss:0.0017670248060252455
Test Loss: 0.0018
Epoch:92 and AverageLoss:0.0017558599979528187
Test Loss: 0.0018
Epoch:93 and AverageLoss:0.0017585683746786773
Test Loss: 0.0018
Epoch:94 and AverageLoss:0.0017365617114734981
Test Loss: 0.0020
Epoch:95 and AverageLoss:0.0017342298808276715
Test Loss: 0.0018
Epoch:96 and AverageLoss:0.0017330659659721788
Test Loss: 0.0017
Epoch:97 and AverageLoss:0.001712688999895145
Test Loss: 0.0018
Epoch:98 and AverageLoss:0.0017087341198208934
Test Loss: 0.0017
Epoch:99 and AverageLoss:0.001711107712779733
Test Loss: 0.0017
Epoch:100 and AverageLoss:0.0016917930016378787
Test Loss: 0.0017
Model Saved Successfully to: /home/ajinkyar/ml_models/recon_models/recon_t10_ill_uni_s8733_100.pth
Model Save Sucessfully
Epoch:101 and AverageLoss:0.0016974541587150879
Test Loss: 0.0017
Epoch:102 and AverageLoss:0.0016744773347153951
Test Loss: 0.0018
Epoch:103 and AverageLoss:0.001677583627189194
Test Loss: 0.0017
Epoch:104 and AverageLoss:0.0016629317001351116
Test Loss: 0.0017
Epoch:105 and AverageLoss:0.001664769793918341
Test Loss: 0.0017
Epoch:106 and AverageLoss:0.0016530099294094506
Test Loss: 0.0017
Epoch:107 and AverageLoss:0.0016447138967288827
Test Loss: 0.0017
Epoch:108 and AverageLoss:0.001644277599522813
Test Loss: 0.0017
Epoch:109 and AverageLoss:0.0016345827061440487
Test Loss: 0.0017
Epoch:110 and AverageLoss:0.0016316612547432835
Test Loss: 0.0016
Model Saved Successfully to: /home/ajinkyar/ml_models/recon_models/recon_t10_ill_uni_s8733_110.pth
Model Save Sucessfully
Epoch:111 and AverageLoss:0.0016406224785595824
Test Loss: 0.0016
Epoch:112 and AverageLoss:0.001607384518739452
Test Loss: 0.0016
Epoch:113 and AverageLoss:0.0016023030277045275
Test Loss: 0.0016
Epoch:114 and AverageLoss:0.0016055351624954183
Test Loss: 0.0016
Epoch:115 and AverageLoss:0.0016008644292134914
Test Loss: 0.0016
Epoch:116 and AverageLoss:0.0016095131886536102
Test Loss: 0.0016
Epoch:117 and AverageLoss:0.0015798655946157904
Test Loss: 0.0016
Epoch:118 and AverageLoss:0.0015816100596927475
Test Loss: 0.0016
Epoch:119 and AverageLoss:0.0015882952930117104
Test Loss: 0.0016
Epoch:120 and AverageLoss:0.001563302258824283
Test Loss: 0.0016
Model Saved Successfully to: /home/ajinkyar/ml_models/recon_models/recon_t10_ill_uni_s8733_120.pth
Model Save Sucessfully
Epoch:121 and AverageLoss:0.0015794409622730734
Test Loss: 0.0016
Epoch:122 and AverageLoss:0.001553156710910988
Test Loss: 0.0016
Epoch:123 and AverageLoss:0.0015537541810411591
Test Loss: 0.0016
Epoch:124 and AverageLoss:0.0015523079438770021
Test Loss: 0.0016
Epoch:125 and AverageLoss:0.0015466277038270592
Test Loss: 0.0016
Epoch:126 and AverageLoss:0.0015467508818207633
Test Loss: 0.0016
Epoch:127 and AverageLoss:0.0015298450231688743
Test Loss: 0.0016
Epoch:128 and AverageLoss:0.0015402426821716545
Test Loss: 0.0015
Epoch:129 and AverageLoss:0.0015262072203076668
Test Loss: 0.0015
Epoch:130 and AverageLoss:0.0015180149396558191
Test Loss: 0.0015
Model Saved Successfully to: /home/ajinkyar/ml_models/recon_models/recon_t10_ill_uni_s8733_130.pth
Model Save Sucessfully
Epoch:131 and AverageLoss:0.0015205312377151701
Test Loss: 0.0015
Epoch:132 and AverageLoss:0.001516090205934068
Test Loss: 0.0015
Epoch:133 and AverageLoss:0.0015056603511195046
Test Loss: 0.0016
Epoch:134 and AverageLoss:0.0015030422414872365
Test Loss: 0.0016
Epoch:135 and AverageLoss:0.0015011212717807151
Test Loss: 0.0015
Epoch:136 and AverageLoss:0.001499341962443403
Test Loss: 0.0015
Epoch:137 and AverageLoss:0.0014859691994892018
Test Loss: 0.0015
Epoch:138 and AverageLoss:0.0014911049090360468
Test Loss: 0.0015
Epoch:139 and AverageLoss:0.0014923950714975103
Test Loss: 0.0015
Epoch:140 and AverageLoss:0.0014717727016815376
Test Loss: 0.0015
Model Saved Successfully to: /home/ajinkyar/ml_models/recon_models/recon_t10_ill_uni_s8733_140.pth
Model Save Sucessfully
Epoch:141 and AverageLoss:0.0015089644830142848
Test Loss: 0.0015
Epoch:142 and AverageLoss:0.001462567357220379
Test Loss: 0.0015
Epoch:143 and AverageLoss:0.0014602833616062384
Test Loss: 0.0015
Epoch:144 and AverageLoss:0.0014640989333096783
Test Loss: 0.0015
Epoch:145 and AverageLoss:0.001473838489402609
Test Loss: 0.0015
Epoch:146 and AverageLoss:0.0014497828521921631
Test Loss: 0.0015
Epoch:147 and AverageLoss:0.0014636325136390862
Test Loss: 0.0015
Epoch:148 and AverageLoss:0.0014408467508744726
Test Loss: 0.0015
Epoch:149 and AverageLoss:0.0014596511144431554
Test Loss: 0.0015
Epoch:150 and AverageLoss:0.0014335524097415966
Test Loss: 0.0015
Model Saved Successfully to: /home/ajinkyar/ml_models/recon_models/recon_t10_ill_uni_s8733_150.pth
Model Save Sucessfully
Epoch:151 and AverageLoss:0.001437791748730512
Test Loss: 0.0015
Epoch:152 and AverageLoss:0.00143319015015467
Test Loss: 0.0015
Epoch:153 and AverageLoss:0.001436596956635125
Test Loss: 0.0014
Epoch:154 and AverageLoss:0.0014223147682510778
Test Loss: 0.0014
Epoch:155 and AverageLoss:0.001429089850867321
Test Loss: 0.0014
Epoch:156 and AverageLoss:0.0014143881156140061
Test Loss: 0.0014
Epoch:157 and AverageLoss:0.0014560848871613505
Test Loss: 0.0014
Epoch:158 and AverageLoss:0.001405360148536534
Test Loss: 0.0014
Epoch:159 and AverageLoss:0.0014115092666888963
Test Loss: 0.0014
Epoch:160 and AverageLoss:0.0014020358086015243
Test Loss: 0.0014
Model Saved Successfully to: /home/ajinkyar/ml_models/recon_models/recon_t10_ill_uni_s8733_160.pth
Model Save Sucessfully
Epoch:161 and AverageLoss:0.0013998949105085512
Test Loss: 0.0014
Epoch:162 and AverageLoss:0.001404050726555134
Test Loss: 0.0014
Epoch:163 and AverageLoss:0.0013949614790776236
Test Loss: 0.0014
Epoch:164 and AverageLoss:0.001402668880292961
Test Loss: 0.0014
Epoch:165 and AverageLoss:0.0013912788186749552
Test Loss: 0.0014
Epoch:166 and AverageLoss:0.0013801378146495115
Test Loss: 0.0014
Epoch:167 and AverageLoss:0.0013902795213382414
Test Loss: 0.0014
Epoch:168 and AverageLoss:0.0013759868318832687
Test Loss: 0.0014
Epoch:169 and AverageLoss:0.0013787873882573282
Test Loss: 0.0014
Epoch:170 and AverageLoss:0.0013740001494557527
Test Loss: 0.0015
Model Saved Successfully to: /home/ajinkyar/ml_models/recon_models/recon_t10_ill_uni_s8733_170.pth
Model Save Sucessfully
Epoch:171 and AverageLoss:0.00136913528628859
Test Loss: 0.0014
Epoch:172 and AverageLoss:0.0013705374230919328
Test Loss: 0.0014
Epoch:173 and AverageLoss:0.001365311672186579
Test Loss: 0.0014
Epoch:174 and AverageLoss:0.0013608533040233618
Test Loss: 0.0014
Epoch:175 and AverageLoss:0.0013711598471109177
Test Loss: 0.0014
Epoch:176 and AverageLoss:0.0013472940208734791
Test Loss: 0.0014
Epoch:177 and AverageLoss:0.001353430553182598
Test Loss: 0.0015
Epoch:178 and AverageLoss:0.0013479731154622326
Test Loss: 0.0014
Epoch:179 and AverageLoss:0.0013449041389096297
Test Loss: 0.0014
Epoch:180 and AverageLoss:0.0013496773703502922
Test Loss: 0.0014
Model Saved Successfully to: /home/ajinkyar/ml_models/recon_models/recon_t10_ill_uni_s8733_180.pth
Model Save Sucessfully
Epoch:181 and AverageLoss:0.0013393923325881686
Test Loss: 0.0014
Epoch:182 and AverageLoss:0.0013603713431478333
Test Loss: 0.0014
Epoch:183 and AverageLoss:0.0013270829062214243
Test Loss: 0.0013
Epoch:184 and AverageLoss:0.0013297518099752478
Test Loss: 0.0013
Epoch:185 and AverageLoss:0.0013299151027886859
Test Loss: 0.0013
Epoch:186 and AverageLoss:0.0013380574399445683
Test Loss: 0.0013
Epoch:187 and AverageLoss:0.0013189883065633167
Test Loss: 0.0014
Epoch:188 and AverageLoss:0.0013259456332769123
Test Loss: 0.0013
Epoch:189 and AverageLoss:0.0013179244339602714
Test Loss: 0.0013
Epoch:190 and AverageLoss:0.001317620311319166
Test Loss: 0.0013
Model Saved Successfully to: /home/ajinkyar/ml_models/recon_models/recon_t10_ill_uni_s8733_190.pth
Model Save Sucessfully
Epoch:191 and AverageLoss:0.0013160086177964887
Test Loss: 0.0014
Epoch:192 and AverageLoss:0.0013196284889699583
Test Loss: 0.0013
Epoch:193 and AverageLoss:0.0013129583280677868
Test Loss: 0.0013
Epoch:194 and AverageLoss:0.0013009723245112363
Test Loss: 0.0013
Epoch:195 and AverageLoss:0.0013036766003630671
Test Loss: 0.0014
Epoch:196 and AverageLoss:0.0013032557103881029
Test Loss: 0.0013
Epoch:197 and AverageLoss:0.0012955738703935783
Test Loss: 0.0013
Epoch:198 and AverageLoss:0.001296212770668251
Test Loss: 0.0013
Epoch:199 and AverageLoss:0.0012919264390953038
Test Loss: 0.0013
Model Save Sucessfully
  ✓ Saved: recon_t10_ill_uni_s8733_ReconstructionLoss.png
CUDA available: True
CUDA device count: 1
Using CUDA device: cuda:0
CUDA device name:Tesla V100-SXM2-16GB
CUDA memory allocated: 0.00 GB
Using device: cuda:0
Full dataset: 92160 samples
Class mapping (ALL classes): {'square': 0, 'rectangle': 1, 'trapezium': 2, 'triangle': 3, 'hexagon': 4, 'random': 5, 'all_in': 6, 'all_out': 7}

Initial class distribution:
  square         : 4608 samples
  rectangle      : 4608 samples
  trapezium      : 4608 samples
  triangle       : 4608 samples
  hexagon        : 4608 samples
  random         : 4605 samples
    → should_see 'square': 921
    → should_see 'rectangle': 921
    → should_see 'trapezium': 921
    → should_see 'triangle': 921
    → should_see 'hexagon': 921
  all_in         : 23040 samples
  all_out        : 23040 samples

Training set: 19345 samples
Validation set: 8300 samples
Validation class distribution:
  hexagon: 1383 samples
  random: 1385 samples
  rectangle: 1383 samples
  square: 1383 samples
  trapezium: 1383 samples
  triangle: 1383 samples

Sampling illusions to match validation random distribution:
  all_in: sampled 692 samples
  all_out: sampled 1385 samples

Test set: 11070 samples
Test set class distribution:
  all_in: 1385 samples
  all_out: 1385 samples
  hexagon: 1383 samples
  random: 1385 samples
  rectangle: 1383 samples
  square: 1383 samples
  trapezium: 1383 samples
  triangle: 1383 samples
Full dataset: 92160 samples
Class mapping (ALL classes): {'square': 0, 'rectangle': 1, 'trapezium': 2, 'triangle': 3, 'hexagon': 4, 'random': 5, 'all_in': 6, 'all_out': 7}

Initial class distribution:
  square         : 4608 samples
  rectangle      : 4608 samples
  trapezium      : 4608 samples
  triangle       : 4608 samples
  hexagon        : 4608 samples
  random         : 4605 samples
    → should_see 'square': 921
    → should_see 'rectangle': 921
    → should_see 'trapezium': 921
    → should_see 'triangle': 921
    → should_see 'hexagon': 921
  all_in         : 23040 samples
  all_out        : 23040 samples

Training set: 19345 samples
Validation set: 8300 samples
Validation class distribution:
  hexagon: 1383 samples
  random: 1385 samples
  rectangle: 1383 samples
  square: 1383 samples
  trapezium: 1383 samples
  triangle: 1383 samples

Sampling illusions to match validation random distribution:
  all_in: sampled 692 samples
  all_out: sampled 1385 samples

Test set: 11070 samples
Test set class distribution:
  all_in: 1385 samples
  all_out: 1385 samples
  hexagon: 1383 samples
  random: 1385 samples
  rectangle: 1383 samples
  square: 1383 samples
  trapezium: 1383 samples
  triangle: 1383 samples
Epoch:0 and AverageLoss:0.42119209888614406
Test Loss: 0.1150
Model Saved Successfully to: /home/ajinkyar/ml_models/recon_models/recon_t10_ill_uni_s5511_0.pth
Model Save Sucessfully
Epoch:1 and AverageLoss:0.0981317348701279
Test Loss: 0.0839
Epoch:2 and AverageLoss:0.0738779652155628
Test Loss: 0.0650
Epoch:3 and AverageLoss:0.05825680482763151
Test Loss: 0.0519
Epoch:4 and AverageLoss:0.04678282864037747
Test Loss: 0.0418
Epoch:5 and AverageLoss:0.03773886963632728
Test Loss: 0.0338
Epoch:6 and AverageLoss:0.030654732245674804
Test Loss: 0.0278
Epoch:7 and AverageLoss:0.025225924628147902
Test Loss: 0.0229
Epoch:8 and AverageLoss:0.021135895012700853
Test Loss: 0.0215
Epoch:9 and AverageLoss:0.018127936646650154
Test Loss: 0.0168
Epoch:10 and AverageLoss:0.01586342586035078
Test Loss: 0.0149
Model Saved Successfully to: /home/ajinkyar/ml_models/recon_models/recon_t10_ill_uni_s5511_10.pth
Model Save Sucessfully
Epoch:11 and AverageLoss:0.014253691693167548
Test Loss: 0.0134
Epoch:12 and AverageLoss:0.012922793613315737
Test Loss: 0.0123
Epoch:13 and AverageLoss:0.011814348847982435
Test Loss: 0.0113
Epoch:14 and AverageLoss:0.010878467713944491
Test Loss: 0.0104
Epoch:15 and AverageLoss:0.01000977270709243
Test Loss: 0.0096
Epoch:16 and AverageLoss:0.009263311215476248
Test Loss: 0.0088
Epoch:17 and AverageLoss:0.008585829824624846
Test Loss: 0.0082
Epoch:18 and AverageLoss:0.007983286417674366
Test Loss: 0.0077
Epoch:19 and AverageLoss:0.007438973655485479
Test Loss: 0.0071
Epoch:20 and AverageLoss:0.006976446519752056
Test Loss: 0.0067
Model Saved Successfully to: /home/ajinkyar/ml_models/recon_models/recon_t10_ill_uni_s5511_20.pth
Model Save Sucessfully
Epoch:21 and AverageLoss:0.00656036613893903
Test Loss: 0.0063
Epoch:22 and AverageLoss:0.006197712506352316
Test Loss: 0.0060
Epoch:23 and AverageLoss:0.005890046533058621
Test Loss: 0.0057
Epoch:24 and AverageLoss:0.005643718711423788
Test Loss: 0.0054
Epoch:25 and AverageLoss:0.005386018823959272
Test Loss: 0.0053
Epoch:26 and AverageLoss:0.005191349084796923
Test Loss: 0.0050
Epoch:27 and AverageLoss:0.004977608686948026
Test Loss: 0.0049
Epoch:28 and AverageLoss:0.004796484537222538
Test Loss: 0.0047
Epoch:29 and AverageLoss:0.004626486613511393
Test Loss: 0.0046
Epoch:30 and AverageLoss:0.004465136428321289
Test Loss: 0.0044
Model Saved Successfully to: /home/ajinkyar/ml_models/recon_models/recon_t10_ill_uni_s5511_30.pth
Model Save Sucessfully
Epoch:31 and AverageLoss:0.004322656012267213
Test Loss: 0.0042
Epoch:32 and AverageLoss:0.004193391028429912
Test Loss: 0.0041
Epoch:33 and AverageLoss:0.004063469193267736
Test Loss: 0.0040
Epoch:34 and AverageLoss:0.003962691310477589
Test Loss: 0.0039
Epoch:35 and AverageLoss:0.003845276461610155
Test Loss: 0.0038
Epoch:36 and AverageLoss:0.0037487225418463966
Test Loss: 0.0037
Epoch:37 and AverageLoss:0.0036601130715917703
Test Loss: 0.0037
Epoch:38 and AverageLoss:0.0035729777291109246
Test Loss: 0.0035
Epoch:39 and AverageLoss:0.003501701385190726
Test Loss: 0.0034
Epoch:40 and AverageLoss:0.0034297706178304825
Test Loss: 0.0034
Model Saved Successfully to: /home/ajinkyar/ml_models/recon_models/recon_t10_ill_uni_s5511_40.pth
Model Save Sucessfully
Epoch:41 and AverageLoss:0.0033844868678499537
Test Loss: 0.0033
Epoch:42 and AverageLoss:0.003290919629830005
Test Loss: 0.0033
Epoch:43 and AverageLoss:0.003237592578578879
Test Loss: 0.0032
Epoch:44 and AverageLoss:0.003174120401059208
Test Loss: 0.0032
Epoch:45 and AverageLoss:0.0031271572388354534
Test Loss: 0.0031
Epoch:46 and AverageLoss:0.0030549651883496356
Test Loss: 0.0030
Epoch:47 and AverageLoss:0.0030228020435714834
Test Loss: 0.0030
Epoch:48 and AverageLoss:0.002949620681489656
Test Loss: 0.0029
Epoch:49 and AverageLoss:0.0029131527388783955
Test Loss: 0.0029
Epoch:50 and AverageLoss:0.002856020119824362
Test Loss: 0.0029
Model Saved Successfully to: /home/ajinkyar/ml_models/recon_models/recon_t10_ill_uni_s5511_50.pth
Model Save Sucessfully
Epoch:51 and AverageLoss:0.0028172819326777966
Test Loss: 0.0028
Epoch:52 and AverageLoss:0.0027763209503417264
Test Loss: 0.0027
Epoch:53 and AverageLoss:0.002731196821642239
Test Loss: 0.0027
Epoch:54 and AverageLoss:0.002693241176364774
Test Loss: 0.0027
Epoch:55 and AverageLoss:0.0026507851952005733
Test Loss: 0.0026
Epoch:56 and AverageLoss:0.0026132113803928516
Test Loss: 0.0026
Epoch:57 and AverageLoss:0.0025817562485871883
Test Loss: 0.0025
Epoch:58 and AverageLoss:0.0025530188591681297
Test Loss: 0.0025
Epoch:59 and AverageLoss:0.002506473573831041
Test Loss: 0.0026
Epoch:60 and AverageLoss:0.002493419085556164
Test Loss: 0.0024
Model Saved Successfully to: /home/ajinkyar/ml_models/recon_models/recon_t10_ill_uni_s5511_60.pth
Model Save Sucessfully
Epoch:61 and AverageLoss:0.002448837507577721
Test Loss: 0.0024
Epoch:62 and AverageLoss:0.0024302484311763783
Test Loss: 0.0024
Epoch:63 and AverageLoss:0.002397930494909875
Test Loss: 0.0024
Epoch:64 and AverageLoss:0.0023723167344669943
Test Loss: 0.0024
Epoch:65 and AverageLoss:0.0023426537390909934
Test Loss: 0.0023
Epoch:66 and AverageLoss:0.002320398256656029
Test Loss: 0.0023
Epoch:67 and AverageLoss:0.0023055935289599157
Test Loss: 0.0023
Epoch:68 and AverageLoss:0.0022649545906100054
Test Loss: 0.0022
Epoch:69 and AverageLoss:0.002259890433912712
Test Loss: 0.0022
Epoch:70 and AverageLoss:0.002230767362937716
Test Loss: 0.0022
Model Saved Successfully to: /home/ajinkyar/ml_models/recon_models/recon_t10_ill_uni_s5511_70.pth
Model Save Sucessfully
Epoch:71 and AverageLoss:0.002210941985403457
Test Loss: 0.0023
Epoch:72 and AverageLoss:0.0021872226182998674
Test Loss: 0.0022
Epoch:73 and AverageLoss:0.002176149285009731
Test Loss: 0.0022
Epoch:74 and AverageLoss:0.002174845818730364
Test Loss: 0.0021
Epoch:75 and AverageLoss:0.0021285442026882347
Test Loss: 0.0021
Epoch:76 and AverageLoss:0.002114453754668732
Test Loss: 0.0021
Epoch:77 and AverageLoss:0.0021100735124912544
Test Loss: 0.0021
Epoch:78 and AverageLoss:0.002093212207594563
Test Loss: 0.0021
Epoch:79 and AverageLoss:0.0020719819102332396
Test Loss: 0.0021
Epoch:80 and AverageLoss:0.002054856589096714
Test Loss: 0.0020
Model Saved Successfully to: /home/ajinkyar/ml_models/recon_models/recon_t10_ill_uni_s5511_80.pth
Model Save Sucessfully
Epoch:81 and AverageLoss:0.0020468652994980003
Test Loss: 0.0020
Epoch:82 and AverageLoss:0.002022827256755703
Test Loss: 0.0022
Epoch:83 and AverageLoss:0.0020236343976152552
Test Loss: 0.0020
Epoch:84 and AverageLoss:0.0020039071500193603
Test Loss: 0.0020
Epoch:85 and AverageLoss:0.001992171059491513
Test Loss: 0.0020
Epoch:86 and AverageLoss:0.00197031043112963
Test Loss: 0.0019
Epoch:87 and AverageLoss:0.001971990243851184
Test Loss: 0.0019
Epoch:88 and AverageLoss:0.001954111796880741
Test Loss: 0.0019
Epoch:89 and AverageLoss:0.0019322367270057637
Test Loss: 0.0019
Epoch:90 and AverageLoss:0.0019276873259093182
Test Loss: 0.0019
Model Saved Successfully to: /home/ajinkyar/ml_models/recon_models/recon_t10_ill_uni_s5511_90.pth
Model Save Sucessfully
Epoch:91 and AverageLoss:0.001935298819660617
Test Loss: 0.0019
Epoch:92 and AverageLoss:0.0018983406708902903
Test Loss: 0.0019
Epoch:93 and AverageLoss:0.0018956882877694827
Test Loss: 0.0019
Epoch:94 and AverageLoss:0.0018814308778094205
Test Loss: 0.0019
Epoch:95 and AverageLoss:0.0018800911791853545
Test Loss: 0.0019
Epoch:96 and AverageLoss:0.0018676032842818093
Test Loss: 0.0018
Epoch:97 and AverageLoss:0.0018549073111816224
Test Loss: 0.0018
Epoch:98 and AverageLoss:0.0018475805353931312
Test Loss: 0.0018
Epoch:99 and AverageLoss:0.0018396601280532316
Test Loss: 0.0018
Epoch:100 and AverageLoss:0.0018242931896378094
Test Loss: 0.0018
Model Saved Successfully to: /home/ajinkyar/ml_models/recon_models/recon_t10_ill_uni_s5511_100.pth
Model Save Sucessfully
Epoch:101 and AverageLoss:0.001825324911046927
Test Loss: 0.0018
Epoch:102 and AverageLoss:0.0018028348524600636
Test Loss: 0.0018
Epoch:103 and AverageLoss:0.0018112899736532065
Test Loss: 0.0018
Epoch:104 and AverageLoss:0.0017898182631451022
Test Loss: 0.0018
Epoch:105 and AverageLoss:0.001794550363416976
Test Loss: 0.0018
Epoch:106 and AverageLoss:0.001770163974522667
Test Loss: 0.0018
Epoch:107 and AverageLoss:0.0017673440408904474
Test Loss: 0.0017
Epoch:108 and AverageLoss:0.0017689145713744392
Test Loss: 0.0017
Epoch:109 and AverageLoss:0.0017465495637691126
Test Loss: 0.0017
Epoch:110 and AverageLoss:0.0017473833685479135
Test Loss: 0.0017
Model Saved Successfully to: /home/ajinkyar/ml_models/recon_models/recon_t10_ill_uni_s5511_110.pth
Model Save Sucessfully
Epoch:111 and AverageLoss:0.0017348509933703294
Test Loss: 0.0017
Epoch:112 and AverageLoss:0.00172664292232703
Test Loss: 0.0017
Epoch:113 and AverageLoss:0.0017314805001720848
Test Loss: 0.0017
Epoch:114 and AverageLoss:0.0017128028011638363
Test Loss: 0.0017
Epoch:115 and AverageLoss:0.0017023979980125253
Test Loss: 0.0017
Epoch:116 and AverageLoss:0.0017147908838223357
Test Loss: 0.0017
Epoch:117 and AverageLoss:0.001692377071258081
Test Loss: 0.0018
Epoch:118 and AverageLoss:0.0016848649295654978
Test Loss: 0.0017
Epoch:119 and AverageLoss:0.0016822048923778078
Test Loss: 0.0017
Epoch:120 and AverageLoss:0.00167225980082496
Test Loss: 0.0017
Model Saved Successfully to: /home/ajinkyar/ml_models/recon_models/recon_t10_ill_uni_s5511_120.pth
Model Save Sucessfully
Epoch:121 and AverageLoss:0.0016666143949332162
Test Loss: 0.0016
Epoch:122 and AverageLoss:0.001659930562446556
Test Loss: 0.0016
Epoch:123 and AverageLoss:0.0016511275932339043
Test Loss: 0.0016
Epoch:124 and AverageLoss:0.0016475669971825016
Test Loss: 0.0016
Epoch:125 and AverageLoss:0.0016491984191335245
Test Loss: 0.0016
Epoch:126 and AverageLoss:0.0016273773491309478
Test Loss: 0.0016
Epoch:127 and AverageLoss:0.001631792224385614
Test Loss: 0.0016
Epoch:128 and AverageLoss:0.0016200594906598976
Test Loss: 0.0016
Epoch:129 and AverageLoss:0.001623767785283483
Test Loss: 0.0016
Epoch:130 and AverageLoss:0.0016051594395005751
Test Loss: 0.0016
Model Saved Successfully to: /home/ajinkyar/ml_models/recon_models/recon_t10_ill_uni_s5511_130.pth
Model Save Sucessfully
Epoch:131 and AverageLoss:0.0016061630983228896
Test Loss: 0.0017
Epoch:132 and AverageLoss:0.0015995740683168204
Test Loss: 0.0016
Epoch:133 and AverageLoss:0.0015881996554195541
Test Loss: 0.0016
Epoch:134 and AverageLoss:0.001593801124388937
Test Loss: 0.0016
Epoch:135 and AverageLoss:0.001577555409282415
Test Loss: 0.0016
Epoch:136 and AverageLoss:0.0015783936989374366
Test Loss: 0.0016
Epoch:137 and AverageLoss:0.0015687673818801091
Test Loss: 0.0016
Epoch:138 and AverageLoss:0.001578185064881686
Test Loss: 0.0015
Epoch:139 and AverageLoss:0.0015534703871851
Test Loss: 0.0015
Epoch:140 and AverageLoss:0.0015503160096512537
Test Loss: 0.0015
Model Saved Successfully to: /home/ajinkyar/ml_models/recon_models/recon_t10_ill_uni_s5511_140.pth
Model Save Sucessfully
Epoch:141 and AverageLoss:0.0015583520869181823
Test Loss: 0.0015
Epoch:142 and AverageLoss:0.0015438961931639004
Test Loss: 0.0018
Epoch:143 and AverageLoss:0.0015421758236532862
Test Loss: 0.0015
Epoch:144 and AverageLoss:0.001533342166495902
Test Loss: 0.0015
Epoch:145 and AverageLoss:0.0015261801056398372
Test Loss: 0.0015
Epoch:146 and AverageLoss:0.001524952086831697
Test Loss: 0.0015
Epoch:147 and AverageLoss:0.001518301091884255
Test Loss: 0.0015
Epoch:148 and AverageLoss:0.0015300187844617585
Test Loss: 0.0015
Epoch:149 and AverageLoss:0.0015069789629360308
Test Loss: 0.0015
Epoch:150 and AverageLoss:0.001503383274399868
Test Loss: 0.0015
Model Saved Successfully to: /home/ajinkyar/ml_models/recon_models/recon_t10_ill_uni_s5511_150.pth
Model Save Sucessfully
Epoch:151 and AverageLoss:0.0014979494640590192
Test Loss: 0.0017
Epoch:152 and AverageLoss:0.0015023163452933057
Test Loss: 0.0015
Epoch:153 and AverageLoss:0.0014855563337529802
Test Loss: 0.0015
Epoch:154 and AverageLoss:0.0014917521344493952
Test Loss: 0.0015
Epoch:155 and AverageLoss:0.0014799205407842778
Test Loss: 0.0015
Epoch:156 and AverageLoss:0.0014793457759713585
Test Loss: 0.0015
Epoch:157 and AverageLoss:0.0014727584214800245
Test Loss: 0.0015
Epoch:158 and AverageLoss:0.0014664979019223458
Test Loss: 0.0015
Epoch:159 and AverageLoss:0.0014620256282616222
Test Loss: 0.0014
Epoch:160 and AverageLoss:0.0014645405609664808
Test Loss: 0.0015
Model Saved Successfully to: /home/ajinkyar/ml_models/recon_models/recon_t10_ill_uni_s5511_160.pth
Model Save Sucessfully
Epoch:161 and AverageLoss:0.0014521147541544008
Test Loss: 0.0015
Epoch:162 and AverageLoss:0.0014469794448453564
Test Loss: 0.0014
Epoch:163 and AverageLoss:0.0014467715572667778
Test Loss: 0.0014
Epoch:164 and AverageLoss:0.0014488886644215178
Test Loss: 0.0015
Epoch:165 and AverageLoss:0.0014369855852545555
Test Loss: 0.0014
Epoch:166 and AverageLoss:0.0014325900629647691
Test Loss: 0.0014
Epoch:167 and AverageLoss:0.0014318975996156801
Test Loss: 0.0014
Epoch:168 and AverageLoss:0.0014200523861997553
Test Loss: 0.0014
Epoch:169 and AverageLoss:0.0014230200324750174
Test Loss: 0.0014
Epoch:170 and AverageLoss:0.001419869584800129
Test Loss: 0.0014
Model Saved Successfully to: /home/ajinkyar/ml_models/recon_models/recon_t10_ill_uni_s5511_170.pth
Model Save Sucessfully
Epoch:171 and AverageLoss:0.0014265847108798286
Test Loss: 0.0014
Epoch:172 and AverageLoss:0.0014022518641340416
Test Loss: 0.0014
Epoch:173 and AverageLoss:0.0014128083938517231
Test Loss: 0.0016
Epoch:174 and AverageLoss:0.001397629922100974
Test Loss: 0.0014
Epoch:175 and AverageLoss:0.0013965808668352801
Test Loss: 0.0014
Epoch:176 and AverageLoss:0.0014060394172672151
Test Loss: 0.0014
Epoch:177 and AverageLoss:0.001386211464885807
Test Loss: 0.0014
Epoch:178 and AverageLoss:0.0013870701574083526
Test Loss: 0.0014
Epoch:179 and AverageLoss:0.001385363805601335
Test Loss: 0.0014
Epoch:180 and AverageLoss:0.001381623608008227
Test Loss: 0.0014
Model Saved Successfully to: /home/ajinkyar/ml_models/recon_models/recon_t10_ill_uni_s5511_180.pth
Model Save Sucessfully
Epoch:181 and AverageLoss:0.001376958316421013
Test Loss: 0.0014
Epoch:182 and AverageLoss:0.001376865214830811
Test Loss: 0.0014
Epoch:183 and AverageLoss:0.001367317987673277
Test Loss: 0.0014
Epoch:184 and AverageLoss:0.0013629003160456118
Test Loss: 0.0014
Epoch:185 and AverageLoss:0.0013622289320477092
Test Loss: 0.0013
Epoch:186 and AverageLoss:0.0013614435115451963
Test Loss: 0.0015
Epoch:187 and AverageLoss:0.0013531814007019271
Test Loss: 0.0013
Epoch:188 and AverageLoss:0.001353303833661624
Test Loss: 0.0013
Epoch:189 and AverageLoss:0.0013455331895821767
Test Loss: 0.0013
Epoch:190 and AverageLoss:0.001345004794146473
Test Loss: 0.0013
Model Saved Successfully to: /home/ajinkyar/ml_models/recon_models/recon_t10_ill_uni_s5511_190.pth
Model Save Sucessfully
Epoch:191 and AverageLoss:0.0013390710842670595
Test Loss: 0.0013
Epoch:192 and AverageLoss:0.001337864013722605
Test Loss: 0.0013
Epoch:193 and AverageLoss:0.00133508689062235
Test Loss: 0.0013
Epoch:194 and AverageLoss:0.0013356551819977405
Test Loss: 0.0013
Epoch:195 and AverageLoss:0.00132371287014574
Test Loss: 0.0013
Epoch:196 and AverageLoss:0.0013274142922966334
Test Loss: 0.0013
Epoch:197 and AverageLoss:0.0013254945726116564
Test Loss: 0.0013
Epoch:198 and AverageLoss:0.0013109654264403354
Test Loss: 0.0013
Epoch:199 and AverageLoss:0.0013502645252170503
Test Loss: 0.0013
Model Save Sucessfully
  ✓ Saved: recon_t10_ill_uni_s5511_ReconstructionLoss.png
Batch 1 completed at Wed Jan 21 15:28:03 IST 2026
---
Started recon_t10_ill_uni_s5234 on GPU 0 (PID: 5618)
CUDA available: True
CUDA device count: 1
Using CUDA device: cuda:0
CUDA device name:Tesla V100-SXM2-16GB
CUDA memory allocated: 0.00 GB
Using device: cuda:0
Full dataset: 92160 samples
Class mapping (ALL classes): {'square': 0, 'rectangle': 1, 'trapezium': 2, 'triangle': 3, 'hexagon': 4, 'random': 5, 'all_in': 6, 'all_out': 7}

Initial class distribution:
  square         : 4608 samples
  rectangle      : 4608 samples
  trapezium      : 4608 samples
  triangle       : 4608 samples
  hexagon        : 4608 samples
  random         : 4605 samples
    → should_see 'square': 921
    → should_see 'rectangle': 921
    → should_see 'trapezium': 921
    → should_see 'triangle': 921
    → should_see 'hexagon': 921
  all_in         : 23040 samples
  all_out        : 23040 samples

Training set: 19345 samples
Validation set: 8300 samples
Validation class distribution:
  hexagon: 1383 samples
  random: 1385 samples
  rectangle: 1383 samples
  square: 1383 samples
  trapezium: 1383 samples
  triangle: 1383 samples

Sampling illusions to match validation random distribution:
  all_in: sampled 692 samples
  all_out: sampled 1385 samples

Test set: 11070 samples
Test set class distribution:
  all_in: 1385 samples
  all_out: 1385 samples
  hexagon: 1383 samples
  random: 1385 samples
  rectangle: 1383 samples
  square: 1383 samples
  trapezium: 1383 samples
  triangle: 1383 samples
Full dataset: 92160 samples
Class mapping (ALL classes): {'square': 0, 'rectangle': 1, 'trapezium': 2, 'triangle': 3, 'hexagon': 4, 'random': 5, 'all_in': 6, 'all_out': 7}

Initial class distribution:
  square         : 4608 samples
  rectangle      : 4608 samples
  trapezium      : 4608 samples
  triangle       : 4608 samples
  hexagon        : 4608 samples
  random         : 4605 samples
    → should_see 'square': 921
    → should_see 'rectangle': 921
    → should_see 'trapezium': 921
    → should_see 'triangle': 921
    → should_see 'hexagon': 921
  all_in         : 23040 samples
  all_out        : 23040 samples

Training set: 19345 samples
Validation set: 8300 samples
Validation class distribution:
  hexagon: 1383 samples
  random: 1385 samples
  rectangle: 1383 samples
  square: 1383 samples
  trapezium: 1383 samples
  triangle: 1383 samples

Sampling illusions to match validation random distribution:
  all_in: sampled 692 samples
  all_out: sampled 1385 samples

Test set: 11070 samples
Test set class distribution:
  all_in: 1385 samples
  all_out: 1385 samples
  hexagon: 1383 samples
  random: 1385 samples
  rectangle: 1383 samples
  square: 1383 samples
  trapezium: 1383 samples
  triangle: 1383 samples
Epoch:0 and AverageLoss:0.3664460436802758
Test Loss: 0.0953
Model Saved Successfully to: /home/ajinkyar/ml_models/recon_models/recon_t10_ill_uni_s5234_0.pth
Model Save Sucessfully
Epoch:1 and AverageLoss:0.08025576443650013
Test Loss: 0.0676
Epoch:2 and AverageLoss:0.060592401364802824
Test Loss: 0.0539
Epoch:3 and AverageLoss:0.04937253437536068
Test Loss: 0.0445
Epoch:4 and AverageLoss:0.04094294648355812
Test Loss: 0.0371
Epoch:5 and AverageLoss:0.034283152100252956
Test Loss: 0.0313
Epoch:6 and AverageLoss:0.029176792368477533
Test Loss: 0.0269
Epoch:7 and AverageLoss:0.025219283420746485
Test Loss: 0.0235
Epoch:8 and AverageLoss:0.022058898001940042
Test Loss: 0.0207
Epoch:9 and AverageLoss:0.019428295300780864
Test Loss: 0.0182
Epoch:10 and AverageLoss:0.01717315287683313
Test Loss: 0.0161
Model Saved Successfully to: /home/ajinkyar/ml_models/recon_models/recon_t10_ill_uni_s5234_10.pth
Model Save Sucessfully
Epoch:11 and AverageLoss:0.015212656454806609
Test Loss: 0.0143
Epoch:12 and AverageLoss:0.013507431946417764
Test Loss: 0.0127
Epoch:13 and AverageLoss:0.012075806384875385
Test Loss: 0.0114
Epoch:14 and AverageLoss:0.010864976547227418
Test Loss: 0.0103
Epoch:15 and AverageLoss:0.009808693376508318
Test Loss: 0.0093
Epoch:16 and AverageLoss:0.00890628048622873
Test Loss: 0.0085
Epoch:17 and AverageLoss:0.008120885492140843
Test Loss: 0.0078
Epoch:18 and AverageLoss:0.007438329690182197
Test Loss: 0.0072
Epoch:19 and AverageLoss:0.006876293279245989
Test Loss: 0.0066
Epoch:20 and AverageLoss:0.006375980401827284
Test Loss: 0.0062
Model Saved Successfully to: /home/ajinkyar/ml_models/recon_models/recon_t10_ill_uni_s5234_20.pth
Model Save Sucessfully
Epoch:21 and AverageLoss:0.005968560769188041
Test Loss: 0.0058
Epoch:22 and AverageLoss:0.005603479093983616
Test Loss: 0.0057
Epoch:23 and AverageLoss:0.005299804911637017
Test Loss: 0.0052
Epoch:24 and AverageLoss:0.005029429303970927
Test Loss: 0.0049
Epoch:25 and AverageLoss:0.00479488335222714
Test Loss: 0.0047
Epoch:26 and AverageLoss:0.004569638294383329
Test Loss: 0.0045
Epoch:27 and AverageLoss:0.004390642297558086
Test Loss: 0.0043
Epoch:28 and AverageLoss:0.004236542112251728
Test Loss: 0.0041
Epoch:29 and AverageLoss:0.004076687478140951
Test Loss: 0.0040
Epoch:30 and AverageLoss:0.004031095540724418
Test Loss: 0.0039
Model Saved Successfully to: /home/ajinkyar/ml_models/recon_models/recon_t10_ill_uni_s5234_30.pth
Model Save Sucessfully
Epoch:31 and AverageLoss:0.003837190555458627
Test Loss: 0.0038
Epoch:32 and AverageLoss:0.0037481399817769377
Test Loss: 0.0037
Epoch:33 and AverageLoss:0.0036577444840107144
Test Loss: 0.0036
Epoch:34 and AverageLoss:0.003578056565443562
Test Loss: 0.0035
Epoch:35 and AverageLoss:0.0034753603900182406
Test Loss: 0.0034
Epoch:36 and AverageLoss:0.0033984014645126485
Test Loss: 0.0034
Epoch:37 and AverageLoss:0.003317030618151973
Test Loss: 0.0033
Epoch:38 and AverageLoss:0.0032366108638042014
Test Loss: 0.0032
Epoch:39 and AverageLoss:0.0031794878790801593
Test Loss: 0.0031
Epoch:40 and AverageLoss:0.003103718299164691
Test Loss: 0.0031
Model Saved Successfully to: /home/ajinkyar/ml_models/recon_models/recon_t10_ill_uni_s5234_40.pth
Model Save Sucessfully
Epoch:41 and AverageLoss:0.003041115931229481
Test Loss: 0.0030
Epoch:42 and AverageLoss:0.0029934341225519097
Test Loss: 0.0030
Epoch:43 and AverageLoss:0.00292116205168557
Test Loss: 0.0029
Epoch:44 and AverageLoss:0.002874904382427431
Test Loss: 0.0028
Epoch:45 and AverageLoss:0.0028337402637732363
Test Loss: 0.0028
Epoch:46 and AverageLoss:0.0027928403220312623
Test Loss: 0.0028
Epoch:47 and AverageLoss:0.002737378228931064
Test Loss: 0.0027
Epoch:48 and AverageLoss:0.0027146239751518883
Test Loss: 0.0027
Epoch:49 and AverageLoss:0.002659655537615984
Test Loss: 0.0027
Epoch:50 and AverageLoss:0.0026239321554129683
Test Loss: 0.0026
Model Saved Successfully to: /home/ajinkyar/ml_models/recon_models/recon_t10_ill_uni_s5234_50.pth
Model Save Sucessfully
Epoch:51 and AverageLoss:0.0025865749301088683
Test Loss: 0.0026
Epoch:52 and AverageLoss:0.002547400116955107
Test Loss: 0.0025
Epoch:53 and AverageLoss:0.0025173734324168383
Test Loss: 0.0025
Epoch:54 and AverageLoss:0.002477352757561059
Test Loss: 0.0025
Epoch:55 and AverageLoss:0.0024580631760133752
Test Loss: 0.0024
Epoch:56 and AverageLoss:0.0024162612038602944
Test Loss: 0.0024
Epoch:57 and AverageLoss:0.0023898502132539785
Test Loss: 0.0024
Epoch:58 and AverageLoss:0.0023671076495935446
Test Loss: 0.0024
Epoch:59 and AverageLoss:0.0023407068301746544
Test Loss: 0.0023
Epoch:60 and AverageLoss:0.002305719706572377
Test Loss: 0.0023
Model Saved Successfully to: /home/ajinkyar/ml_models/recon_models/recon_t10_ill_uni_s5234_60.pth
Model Save Sucessfully
Epoch:61 and AverageLoss:0.0023196327968111863
Test Loss: 0.0023
Epoch:62 and AverageLoss:0.002256260776876911
Test Loss: 0.0023
Epoch:63 and AverageLoss:0.0022358560228955063
Test Loss: 0.0022
Epoch:64 and AverageLoss:0.00222124803132062
Test Loss: 0.0022
Epoch:65 and AverageLoss:0.00219622329969444
Test Loss: 0.0022
Epoch:66 and AverageLoss:0.002181546842440778
Test Loss: 0.0022
Epoch:67 and AverageLoss:0.0021527136497060994
Test Loss: 0.0021
Epoch:68 and AverageLoss:0.0021404600271681894
Test Loss: 0.0021
Epoch:69 and AverageLoss:0.002108406815254553
Test Loss: 0.0021
Epoch:70 and AverageLoss:0.002098088105082173
Test Loss: 0.0021
Model Saved Successfully to: /home/ajinkyar/ml_models/recon_models/recon_t10_ill_uni_s5234_70.pth
Model Save Sucessfully
Epoch:71 and AverageLoss:0.0020946401851117025
Test Loss: 0.0021
Epoch:72 and AverageLoss:0.0020498132505377153
Test Loss: 0.0020
Epoch:73 and AverageLoss:0.0020495165211113922
Test Loss: 0.0020
Epoch:74 and AverageLoss:0.0020181164595256137
Test Loss: 0.0020
Epoch:75 and AverageLoss:0.0020280704051371633
Test Loss: 0.0020
Epoch:76 and AverageLoss:0.001985276010405072
Test Loss: 0.0020
Epoch:77 and AverageLoss:0.002001600974520345
Test Loss: 0.0020
Epoch:78 and AverageLoss:0.001957689255354772
Test Loss: 0.0020
Epoch:79 and AverageLoss:0.001945572570428129
Test Loss: 0.0019
Epoch:80 and AverageLoss:0.0019389887170554408
Test Loss: 0.0019
Model Saved Successfully to: /home/ajinkyar/ml_models/recon_models/recon_t10_ill_uni_s5234_80.pth
Model Save Sucessfully
Epoch:81 and AverageLoss:0.0019238132739070157
Test Loss: 0.0019
Epoch:82 and AverageLoss:0.001911616050503563
Test Loss: 0.0019
Epoch:83 and AverageLoss:0.001897969840225294
Test Loss: 0.0019
Epoch:84 and AverageLoss:0.001882373449856354
Test Loss: 0.0019
Epoch:85 and AverageLoss:0.0018710218052945507
Test Loss: 0.0019
Epoch:86 and AverageLoss:0.001855841080161689
Test Loss: 0.0019
Epoch:87 and AverageLoss:0.0018443253664838627
Test Loss: 0.0022
Epoch:88 and AverageLoss:0.001834239643298028
Test Loss: 0.0018
Epoch:89 and AverageLoss:0.0018180540764284867
Test Loss: 0.0018
Epoch:90 and AverageLoss:0.0018058858943183344
Test Loss: 0.0018
Model Saved Successfully to: /home/ajinkyar/ml_models/recon_models/recon_t10_ill_uni_s5234_90.pth
Model Save Sucessfully
Epoch:91 and AverageLoss:0.0018031596009377082
Test Loss: 0.0018
Epoch:92 and AverageLoss:0.00178481775628449
Test Loss: 0.0018
Epoch:93 and AverageLoss:0.0017714380218805206
Test Loss: 0.0018
Epoch:94 and AverageLoss:0.0017678004918977896
Test Loss: 0.0018
Epoch:95 and AverageLoss:0.001805585149766046
Test Loss: 0.0017
Epoch:96 and AverageLoss:0.0017388003764285374
Test Loss: 0.0017
Epoch:97 and AverageLoss:0.0017319657115365786
Test Loss: 0.0017
Epoch:98 and AverageLoss:0.0017330557279181013
Test Loss: 0.0017
Epoch:99 and AverageLoss:0.0017147850010001432
Test Loss: 0.0017
Epoch:100 and AverageLoss:0.0017112152721186376
Test Loss: 0.0017
Model Saved Successfully to: /home/ajinkyar/ml_models/recon_models/recon_t10_ill_uni_s5234_100.pth
Model Save Sucessfully
Epoch:101 and AverageLoss:0.0017011172793832538
Test Loss: 0.0017
Epoch:102 and AverageLoss:0.0016895043577090645
Test Loss: 0.0017
Epoch:103 and AverageLoss:0.0016900951046138724
Test Loss: 0.0017
Epoch:104 and AverageLoss:0.001668234525560132
Test Loss: 0.0017
Epoch:105 and AverageLoss:0.0016685744275123436
Test Loss: 0.0017
Epoch:106 and AverageLoss:0.0016612904985754727
Test Loss: 0.0016
Epoch:107 and AverageLoss:0.0016449564641672534
Test Loss: 0.0016
Epoch:108 and AverageLoss:0.0016431226007821238
Test Loss: 0.0016
Epoch:109 and AverageLoss:0.0016562745604310032
Test Loss: 0.0017
Epoch:110 and AverageLoss:0.0016194191238889087
Test Loss: 0.0016
Model Saved Successfully to: /home/ajinkyar/ml_models/recon_models/recon_t10_ill_uni_s5234_110.pth
Model Save Sucessfully
Epoch:111 and AverageLoss:0.001615421994673935
Test Loss: 0.0016
Epoch:112 and AverageLoss:0.0016082564330600155
Test Loss: 0.0016
Epoch:113 and AverageLoss:0.0016055883556385024
Test Loss: 0.0016
Epoch:114 and AverageLoss:0.001593117073490015
Test Loss: 0.0016
Epoch:115 and AverageLoss:0.0015870575763743124
Test Loss: 0.0016
Epoch:116 and AverageLoss:0.001577573524612918
Test Loss: 0.0016
Epoch:117 and AverageLoss:0.0015767004722363723
Test Loss: 0.0016
Epoch:118 and AverageLoss:0.0015622521543775278
Test Loss: 0.0016
Epoch:119 and AverageLoss:0.0015777049962361922
Test Loss: 0.0016
Epoch:120 and AverageLoss:0.0015441379995731837
Test Loss: 0.0015
Model Saved Successfully to: /home/ajinkyar/ml_models/recon_models/recon_t10_ill_uni_s5234_120.pth
Model Save Sucessfully
Epoch:121 and AverageLoss:0.0015402616358608438
Test Loss: 0.0016
Epoch:122 and AverageLoss:0.001544988657995358
Test Loss: 0.0015
Epoch:123 and AverageLoss:0.0015288050587612305
Test Loss: 0.0015
Epoch:124 and AverageLoss:0.0015354686357034754
Test Loss: 0.0015
Epoch:125 and AverageLoss:0.0015124506039269777
Test Loss: 0.0015
Epoch:126 and AverageLoss:0.001514714620242565
Test Loss: 0.0015
Epoch:127 and AverageLoss:0.0015112571673244546
Test Loss: 0.0015
Epoch:128 and AverageLoss:0.0014969632769155524
Test Loss: 0.0015
Epoch:129 and AverageLoss:0.0014956690626476761
Test Loss: 0.0015
Epoch:130 and AverageLoss:0.0014857059270807365
Test Loss: 0.0015
Model Saved Successfully to: /home/ajinkyar/ml_models/recon_models/recon_t10_ill_uni_s5234_130.pth
Model Save Sucessfully
Epoch:131 and AverageLoss:0.0014815095081840727
Test Loss: 0.0015
Epoch:132 and AverageLoss:0.0015098466143427679
Test Loss: 0.0015
Epoch:133 and AverageLoss:0.0014635502214760958
Test Loss: 0.0015
Epoch:134 and AverageLoss:0.001459746026965089
Test Loss: 0.0015
Epoch:135 and AverageLoss:0.001475660320638856
Test Loss: 0.0015
Epoch:136 and AverageLoss:0.0014513660012311419
Test Loss: 0.0014
Epoch:137 and AverageLoss:0.0014494977652601327
Test Loss: 0.0015
Epoch:138 and AverageLoss:0.0014452434979304132
Test Loss: 0.0014
Epoch:139 and AverageLoss:0.0014446869173591326
Test Loss: 0.0014
Epoch:140 and AverageLoss:0.0014394853389889295
Test Loss: 0.0014
Model Saved Successfully to: /home/ajinkyar/ml_models/recon_models/recon_t10_ill_uni_s5234_140.pth
Model Save Sucessfully
Epoch:141 and AverageLoss:0.0014221045793051455
Test Loss: 0.0014
Epoch:142 and AverageLoss:0.0014259236079904305
Test Loss: 0.0015
Epoch:143 and AverageLoss:0.0014173556423470886
Test Loss: 0.0014
Epoch:144 and AverageLoss:0.0014122717714125737
Test Loss: 0.0014
Epoch:145 and AverageLoss:0.0014139150419899779
Test Loss: 0.0014
Epoch:146 and AverageLoss:0.0013951899085486354
Test Loss: 0.0014
Epoch:147 and AverageLoss:0.0013960529296045106
Test Loss: 0.0014
Epoch:148 and AverageLoss:0.0013959708916791136
Test Loss: 0.0014
Epoch:149 and AverageLoss:0.0013799576430575738
Test Loss: 0.0014
Epoch:150 and AverageLoss:0.0013849639018934051
Test Loss: 0.0014
Model Saved Successfully to: /home/ajinkyar/ml_models/recon_models/recon_t10_ill_uni_s5234_150.pth
Model Save Sucessfully
Epoch:151 and AverageLoss:0.0013756121810398656
Test Loss: 0.0014
Epoch:152 and AverageLoss:0.0013706868217126583
Test Loss: 0.0014
Epoch:153 and AverageLoss:0.001359412504825741
Test Loss: 0.0014
Epoch:154 and AverageLoss:0.0013659630459781412
Test Loss: 0.0014
Epoch:155 and AverageLoss:0.0013652303503116224
Test Loss: 0.0014
Epoch:156 and AverageLoss:0.001343394671869849
Test Loss: 0.0013
Epoch:157 and AverageLoss:0.0013462567440001294
Test Loss: 0.0013
Epoch:158 and AverageLoss:0.001347271032455331
Test Loss: 0.0013
Epoch:159 and AverageLoss:0.0013288243181622502
Test Loss: 0.0013
Epoch:160 and AverageLoss:0.0013329546570523896
Test Loss: 0.0013
Model Saved Successfully to: /home/ajinkyar/ml_models/recon_models/recon_t10_ill_uni_s5234_160.pth
Model Save Sucessfully
Epoch:161 and AverageLoss:0.0013293880609216262
Test Loss: 0.0013
Epoch:162 and AverageLoss:0.0013181283754442842
Test Loss: 0.0013
Epoch:163 and AverageLoss:0.0013187147982655215
Test Loss: 0.0013
Epoch:164 and AverageLoss:0.0013100456736004364
Test Loss: 0.0013
Epoch:165 and AverageLoss:0.0013119751679632151
Test Loss: 0.0013
Epoch:166 and AverageLoss:0.0013189128637823761
Test Loss: 0.0013
Epoch:167 and AverageLoss:0.0012927262536067254
Test Loss: 0.0013
Epoch:168 and AverageLoss:0.0012963538674814704
Test Loss: 0.0013
Epoch:169 and AverageLoss:0.0012874777151237065
Test Loss: 0.0013
Epoch:170 and AverageLoss:0.0013448983698569562
Test Loss: 0.0013
Model Saved Successfully to: /home/ajinkyar/ml_models/recon_models/recon_t10_ill_uni_s5234_170.pth
Model Save Sucessfully
Epoch:171 and AverageLoss:0.0012772092305860783
Test Loss: 0.0013
Epoch:172 and AverageLoss:0.0012741584048417882
Test Loss: 0.0013
Epoch:173 and AverageLoss:0.0012741701482373775
Test Loss: 0.0013
Epoch:174 and AverageLoss:0.0012748265987231342
Test Loss: 0.0013
Epoch:175 and AverageLoss:0.0012708319103814784
Test Loss: 0.0013
Epoch:176 and AverageLoss:0.0012689972162142796
Test Loss: 0.0013
Epoch:177 and AverageLoss:0.0012579350860949128
Test Loss: 0.0013
Epoch:178 and AverageLoss:0.0012596730447820704
Test Loss: 0.0013
Epoch:179 and AverageLoss:0.0012509691389951054
Test Loss: 0.0012
Epoch:180 and AverageLoss:0.0012664191326470892
Test Loss: 0.0012
Model Saved Successfully to: /home/ajinkyar/ml_models/recon_models/recon_t10_ill_uni_s5234_180.pth
Model Save Sucessfully
Epoch:181 and AverageLoss:0.0012395348734691861
Test Loss: 0.0012
Epoch:182 and AverageLoss:0.0012433800418439806
Test Loss: 0.0012
Epoch:183 and AverageLoss:0.00123697051247832
Test Loss: 0.0012
Epoch:184 and AverageLoss:0.0012328287000644737
Test Loss: 0.0012
Epoch:185 and AverageLoss:0.0012349373668678536
Test Loss: 0.0012
Epoch:186 and AverageLoss:0.0012256791035852525
Test Loss: 0.0012
Epoch:187 and AverageLoss:0.001221276684770022
Test Loss: 0.0012
Epoch:188 and AverageLoss:0.001218399145878074
Test Loss: 0.0012
Epoch:189 and AverageLoss:0.0012345675263344118
Test Loss: 0.0012
Epoch:190 and AverageLoss:0.0012052750078074188
Test Loss: 0.0012
Model Saved Successfully to: /home/ajinkyar/ml_models/recon_models/recon_t10_ill_uni_s5234_190.pth
Model Save Sucessfully
Epoch:191 and AverageLoss:0.0012066913302025703
Test Loss: 0.0012
Epoch:192 and AverageLoss:0.0012095006273468679
Test Loss: 0.0012
Epoch:193 and AverageLoss:0.0011993723707167771
Test Loss: 0.0012
Epoch:194 and AverageLoss:0.0011969800726539448
Test Loss: 0.0012
Epoch:195 and AverageLoss:0.0011952416746432639
Test Loss: 0.0012
Epoch:196 and AverageLoss:0.001196963335546157
Test Loss: 0.0012
Epoch:197 and AverageLoss:0.001181252484021262
Test Loss: 0.0012
Epoch:198 and AverageLoss:0.0012009292773609934
Test Loss: 0.0012
Epoch:199 and AverageLoss:0.0011752295308536658
Test Loss: 0.0012
Model Save Sucessfully
  ✓ Saved: recon_t10_ill_uni_s5234_ReconstructionLoss.png
Batch 2 completed at Thu Jan 22 07:35:25 IST 2026
---
All training jobs completed at Thu Jan 22 07:35:25 IST 2026

=
Generating aggregate plots for seed groups...
=
============================================================
POST-TRAINING AGGREGATION
============================================================

Mode: Aggregate all completed model groups


Found 2 completed models
Grouping by configuration (excluding seed)...

============================================================
GENERATING AGGREGATE PLOTS
============================================================

Group 1:
  Config: Recon | Uniform | t=10 | custom_illusion_dataset | lr=5e-05
  Models: 2 seeds
    • recon_t10_ill_uni_s5234
    • recon_t10_ill_uni_s5511
  Generating aggregate plot...

============================================================
PLOTTING AGGREGATE METRICS ACROSS SEEDS
============================================================
Pattern: Uniform
Condition: recon_pc_train
Classification Timesteps: 10
Dataset: custom_illusion_dataset
Seeds: [5234, 5511]
Models: 2
✓ Saved: recon_t10_ill_uni_ReconstructionLoss.png
============================================================

  ✓ Aggregate plot generated

============================================================
SUMMARY
============================================================
  Total model groups: 1
  Groups with multiple seeds: 1 (plots generated)
  Groups with single seed: 0 (no aggregate needed)
============================================================

✓ Aggregate plotting complete!
=
✓ Job complete! Check plots/ directory for results
=
