==========================================
SLURM_CLUSTER_NAME = param-brahma
SLURM_ARRAY_JOB_ID = 
SLURM_ARRAY_TASK_ID = 
SLURM_ARRAY_TASK_COUNT = 
SLURM_ARRAY_TASK_MAX = 
SLURM_ARRAY_TASK_MIN = 
SLURM_JOB_ACCOUNT = collins
SLURM_JOB_ID = 8443090
SLURM_JOB_NAME = pred_net_classification_training_shapes_20251216_044642
SLURM_JOB_NODELIST = gpu028
SLURM_JOB_USER = ajinkyar
SLURM_JOB_UID = 7397
SLURM_JOB_PARTITION = gpu
SLURM_TASK_PID = 48018
SLURM_SUBMIT_DIR = /home/ajinkyar/TestRepo_MsThesis_Ajinkya/week11
SLURM_CPUS_ON_NODE = 4
SLURM_NTASKS = 1
SLURM_TASK_PID = 48018
==========================================
Job started at Tue Dec 16 04:46:08 IST 2025
Running 1 experiments
Job ID: 8443090
Started job 1 (Model: class_pc_recon10_Uniform_seed42_chk15_Uniform_seed42) on GPU 0
CUDA available: True
CUDA device count: 1
Using CUDA device: cuda:0
CUDA device name:Tesla V100-SXM2-16GB
CUDA memory allocated: 0.00 GB
Using device: cuda:0
Found 23040 all_in images
Found 23040 all_out images
Need 1536 images per class
Loading checkpoint: /home/ajinkyar/ml_models/recon_models/pc_recon10_Uniform_seed42_15.pth
Checkpoint loaded successfully from epoch 15
Epoch:0 | AvgLoss:1.1615 
All jobs completed at Tue Dec 16 05:06:27 IST 2025
