Job started at Fri Jan 16 21:53:21 IST 2026
Running 12 experiments (2 at a time)
Job ID: 8450566
Started recon_t10_ill_uni_s1825 on GPU 0 (PID: 8619)
Started recon_t10_c10_uni_s1825 on GPU 1 (PID: 8620)
CUDA available: True
CUDA device count: 1
Using CUDA device: cuda:0
CUDA device name:Tesla V100-SXM2-16GB
CUDA memory allocated: 0.00 GB
Using device: cuda:0
Epoch:0 and AverageLoss:0.27570348880290985
Test Loss: 0.1249
Model Saved Successfully to: /home/ajinkyar/ml_models/recon_models/recon_t10_c10_uni_s1825_0.pth
Model Save Sucessfully
Epoch:1 and AverageLoss:0.09394118894636631
Test Loss: 0.0723
Epoch:2 and AverageLoss:0.060663800778985026
Test Loss: 0.0510
Epoch:3 and AverageLoss:0.04449684456884861
Test Loss: 0.0389
Epoch:4 and AverageLoss:0.03483688480705023
Test Loss: 0.0313
Epoch:5 and AverageLoss:0.028595502237975596
Test Loss: 0.0262
Epoch:6 and AverageLoss:0.024247593340277672
Test Loss: 0.0224
Epoch:7 and AverageLoss:0.02106863764077425
Test Loss: 0.0197
Epoch:8 and AverageLoss:0.018723427256941795
Test Loss: 0.0178
Epoch:9 and AverageLoss:0.01698973395973444
Test Loss: 0.0162
Epoch:10 and AverageLoss:0.015668840679526327
Test Loss: 0.0151
Model Saved Successfully to: /home/ajinkyar/ml_models/recon_models/recon_t10_c10_uni_s1825_10.pth
Model Save Sucessfully
Epoch:11 and AverageLoss:0.014634679729491472
Test Loss: 0.0142
Epoch:12 and AverageLoss:0.013800309991836547
Test Loss: 0.0134
Epoch:13 and AverageLoss:0.013113555946201085
Test Loss: 0.0128
Epoch:14 and AverageLoss:0.01253138019964099
Test Loss: 0.0122
Epoch:15 and AverageLoss:0.01202717907577753
Test Loss: 0.0118
Epoch:16 and AverageLoss:0.011587817316502333
Test Loss: 0.0114
Epoch:17 and AverageLoss:0.011196707639098167
Test Loss: 0.0110
Epoch:18 and AverageLoss:0.010846904457360506
Test Loss: 0.0107
Epoch:19 and AverageLoss:0.01052768507823348
Test Loss: 0.0104
Epoch:20 and AverageLoss:0.010237231449782848
Test Loss: 0.0101
Model Saved Successfully to: /home/ajinkyar/ml_models/recon_models/recon_t10_c10_uni_s1825_20.pth
Model Save Sucessfully
Epoch:21 and AverageLoss:0.009975198156386613
Test Loss: 0.0098
Epoch:22 and AverageLoss:0.00973280561901629
Test Loss: 0.0096
Epoch:23 and AverageLoss:0.009506615333631634
Test Loss: 0.0094
Epoch:24 and AverageLoss:0.009299852284416557
Test Loss: 0.0092
Epoch:25 and AverageLoss:0.009104989003390074
Test Loss: 0.0090
Epoch:26 and AverageLoss:0.008923487930372358
Test Loss: 0.0088
Epoch:27 and AverageLoss:0.008750696959346533
Test Loss: 0.0087
Epoch:28 and AverageLoss:0.00859059482626617
Test Loss: 0.0085
Epoch:29 and AverageLoss:0.008439780163019895
Test Loss: 0.0084
Epoch:30 and AverageLoss:0.008293517623841763
Test Loss: 0.0082
Model Saved Successfully to: /home/ajinkyar/ml_models/recon_models/recon_t10_c10_uni_s1825_30.pth
Model Save Sucessfully
Epoch:31 and AverageLoss:0.008156530730053782
Test Loss: 0.0081
Epoch:32 and AverageLoss:0.00802630864456296
Test Loss: 0.0079
Epoch:33 and AverageLoss:0.007899757561087609
Test Loss: 0.0078
Epoch:34 and AverageLoss:0.007782494753971696
Test Loss: 0.0077
Epoch:35 and AverageLoss:0.0076699755862355236
Test Loss: 0.0076
Epoch:36 and AverageLoss:0.007561522794142366
Test Loss: 0.0075
Epoch:37 and AverageLoss:0.007459702953696251
Test Loss: 0.0074
Epoch:38 and AverageLoss:0.007358322123810649
Test Loss: 0.0073
Epoch:39 and AverageLoss:0.0072663030587136745
Test Loss: 0.0072
Epoch:40 and AverageLoss:0.007176977874711156
Test Loss: 0.0071
Model Saved Successfully to: /home/ajinkyar/ml_models/recon_models/recon_t10_c10_uni_s1825_40.pth
Model Save Sucessfully
Epoch:41 and AverageLoss:0.007091997055336833
Test Loss: 0.0071
Epoch:42 and AverageLoss:0.007006921867653728
Test Loss: 0.0070
Epoch:43 and AverageLoss:0.006926635874062777
Test Loss: 0.0069
Epoch:44 and AverageLoss:0.006847268583253026
Test Loss: 0.0068
Epoch:45 and AverageLoss:0.006772013423219323
Test Loss: 0.0067
Epoch:46 and AverageLoss:0.006696953921765089
Test Loss: 0.0067
Epoch:47 and AverageLoss:0.006629225146770478
Test Loss: 0.0066
Epoch:48 and AverageLoss:0.006560315804556012
Test Loss: 0.0065
Epoch:49 and AverageLoss:0.0064959503650665286
Test Loss: 0.0065
Epoch:50 and AverageLoss:0.006429805499315262
Test Loss: 0.0064
Model Saved Successfully to: /home/ajinkyar/ml_models/recon_models/recon_t10_c10_uni_s1825_50.pth
Model Save Sucessfully
Epoch:51 and AverageLoss:0.006372426161542535
Test Loss: 0.0063
Epoch:52 and AverageLoss:0.006310953560471535
Test Loss: 0.0063
Epoch:53 and AverageLoss:0.0062554560035467145
Test Loss: 0.0062
Epoch:54 and AverageLoss:0.006201451237499714
Test Loss: 0.0062
Epoch:55 and AverageLoss:0.0061471349447965624
Test Loss: 0.0062
Epoch:56 and AverageLoss:0.0060960673030465845
Test Loss: 0.0061
Epoch:57 and AverageLoss:0.006045669540390372
Test Loss: 0.0060
Epoch:58 and AverageLoss:0.005994530764967203
Test Loss: 0.0060
Epoch:59 and AverageLoss:0.005949649404361844
Test Loss: 0.0059
Epoch:60 and AverageLoss:0.00590391497425735
Test Loss: 0.0059
Model Saved Successfully to: /home/ajinkyar/ml_models/recon_models/recon_t10_c10_uni_s1825_60.pth
Model Save Sucessfully
Epoch:61 and AverageLoss:0.005858189999312162
Test Loss: 0.0058
Epoch:62 and AverageLoss:0.005815413896739483
Test Loss: 0.0058
Epoch:63 and AverageLoss:0.005774753715097904
Test Loss: 0.0057
Epoch:64 and AverageLoss:0.005733107617497444
Test Loss: 0.0057
Epoch:65 and AverageLoss:0.005695353985577822
Test Loss: 0.0057
Epoch:66 and AverageLoss:0.00565459216311574
Test Loss: 0.0056
Epoch:67 and AverageLoss:0.005619038143008947
Test Loss: 0.0056
Epoch:68 and AverageLoss:0.005579785619676113
Test Loss: 0.0056
Epoch:69 and AverageLoss:0.0055456108093261715
Test Loss: 0.0055
Epoch:70 and AverageLoss:0.005511508031934499
Test Loss: 0.0055
Model Saved Successfully to: /home/ajinkyar/ml_models/recon_models/recon_t10_c10_uni_s1825_70.pth
Model Save Sucessfully
Epoch:71 and AverageLoss:0.00547838586717844
Test Loss: 0.0055
Epoch:72 and AverageLoss:0.005444564541056752
Test Loss: 0.0054
Epoch:73 and AverageLoss:0.0054134403456002475
Test Loss: 0.0054
Epoch:74 and AverageLoss:0.005381985323876143
Test Loss: 0.0054
Epoch:75 and AverageLoss:0.005349254309013486
Test Loss: 0.0053
Epoch:76 and AverageLoss:0.005322736539319158
Test Loss: 0.0053
Epoch:77 and AverageLoss:0.005290348687581718
Test Loss: 0.0053
Epoch:78 and AverageLoss:0.005263610837236047
Test Loss: 0.0052
Epoch:79 and AverageLoss:0.005234443910047412
Test Loss: 0.0052
Epoch:80 and AverageLoss:0.0052064590949565176
Test Loss: 0.0052
Model Saved Successfully to: /home/ajinkyar/ml_models/recon_models/recon_t10_c10_uni_s1825_80.pth
Model Save Sucessfully
Epoch:81 and AverageLoss:0.005182036751694977
Test Loss: 0.0052
Epoch:82 and AverageLoss:0.0051544666001573205
Test Loss: 0.0051
Epoch:83 and AverageLoss:0.0051287877660244705
Test Loss: 0.0051
Epoch:84 and AverageLoss:0.005104474927298724
Test Loss: 0.0051
Epoch:85 and AverageLoss:0.005080043514817953
Test Loss: 0.0051
Epoch:86 and AverageLoss:0.005055787786282599
Test Loss: 0.0050
Epoch:87 and AverageLoss:0.005032639492303133
Test Loss: 0.0050
Epoch:88 and AverageLoss:0.0050110207103192805
Test Loss: 0.0050
Epoch:89 and AverageLoss:0.004986654786020517
Test Loss: 0.0050
Epoch:90 and AverageLoss:0.0049660827642306685
Test Loss: 0.0050
Model Saved Successfully to: /home/ajinkyar/ml_models/recon_models/recon_t10_c10_uni_s1825_90.pth
Model Save Sucessfully
Epoch:91 and AverageLoss:0.004943869715370238
Test Loss: 0.0049
Epoch:92 and AverageLoss:0.00492518591415137
Test Loss: 0.0049
Epoch:93 and AverageLoss:0.0049025435222312804
Test Loss: 0.0049
Epoch:94 and AverageLoss:0.004883735443465411
Test Loss: 0.0049
Epoch:95 and AverageLoss:0.00486221795193851
Test Loss: 0.0048
Epoch:96 and AverageLoss:0.004844885998591781
Test Loss: 0.0048
Epoch:97 and AverageLoss:0.004826740117371082
Test Loss: 0.0048
Epoch:98 and AverageLoss:0.0048061300171539185
Test Loss: 0.0048
Epoch:99 and AverageLoss:0.004789559213072061
Test Loss: 0.0048
Epoch:100 and AverageLoss:0.004772320865094662
Test Loss: 0.0048
Model Saved Successfully to: /home/ajinkyar/ml_models/recon_models/recon_t10_c10_uni_s1825_100.pth
Model Save Sucessfully
Epoch:101 and AverageLoss:0.0047539068669080736
Test Loss: 0.0047
Epoch:102 and AverageLoss:0.004738936744444072
Test Loss: 0.0047
Epoch:103 and AverageLoss:0.004720961656607688
Test Loss: 0.0047
Epoch:104 and AverageLoss:0.004702869842574
Test Loss: 0.0047
Epoch:105 and AverageLoss:0.004688121394254267
Test Loss: 0.0047
Epoch:106 and AverageLoss:0.004670351662859321
Test Loss: 0.0047
Epoch:107 and AverageLoss:0.004655614870414138
Test Loss: 0.0046
Epoch:108 and AverageLoss:0.004639711516909301
Test Loss: 0.0046
Epoch:109 and AverageLoss:0.004623869776539505
Test Loss: 0.0046
Epoch:110 and AverageLoss:0.004611512720771134
Test Loss: 0.0046
Model Saved Successfully to: /home/ajinkyar/ml_models/recon_models/recon_t10_c10_uni_s1825_110.pth
Model Save Sucessfully
Epoch:111 and AverageLoss:0.004594836600311101
Test Loss: 0.0046
Epoch:112 and AverageLoss:0.00458290308509022
Test Loss: 0.0046
Epoch:113 and AverageLoss:0.004564779369160533
Test Loss: 0.0046
Epoch:114 and AverageLoss:0.0045529229553416374
Test Loss: 0.0045
Epoch:115 and AverageLoss:0.004538882300071418
Test Loss: 0.0045
Epoch:116 and AverageLoss:0.004526011395640671
Test Loss: 0.0045
Epoch:117 and AverageLoss:0.004511986586637795
Test Loss: 0.0045
Epoch:118 and AverageLoss:0.004500370381399989
Test Loss: 0.0045
Epoch:119 and AverageLoss:0.004486332163400948
Test Loss: 0.0045
Epoch:120 and AverageLoss:0.004472166481614113
Test Loss: 0.0045
Model Saved Successfully to: /home/ajinkyar/ml_models/recon_models/recon_t10_c10_uni_s1825_120.pth
Model Save Sucessfully
Epoch:121 and AverageLoss:0.004459715353325009
Test Loss: 0.0044
Epoch:122 and AverageLoss:0.0044482576450333
Test Loss: 0.0044
Epoch:123 and AverageLoss:0.004433917165920139
Test Loss: 0.0044
Epoch:124 and AverageLoss:0.004424280097335577
Test Loss: 0.0044
Epoch:125 and AverageLoss:0.004411727362312376
Test Loss: 0.0044
Epoch:126 and AverageLoss:0.004397775398753584
Test Loss: 0.0044
Epoch:127 and AverageLoss:0.004388901078142226
Test Loss: 0.0044
Epoch:128 and AverageLoss:0.004375308697856963
Test Loss: 0.0044
Epoch:129 and AverageLoss:0.004363899432867765
Test Loss: 0.0044
Epoch:130 and AverageLoss:0.004353213418647647
Test Loss: 0.0043
Model Saved Successfully to: /home/ajinkyar/ml_models/recon_models/recon_t10_c10_uni_s1825_130.pth
Model Save Sucessfully
Epoch:131 and AverageLoss:0.004340748307108879
Test Loss: 0.0043
Epoch:132 and AverageLoss:0.004331528921611607
Test Loss: 0.0043
Epoch:133 and AverageLoss:0.004319706318899989
Test Loss: 0.0043
Epoch:134 and AverageLoss:0.00431106587741524
Test Loss: 0.0043
Epoch:135 and AverageLoss:0.004298907763697207
Test Loss: 0.0043
Epoch:136 and AverageLoss:0.004288356980681419
Test Loss: 0.0043
Epoch:137 and AverageLoss:0.004277770355902612
Test Loss: 0.0043
Epoch:138 and AverageLoss:0.004268498236499727
Test Loss: 0.0043
Epoch:139 and AverageLoss:0.004258770616725087
Test Loss: 0.0042
Epoch:140 and AverageLoss:0.004247590043395757
Test Loss: 0.0042
Model Saved Successfully to: /home/ajinkyar/ml_models/recon_models/recon_t10_c10_uni_s1825_140.pth
Model Save Sucessfully
Epoch:141 and AverageLoss:0.00423856726065278
Test Loss: 0.0042
Epoch:142 and AverageLoss:0.004229294218868017
Test Loss: 0.0042
Epoch:143 and AverageLoss:0.00421935803219676
Test Loss: 0.0042
Epoch:144 and AverageLoss:0.004211262584850192
Test Loss: 0.0042
Epoch:145 and AverageLoss:0.004200862942636013
Test Loss: 0.0042
Epoch:146 and AverageLoss:0.0041929578598588705
Test Loss: 0.0042
Epoch:147 and AverageLoss:0.0041822687180712815
Test Loss: 0.0042
Epoch:148 and AverageLoss:0.004174689052812755
Test Loss: 0.0042
Epoch:149 and AverageLoss:0.004163613483496011
Test Loss: 0.0042
Epoch:150 and AverageLoss:0.004156958794221282
Test Loss: 0.0041
Model Saved Successfully to: /home/ajinkyar/ml_models/recon_models/recon_t10_c10_uni_s1825_150.pth
Model Save Sucessfully
Epoch:151 and AverageLoss:0.004147446045465767
Test Loss: 0.0042
Epoch:152 and AverageLoss:0.00413878832347691
Test Loss: 0.0041
Epoch:153 and AverageLoss:0.004129023692384362
Test Loss: 0.0041
Epoch:154 and AverageLoss:0.00412232480738312
Test Loss: 0.0041
Epoch:155 and AverageLoss:0.004113094324618578
Test Loss: 0.0041
Epoch:156 and AverageLoss:0.0041041303765028715
Test Loss: 0.0041
Epoch:157 and AverageLoss:0.004096516558714211
Test Loss: 0.0041
Epoch:158 and AverageLoss:0.004088418578542769
Test Loss: 0.0041
Epoch:159 and AverageLoss:0.004080563914403319
Test Loss: 0.0041
Epoch:160 and AverageLoss:0.004071026189625264
Test Loss: 0.0041
Model Saved Successfully to: /home/ajinkyar/ml_models/recon_models/recon_t10_c10_uni_s1825_160.pth
Model Save Sucessfully
Epoch:161 and AverageLoss:0.004066069496423006
Test Loss: 0.0041
Epoch:162 and AverageLoss:0.004054451285302639
Test Loss: 0.0040
Epoch:163 and AverageLoss:0.004048521366156637
Test Loss: 0.0040
Epoch:164 and AverageLoss:0.0040411454573273655
Test Loss: 0.0040
Epoch:165 and AverageLoss:0.00403272364679724
Test Loss: 0.0040
Epoch:166 and AverageLoss:0.0040254375346004964
Test Loss: 0.0040
Epoch:167 and AverageLoss:0.004018995153531432
Test Loss: 0.0040
Epoch:168 and AverageLoss:0.004009625272080302
Test Loss: 0.0040
Epoch:169 and AverageLoss:0.004004074552468956
Test Loss: 0.0040
Epoch:170 and AverageLoss:0.003993948098644614
Test Loss: 0.0040
Model Saved Successfully to: /home/ajinkyar/ml_models/recon_models/recon_t10_c10_uni_s1825_170.pth
Model Save Sucessfully
Epoch:171 and AverageLoss:0.003989293818548322
Test Loss: 0.0040
Epoch:172 and AverageLoss:0.003981957066990435
Test Loss: 0.0040
Epoch:173 and AverageLoss:0.003973970226570964
Test Loss: 0.0040
Epoch:174 and AverageLoss:0.0039668712940067056
Test Loss: 0.0039
Epoch:175 and AverageLoss:0.003960178924538195
Test Loss: 0.0040
Epoch:176 and AverageLoss:0.003952696163766086
Test Loss: 0.0039
Epoch:177 and AverageLoss:0.003946326410025358
Test Loss: 0.0039
Epoch:178 and AverageLoss:0.003939027510210871
Test Loss: 0.0039
Epoch:179 and AverageLoss:0.003935067065805197
Test Loss: 0.0039
Epoch:180 and AverageLoss:0.00392383984439075
Test Loss: 0.0039
Model Saved Successfully to: /home/ajinkyar/ml_models/recon_models/recon_t10_c10_uni_s1825_180.pth
Model Save Sucessfully
Epoch:181 and AverageLoss:0.003919612551666796
Test Loss: 0.0039
Epoch:182 and AverageLoss:0.003912883662804961
Test Loss: 0.0039
Epoch:183 and AverageLoss:0.003905788047425449
Test Loss: 0.0039
Epoch:184 and AverageLoss:0.003900203269161284
Test Loss: 0.0039
Epoch:185 and AverageLoss:0.0038916620921343563
Test Loss: 0.0039
Epoch:186 and AverageLoss:0.003887576310522854
Test Loss: 0.0039
Epoch:187 and AverageLoss:0.003879313207231462
Test Loss: 0.0039
Epoch:188 and AverageLoss:0.0038737856488674878
Test Loss: 0.0039
Epoch:189 and AverageLoss:0.003868671585805714
Test Loss: 0.0039
Epoch:190 and AverageLoss:0.0038612249795347453
Test Loss: 0.0039
Model Saved Successfully to: /home/ajinkyar/ml_models/recon_models/recon_t10_c10_uni_s1825_190.pth
Model Save Sucessfully
Epoch:191 and AverageLoss:0.003855424448288977
Test Loss: 0.0039
Epoch:192 and AverageLoss:0.0038474923115223644
Test Loss: 0.0039
Epoch:193 and AverageLoss:0.0038437277225777506
Test Loss: 0.0038
Epoch:194 and AverageLoss:0.003835230268537998
Test Loss: 0.0038
Epoch:195 and AverageLoss:0.0038329919004812837
Test Loss: 0.0038
Epoch:196 and AverageLoss:0.0038236909991130235
Test Loss: 0.0038
Epoch:197 and AverageLoss:0.0038187613660469653
Test Loss: 0.0038
Epoch:198 and AverageLoss:0.003812109515629709
Test Loss: 0.0038
Epoch:199 and AverageLoss:0.003808773451671004
Test Loss: 0.0038
Model Save Sucessfully
  ✓ Saved: ReconLoss_Uniform_t10_seed1825.png
