Job started at Mon Dec 15 01:13:09 IST 2025
Running 1 experiments
Job ID: 8442603
Started job 1 (Model: pc_recon10_Uniform_seed42) on GPU 0
2025-12-15 01:13:51.821520: I tensorflow/core/util/port.cc:153] oneDNN custom operations are on. You may see slightly different numerical results due to floating-point round-off errors from different computation orders. To turn them off, set the environment variable `TF_ENABLE_ONEDNN_OPTS=0`.
2025-12-15 01:13:52.721976: E external/local_xla/xla/stream_executor/cuda/cuda_fft.cc:467] Unable to register cuFFT factory: Attempting to register factory for plugin cuFFT when one has already been registered
WARNING: All log messages before absl::InitializeLog() is called are written to STDERR
E0000 00:00:1765741432.792963   10791 cuda_dnn.cc:8579] Unable to register cuDNN factory: Attempting to register factory for plugin cuDNN when one has already been registered
E0000 00:00:1765741432.988630   10791 cuda_blas.cc:1407] Unable to register cuBLAS factory: Attempting to register factory for plugin cuBLAS when one has already been registered
W0000 00:00:1765741433.923702   10791 computation_placer.cc:177] computation placer already registered. Please check linkage and avoid linking the same target more than once.
W0000 00:00:1765741433.923779   10791 computation_placer.cc:177] computation placer already registered. Please check linkage and avoid linking the same target more than once.
W0000 00:00:1765741433.923796   10791 computation_placer.cc:177] computation placer already registered. Please check linkage and avoid linking the same target more than once.
W0000 00:00:1765741433.923811   10791 computation_placer.cc:177] computation placer already registered. Please check linkage and avoid linking the same target more than once.
2025-12-15 01:13:54.283497: I tensorflow/core/platform/cpu_feature_guard.cc:210] This TensorFlow binary is optimized to use available CPU instructions in performance-critical operations.
To enable the following instructions: AVX2 AVX512F AVX512_VNNI FMA, in other operations, rebuild TensorFlow with the appropriate compiler flags.
CUDA available: False
CUDA device count: 0
Using device: cpu
Found 23040 all_in images
Found 23040 all_out images
Need 1536 images per class
Traceback (most recent call last):
  File "/home/ajinkyar/TestRepo_MsThesis_Ajinkya/week11/main.py", line 255, in <module>
    main(config,args.model_name)
  File "/home/ajinkyar/TestRepo_MsThesis_Ajinkya/week11/main.py", line 229, in main
    metrics_history= decide_training_model(config,metrics_history)
  File "/home/ajinkyar/TestRepo_MsThesis_Ajinkya/week11/main.py", line 214, in decide_training_model
    result=cond_to_func[config.training_condition]()
  File "/home/ajinkyar/TestRepo_MsThesis_Ajinkya/week11/main.py", line 210, in <lambda>
    "recon_pc_train":lambda: recon_training_cifar(recon_training_lr,recon_validation_lr,config,metrics_history),
  File "/home/ajinkyar/TestRepo_MsThesis_Ajinkya/week11/main.py", line 163, in recon_training_cifar
    metrics_history=recon_pc_training(net,trainloader,testloader,"train",config,metrics_history)
  File "/home/ajinkyar/TestRepo_MsThesis_Ajinkya/week11/recon_pc_train.py", line 46, in recon_pc_training
    for i in range(config.timesteps):
TypeError: 'list' object cannot be interpreted as an integer
All jobs completed at Mon Dec 15 01:20:50 IST 2025
