Traceback (most recent call last):
  File "/home/ajinkya/projects/TestRepo_MsThesis_Ajinkya/week2/main.py", line 127, in <module>
    main()
  File "/home/ajinkya/projects/TestRepo_MsThesis_Ajinkya/week2/main.py", line 94, in main
    accuracy_i=pc_training(net,trainloader,testloader,lr,momentum,save_dir,gamma_i,beta_i,alpha_i,"test")
               ^^^^^^^^^^^^^^^^^^^^^^^^^^^^^^^^^^^^^^^^^^^^^^^^^^^^^^^^^^^^^^^^^^^^^^^^^^^^^^^^^^^^^^^^^^
  File "/home/ajinkya/projects/TestRepo_MsThesis_Ajinkya/week2/pc_train.py", line 88, in pc_training
    output,ft_AB_pc_temp,ft_BC_pc_temp,ft_CD_pc_temp,ft_DE_pc_temp=net.predictive_coding_pass(images,ft_AB_pc_temp,ft_BC_pc_temp,ft_CD_pc_temp,ft_DE_pc_temp,beta,gamma,alpha,images.size(0))
                                                                   ^^^^^^^^^^^^^^^^^^^^^^^^^^^^^^^^^^^^^^^^^^^^^^^^^^^^^^^^^^^^^^^^^^^^^^^^^^^^^^^^^^^^^^^^^^^^^^^^^^^^^^^^^^^^^^^^^^^^^^^^^^
  File "/home/ajinkya/projects/TestRepo_MsThesis_Ajinkya/week2/network.py", line 67, in predictive_coding_pass
    reconstructionB=torch.autograd.grad(errorB,ft_AB,retain_graph=True)[0]
                    ^^^^^^^^^^^^^^^^^^^^^^^^^^^^^^^^^^^^^^^^^^^^^^^^^^^
  File "/home/ajinkya/miniconda3/envs/cuda_pyt/lib/python3.12/site-packages/torch/autograd/__init__.py", line 496, in grad
    result = _engine_run_backward(
             ^^^^^^^^^^^^^^^^^^^^^
  File "/home/ajinkya/miniconda3/envs/cuda_pyt/lib/python3.12/site-packages/torch/autograd/graph.py", line 825, in _engine_run_backward
    return Variable._execution_engine.run_backward(  # Calls into the C++ engine to run the backward pass
           ^^^^^^^^^^^^^^^^^^^^^^^^^^^^^^^^^^^^^^^^^^^^^^^^^^^^^^^^^^^^^^^^^^^^^^^^^^^^^^^^^^^^^^^^^^^^^^
RuntimeError: element 0 of tensors does not require grad and does not have a grad_fn
srun: error: c-a100-cn01: task 0: Exited with exit code 1
srun: Terminating StepId=15786.0
