
     active environment : cuda_pyt
    active env location : /home/ajinkya/miniconda3/envs/cuda_pyt
            shell level : 2
       user config file : /home/ajinkya/.condarc
 populated config files : /home/ajinkya/miniconda3/.condarc
          conda version : 25.3.1
    conda-build version : not installed
         python version : 3.13.2.final.0
                 solver : libmamba (default)
       virtual packages : __archspec=1=zen2
                          __conda=25.3.1=0
                          __cuda=12.3=0
                          __glibc=2.28=0
                          __linux=4.18.0=0
                          __unix=0=0
       base environment : /home/ajinkya/miniconda3  (writable)
      conda av data dir : /home/ajinkya/miniconda3/etc/conda
  conda av metadata url : None
           channel URLs : https://repo.anaconda.com/pkgs/main/linux-64
                          https://repo.anaconda.com/pkgs/main/noarch
                          https://repo.anaconda.com/pkgs/r/linux-64
                          https://repo.anaconda.com/pkgs/r/noarch
          package cache : /home/ajinkya/miniconda3/pkgs
                          /home/ajinkya/.conda/pkgs
       envs directories : /home/ajinkya/miniconda3/envs
                          /home/ajinkya/.conda/envs
               platform : linux-64
             user-agent : conda/25.3.1 requests/2.32.3 CPython/3.13.2 Linux/4.18.0-513.9.1.el8_9.x86_64 rocky/8.9 glibc/2.28 solver/libmamba conda-libmamba-solver/25.4.0 libmambapy/2.0.5 aau/0.7.0 c/. s/. e/.
                UID:GID : 1073:1074
             netrc file : None
           offline mode : False

Using Device:cuda
Files already downloaded and verified
Files already downloaded and verified
Epoch:0 and AverageLoss:1.593313042652607
Epoch:1 and AverageLoss:1.171474339711666
Epoch:2 and AverageLoss:1.0103779465094582
Epoch:3 and AverageLoss:0.9059385113307554
Epoch:4 and AverageLoss:0.8332317854551552
Plots Successfully Stored
Forward Training Succesful
Epoch:0 and AverageLoss:3.0384875430202483
Epoch:1 and AverageLoss:2.4445378338384627
Epoch:2 and AverageLoss:2.3197847073698044
Epoch:3 and AverageLoss:2.2571870622825623
Epoch:4 and AverageLoss:2.2111957820129393
Plots Successfully Stored
Backward Training Succesful
