
     active environment : cuda_pyt
    active env location : /home/ajinkya/miniconda3/envs/cuda_pyt
            shell level : 2
       user config file : /home/ajinkya/.condarc
 populated config files : /home/ajinkya/miniconda3/.condarc
          conda version : 25.3.1
    conda-build version : not installed
         python version : 3.13.2.final.0
                 solver : libmamba (default)
       virtual packages : __archspec=1=zen2
                          __conda=25.3.1=0
                          __cuda=12.3=0
                          __glibc=2.28=0
                          __linux=4.18.0=0
                          __unix=0=0
       base environment : /home/ajinkya/miniconda3  (writable)
      conda av data dir : /home/ajinkya/miniconda3/etc/conda
  conda av metadata url : None
           channel URLs : https://repo.anaconda.com/pkgs/main/linux-64
                          https://repo.anaconda.com/pkgs/main/noarch
                          https://repo.anaconda.com/pkgs/r/linux-64
                          https://repo.anaconda.com/pkgs/r/noarch
          package cache : /home/ajinkya/miniconda3/pkgs
                          /home/ajinkya/.conda/pkgs
       envs directories : /home/ajinkya/miniconda3/envs
                          /home/ajinkya/.conda/envs
               platform : linux-64
             user-agent : conda/25.3.1 requests/2.32.3 CPython/3.13.2 Linux/4.18.0-513.9.1.el8_9.x86_64 rocky/8.9 glibc/2.28 solver/libmamba conda-libmamba-solver/25.4.0 libmambapy/2.0.5 aau/0.7.0 c/. s/. e/.
                UID:GID : 1073:1074
             netrc file : /home/ajinkya/.netrc
           offline mode : False

CUDA available: True
CUDA device count: 4
CUDA device name: NVIDIA A100-SXM4-40GB
CUDA memory allocated: 0.00 GB
Using device: cuda
CUDA available: True
CUDA device count: 4
CUDA device name: NVIDIA A100-SXM4-40GB
CUDA memory allocated: 0.00 GB
Using device: cuda
✓ WandB initialized in OFFLINE mode
📁 Logs will be saved to: /home/ajinkya/projects/TestRepo_MsThesis_Ajinkya/week3/wandb/offline-run-20250618_111855-c4prt0ii/files
Files already downloaded and verified
Files already downloaded and verified
Epoch:0 and AverageLoss:2.078458536921255
Epoch:1 and AverageLoss:1.5771630709738378
Epoch:2 and AverageLoss:1.3715170685897398
Epoch:3 and AverageLoss:1.2131934133941864
Epoch:4 and AverageLoss:1.0928197324733295
Epoch:5 and AverageLoss:1.007271307813542
Epoch:6 and AverageLoss:0.937908761489117
Epoch:7 and AverageLoss:0.8795005694374709
Epoch:8 and AverageLoss:0.825323313550876
Epoch:9 and AverageLoss:0.7803840246956671
Epoch:10 and AverageLoss:0.7362783187643036
Epoch:11 and AverageLoss:0.711198862708743
Epoch:12 and AverageLoss:0.6705676073308491
Epoch:13 and AverageLoss:0.6489662331388429
Epoch:14 and AverageLoss:0.6118776360741052
Epoch:15 and AverageLoss:0.5867417467677075
Epoch:16 and AverageLoss:0.5559918500883195
Epoch:17 and AverageLoss:0.5464996381488907
Epoch:18 and AverageLoss:0.5167930635344952
Epoch:19 and AverageLoss:0.4944654056788101
Model Save Sucessfully
Training Sucessful
Accuracy at each timestep:
Timestep 0: 66.20%
Timestep 1: 63.73%
Timestep 2: 65.42%
Timestep 3: 64.74%
Timestep 4: 63.83%
Timestep 5: 63.45%
Timestep 6: 62.52%
Timestep 7: 61.87%
Timestep 8: 61.19%
Timestep 9: 61.00%
Timestep 10: 60.54%
Accuracy at each timestep:
Timestep 0: 66.20%
Timestep 1: 67.48%
Timestep 2: 68.19%
Timestep 3: 68.47%
Timestep 4: 68.40%
Timestep 5: 68.08%
Timestep 6: 67.81%
Timestep 7: 67.05%
Timestep 8: 66.40%
Timestep 9: 65.59%
Timestep 10: 65.09%
Accuracy at each timestep:
Timestep 0: 66.20%
Timestep 1: 65.28%
Timestep 2: 55.88%
Timestep 3: 44.94%
Timestep 4: 38.47%
Timestep 5: 34.18%
Timestep 6: 30.42%
Timestep 7: 27.55%
Timestep 8: 24.52%
Timestep 9: 22.78%
Timestep 10: 22.42%
