wandb: Appending key for api.wandb.ai to your netrc file: /home/ajinkya/.netrc
wandb: Network error (ConnectionError), entering retry loop.
wandb: W&B API key is configured. Use `wandb login --relogin` to force relogin
wandb: WARNING Changes to your `wandb` environment variables will be ignored because your `wandb` session has already started. For more information on how to modify your settings with `wandb.init()` arguments, please refer to https://wandb.me/wandb-init.
wandb: Tracking run with wandb version 0.20.1
wandb: W&B syncing is set to `offline` in this directory. Run `wandb online` or set WANDB_MODE=online to enable cloud syncing.
wandb:                                                                                
wandb: 
wandb: Run history:
wandb: Predictive_Coding/train_accuracy ▁▃▅▆▆▇▇▇▇███████████
wandb:     Predictive_Coding/train_loss █▆▅▄▄▃▃▃▂▂▂▂▂▂▂▁▁▁▁▁
wandb: Time Taken to Run the Code(Mins) ▁
wandb: 
wandb: Run summary:
wandb: Predictive_Coding/train_accuracy 66.2
wandb:     Predictive_Coding/train_loss 0.49447
wandb: Time Taken to Run the Code(Mins) 21.31059
wandb: 
wandb: You can sync this run to the cloud by running:
wandb: wandb sync /home/ajinkya/projects/TestRepo_MsThesis_Ajinkya/week3/wandb/offline-run-20250618_111855-c4prt0ii
wandb: Find logs at: ./wandb/offline-run-20250618_111855-c4prt0ii/logs
