CUDA available: True
CUDA device count: 2
Using CUDA device: cuda:1
CUDA device name:NVIDIA A40
CUDA memory allocated: 0.00 GB
Using device: cuda:1
✓ WandB initialized in Online mode
=================================
Class: Square,Total:2178
Timestep 0:  86.271809%
Timestep 1:  86.730946%
Timestep 2:  87.144169%
Timestep 3:  88.062443%
Timestep 4:  88.567493%
Timestep 5:  88.888889%
Timestep 6:  89.623508%
Timestep 7:  90.174472%
Timestep 8:  90.863177%
Timestep 9:  91.322314%
Timestep 10:  91.643710%


=================================
Class: Random,Total:2334
Timestep 0:  6.255356%
Timestep 1:  6.898029%
Timestep 2:  7.497858%
Timestep 3:  8.826050%
Timestep 4:  10.539846%
Timestep 5:  12.553556%
Timestep 6:  16.066838%
Timestep 7:  18.551842%
Timestep 8:  21.208226%
Timestep 9:  24.807198%
Timestep 10:  28.877464%


=================================
Class: All-in,Total:2364
Timestep 0:  8.756345%
Timestep 1:  9.433164%
Timestep 2:  10.490694%
Timestep 3:  11.971235%
Timestep 4:  14.170897%
Timestep 5:  16.159052%
Timestep 6:  19.458545%
Timestep 7:  22.758037%
Timestep 8:  25.846024%
Timestep 9:  29.314721%
Timestep 10:  32.318105%


=================================
Class: All-out,Total:2364
Timestep 0:  4.272420%
Timestep 1:  4.483926%
Timestep 2:  5.160745%
Timestep 3:  6.133672%
Timestep 4:  7.656514%
Timestep 5:  10.067682%
Timestep 6:  12.098139%
Timestep 7:  15.439932%
Timestep 8:  19.543147%
Timestep 9:  23.477157%
Timestep 10:  28.172589%


[1;34mwandb[0m: 
[1;34mwandb[0m: 🚀 View run [33mIllusion Training Using 1 timestep with Recon 1 timesteps[0m at: [34mhttps://wandb.ai/ranshur-ajinkya-res-cerco/random_dumping_projects/runs/5h3lrhbk[0m
[1;34mwandb[0m: Find logs at: [1;35mwandb/run-20251018_130040-5h3lrhbk/logs[0m

--- STDERR ---
wandb: Currently logged in as: ranshur-ajinkya-res (ranshur-ajinkya-res-cerco) to https://api.wandb.ai. Use `wandb login --relogin` to force relogin
wandb: Tracking run with wandb version 0.21.0
wandb: Run data is saved locally in /home/ajinkya/projects/TestRepo_MsThesis_Ajinkya/week9/wandb/run-20251018_130040-5h3lrhbk
wandb: Run `wandb offline` to turn off syncing.
wandb: Syncing run Illusion Training Using 1 timestep with Recon 1 timesteps
wandb: ⭐️ View project at https://wandb.ai/ranshur-ajinkya-res-cerco/random_dumping_projects
wandb: 🚀 View run at https://wandb.ai/ranshur-ajinkya-res-cerco/random_dumping_projects/runs/5h3lrhbk
