CUDA available: True
CUDA device count: 2
Using CUDA device: cuda:1
CUDA device name:NVIDIA A40
CUDA memory allocated: 0.00 GB
Using device: cuda:1
✓ WandB initialized in Online mode
=================================
Class: Square, Total Samples: 2178
Timestep 0: 71.94%
Timestep 1: 71.59%
Timestep 2: 71.18%
Timestep 3: 70.84%
Timestep 4: 70.64%
Timestep 5: 70.56%
Timestep 6: 70.60%
Timestep 7: 70.74%
Timestep 8: 70.94%
Timestep 9: 71.19%
Timestep 10: 71.46%


=================================
Class: Random, Total Samples: 2334
Timestep 0: 19.46%
Timestep 1: 18.75%
Timestep 2: 17.95%
Timestep 3: 17.31%
Timestep 4: 16.93%
Timestep 5: 16.80%
Timestep 6: 16.90%
Timestep 7: 17.18%
Timestep 8: 17.61%
Timestep 9: 18.14%
Timestep 10: 18.76%


=================================
Class: All-in, Total Samples: 2364
Timestep 0: 22.27%
Timestep 1: 21.51%
Timestep 2: 20.66%
Timestep 3: 19.98%
Timestep 4: 19.59%
Timestep 5: 19.47%
Timestep 6: 19.59%
Timestep 7: 19.92%
Timestep 8: 20.40%
Timestep 9: 20.99%
Timestep 10: 21.68%


=================================
Class: All-out, Total Samples: 2364
Timestep 0: 17.39%
Timestep 1: 16.75%
Timestep 2: 16.04%
Timestep 3: 15.49%
Timestep 4: 15.17%
Timestep 5: 15.09%
Timestep 6: 15.21%
Timestep 7: 15.50%
Timestep 8: 15.93%
Timestep 9: 16.45%
Timestep 10: 17.05%


[1;34mwandb[0m: 
[1;34mwandb[0m: 🚀 View run [33mIllusion Training Using 10 timestep with Recon 1 timesteps[0m at: [34mhttps://wandb.ai/ranshur-ajinkya-res-cerco/random_dumping_projects/runs/lzqdgy94[0m
[1;34mwandb[0m: Find logs at: [1;35mwandb/run-20251020_173747-lzqdgy94/logs[0m

--- STDERR ---
wandb: Currently logged in as: ranshur-ajinkya-res (ranshur-ajinkya-res-cerco) to https://api.wandb.ai. Use `wandb login --relogin` to force relogin
wandb: Tracking run with wandb version 0.21.0
wandb: Run data is saved locally in /home/ajinkya/projects/TestRepo_MsThesis_Ajinkya/week9/wandb/run-20251020_173747-lzqdgy94
wandb: Run `wandb offline` to turn off syncing.
wandb: Syncing run Illusion Training Using 10 timestep with Recon 1 timesteps
wandb: ⭐️ View project at https://wandb.ai/ranshur-ajinkya-res-cerco/random_dumping_projects
wandb: 🚀 View run at https://wandb.ai/ranshur-ajinkya-res-cerco/random_dumping_projects/runs/lzqdgy94
