CUDA available: True
CUDA device count: 2
Using CUDA device: cuda:1
CUDA device name:NVIDIA A40
CUDA memory allocated: 0.00 GB
Using device: cuda:1
✓ WandB initialized in Online mode
=================================
Class: Square,Total:2178
Timestep 0:86.271809%
Timestep 1:87.511478%
Timestep 2:88.613407%
Timestep 3:89.715335%
Timestep 4:90.449954%
Timestep 5:91.092746%
Timestep 6:91.322314%
Timestep 7:91.689624%
Timestep 8:91.735537%
Timestep 9:91.827365%
Timestep 10:91.919192%


=================================
Class: Random,Total:2334
Timestep 0:6.255356%
Timestep 1:8.397601%
Timestep 2:11.910883%
Timestep 3:17.437875%
Timestep 4:21.765210%
Timestep 5:25.021422%
Timestep 6:27.763496%
Timestep 7:29.348757%
Timestep 8:30.634105%
Timestep 9:31.790917%
Timestep 10:32.305056%


=================================
Class: All-in,Total:2364
Timestep 0:8.756345%
Timestep 1:11.505922%
Timestep 2:15.778342%
Timestep 3:21.658206%
Timestep 4:26.226734%
Timestep 5:30.118443%
Timestep 6:33.417936%
Timestep 7:35.448393%
Timestep 8:36.759729%
Timestep 9:37.732657%
Timestep 10:38.155668%


=================================
Class: All-out,Total:2364
Timestep 0:4.272420%
Timestep 1:5.879865%
Timestep 2:9.263959%
Timestep 3:13.917090%
Timestep 4:18.824027%
Timestep 5:23.350254%
Timestep 6:26.353638%
Timestep 7:28.468697%
Timestep 8:29.864636%
Timestep 9:30.372250%
Timestep 10:30.541455%


[1;34mwandb[0m: 
[1;34mwandb[0m: 🚀 View run [33mIllusion Training Using 1 timestep with Recon 1 timesteps[0m at: [34mhttps://wandb.ai/ranshur-ajinkya-res-cerco/random_dumping_projects/runs/6eeli7kz[0m
[1;34mwandb[0m: Find logs at: [1;35mwandb/run-20251008_120233-6eeli7kz/logs[0m

--- STDERR ---
wandb: Currently logged in as: ranshur-ajinkya-res (ranshur-ajinkya-res-cerco) to https://api.wandb.ai. Use `wandb login --relogin` to force relogin
wandb: Tracking run with wandb version 0.21.0
wandb: Run data is saved locally in /home/ajinkya/projects/TestRepo_MsThesis_Ajinkya/week9/wandb/run-20251008_120233-6eeli7kz
wandb: Run `wandb offline` to turn off syncing.
wandb: Syncing run Illusion Training Using 1 timestep with Recon 1 timesteps
wandb: ⭐️ View project at https://wandb.ai/ranshur-ajinkya-res-cerco/random_dumping_projects
wandb: 🚀 View run at https://wandb.ai/ranshur-ajinkya-res-cerco/random_dumping_projects/runs/6eeli7kz
