CUDA available: True
CUDA device count: 2
Using CUDA device: cuda:1
CUDA device name:NVIDIA A40
CUDA memory allocated: 0.00 GB
Using device: cuda:1
✓ WandB initialized in Online mode
=================================
Class: Square,Total:2178
Timestep 0:  86.271809%
Timestep 1:  89.348026%
Timestep 2:  91.965106%
Timestep 3:  93.801653%
Timestep 4:  94.949495%
Timestep 5:  95.316804%
Timestep 6:  95.867769%
Timestep 7:  96.051423%
Timestep 8:  96.372819%
Timestep 9:  96.418733%
Timestep 10:  96.464646%


=================================
Class: Random,Total:2334
Timestep 0:  6.255356%
Timestep 1:  16.023993%
Timestep 2:  32.733505%
Timestep 3:  47.686375%
Timestep 4:  55.098543%
Timestep 5:  60.025707%
Timestep 6:  63.838903%
Timestep 7:  67.994859%
Timestep 8:  70.865467%
Timestep 9:  73.393316%
Timestep 10:  74.935733%


=================================
Class: All-in,Total:2364
Timestep 0:  8.756345%
Timestep 1:  20.093063%
Timestep 2:  38.409475%
Timestep 3:  51.649746%
Timestep 4:  58.925550%
Timestep 5:  63.494078%
Timestep 6:  68.104907%
Timestep 7:  72.758037%
Timestep 8:  75.972927%
Timestep 9:  77.918782%
Timestep 10:  78.934010%


=================================
Class: All-out,Total:2364
Timestep 0:  4.272420%
Timestep 1:  12.478849%
Timestep 2:  31.641286%
Timestep 3:  46.446701%
Timestep 4:  52.368866%
Timestep 5:  57.191201%
Timestep 6:  61.379019%
Timestep 7:  66.582064%
Timestep 8:  69.373942%
Timestep 9:  71.065990%
Timestep 10:  72.673435%


[1;34mwandb[0m: 
[1;34mwandb[0m: 🚀 View run [33mIllusion Training Using 1 timestep with Recon 1 timesteps[0m at: [34mhttps://wandb.ai/ranshur-ajinkya-res-cerco/random_dumping_projects/runs/ci4bez10[0m
[1;34mwandb[0m: Find logs at: [1;35mwandb/run-20251018_131045-ci4bez10/logs[0m

--- STDERR ---
wandb: Currently logged in as: ranshur-ajinkya-res (ranshur-ajinkya-res-cerco) to https://api.wandb.ai. Use `wandb login --relogin` to force relogin
wandb: Tracking run with wandb version 0.21.0
wandb: Run data is saved locally in /home/ajinkya/projects/TestRepo_MsThesis_Ajinkya/week9/wandb/run-20251018_131045-ci4bez10
wandb: Run `wandb offline` to turn off syncing.
wandb: Syncing run Illusion Training Using 1 timestep with Recon 1 timesteps
wandb: ⭐️ View project at https://wandb.ai/ranshur-ajinkya-res-cerco/random_dumping_projects
wandb: 🚀 View run at https://wandb.ai/ranshur-ajinkya-res-cerco/random_dumping_projects/runs/ci4bez10
