CUDA available: True
CUDA device count: 2
Using CUDA device: cuda:1
CUDA device name:NVIDIA A40
CUDA memory allocated: 0.00 GB
Using device: cuda:1
✓ WandB initialized in Online mode
=================================
Class: Square,Total:2178
Timestep 0:  86.271809%
Timestep 1:  88.429752%
Timestep 2:  89.853076%
Timestep 3:  91.414141%
Timestep 4:  92.561983%
Timestep 5:  93.250689%
Timestep 6:  93.526171%
Timestep 7:  93.801653%
Timestep 8:  93.939394%
Timestep 9:  94.077135%
Timestep 10:  94.123049%


=================================
Class: Random,Total:2334
Timestep 0:  6.255356%
Timestep 1:  10.411311%
Timestep 2:  18.466153%
Timestep 3:  28.491859%
Timestep 4:  37.317909%
Timestep 5:  43.487575%
Timestep 6:  47.000857%
Timestep 7:  49.185947%
Timestep 8:  50.771208%
Timestep 9:  51.285347%
Timestep 10:  51.756641%


=================================
Class: All-in,Total:2364
Timestep 0:  8.756345%
Timestep 1:  13.790186%
Timestep 2:  23.307953%
Timestep 3:  33.925550%
Timestep 4:  41.920474%
Timestep 5:  47.335025%
Timestep 6:  50.761421%
Timestep 7:  52.961083%
Timestep 8:  54.399323%
Timestep 9:  55.245347%
Timestep 10:  55.837563%


=================================
Class: All-out,Total:2364
Timestep 0:  4.272420%
Timestep 1:  7.529611%
Timestep 2:  16.159052%
Timestep 3:  27.453469%
Timestep 4:  35.998308%
Timestep 5:  41.624365%
Timestep 6:  45.685279%
Timestep 7:  47.335025%
Timestep 8:  48.477157%
Timestep 9:  49.280880%
Timestep 10:  49.661591%


[1;34mwandb[0m: 
[1;34mwandb[0m: 🚀 View run [33mIllusion Training Using 1 timestep with Recon 1 timesteps[0m at: [34mhttps://wandb.ai/ranshur-ajinkya-res-cerco/random_dumping_projects/runs/nlelx15s[0m
[1;34mwandb[0m: Find logs at: [1;35mwandb/run-20251018_130949-nlelx15s/logs[0m

--- STDERR ---
wandb: Currently logged in as: ranshur-ajinkya-res (ranshur-ajinkya-res-cerco) to https://api.wandb.ai. Use `wandb login --relogin` to force relogin
wandb: Tracking run with wandb version 0.21.0
wandb: Run data is saved locally in /home/ajinkya/projects/TestRepo_MsThesis_Ajinkya/week9/wandb/run-20251018_130949-nlelx15s
wandb: Run `wandb offline` to turn off syncing.
wandb: Syncing run Illusion Training Using 1 timestep with Recon 1 timesteps
wandb: ⭐️ View project at https://wandb.ai/ranshur-ajinkya-res-cerco/random_dumping_projects
wandb: 🚀 View run at https://wandb.ai/ranshur-ajinkya-res-cerco/random_dumping_projects/runs/nlelx15s
