CUDA available: True
CUDA device count: 2
Using CUDA device: cuda:1
CUDA device name:NVIDIA A40
CUDA memory allocated: 0.00 GB
Using device: cuda:1
✓ WandB initialized in Online mode
=================================
Class: Square,Total:2178
Timestep 0:86.271809%
Timestep 1:88.292011%
Timestep 2:89.761249%
Timestep 3:91.643710%
Timestep 4:92.883379%
Timestep 5:93.893480%
Timestep 6:94.765840%
Timestep 7:95.362718%
Timestep 8:95.821855%
Timestep 9:96.005510%
Timestep 10:96.326905%


=================================
Class: Random,Total:2334
Timestep 0:6.255356%
Timestep 1:9.897172%
Timestep 2:17.823479%
Timestep 3:28.363325%
Timestep 4:40.059983%
Timestep 5:48.757498%
Timestep 6:54.584404%
Timestep 7:59.425878%
Timestep 8:63.367609%
Timestep 9:69.751500%
Timestep 10:75.407027%


=================================
Class: All-in,Total:2364
Timestep 0:8.756345%
Timestep 1:13.282572%
Timestep 2:22.081218%
Timestep 3:32.529611%
Timestep 4:43.443316%
Timestep 5:51.649746%
Timestep 6:57.614213%
Timestep 7:62.013536%
Timestep 8:67.343486%
Timestep 9:73.730964%
Timestep 10:79.187817%


=================================
Class: All-out,Total:2364
Timestep 0:4.272420%
Timestep 1:7.021997%
Timestep 2:14.593909%
Timestep 3:27.326565%
Timestep 4:39.001692%
Timestep 5:47.758037%
Timestep 6:52.453469%
Timestep 7:57.402707%
Timestep 8:62.225042%
Timestep 9:68.654822%
Timestep 10:74.450085%


[1;34mwandb[0m: 
[1;34mwandb[0m: 🚀 View run [33mIllusion Training Using 1 timestep with Recon 1 timesteps[0m at: [34mhttps://wandb.ai/ranshur-ajinkya-res-cerco/random_dumping_projects/runs/bl7eit5d[0m
[1;34mwandb[0m: Find logs at: [1;35mwandb/run-20251008_115907-bl7eit5d/logs[0m

--- STDERR ---
wandb: Currently logged in as: ranshur-ajinkya-res (ranshur-ajinkya-res-cerco) to https://api.wandb.ai. Use `wandb login --relogin` to force relogin
wandb: Tracking run with wandb version 0.21.0
wandb: Run data is saved locally in /home/ajinkya/projects/TestRepo_MsThesis_Ajinkya/week9/wandb/run-20251008_115907-bl7eit5d
wandb: Run `wandb offline` to turn off syncing.
wandb: Syncing run Illusion Training Using 1 timestep with Recon 1 timesteps
wandb: ⭐️ View project at https://wandb.ai/ranshur-ajinkya-res-cerco/random_dumping_projects
wandb: 🚀 View run at https://wandb.ai/ranshur-ajinkya-res-cerco/random_dumping_projects/runs/bl7eit5d
