CUDA available: True
CUDA device count: 2
Using CUDA device: cuda:0
CUDA device name:NVIDIA A40
CUDA memory allocated: 0.00 GB
Using device: cuda:0
✓ WandB initialized in Online mode
Files already downloaded and verified
Files already downloaded and verified
Accuracy at each timestep:
Timestep 0: 35.46%
Timestep 1: 34.90%
Timestep 2: 33.66%
Timestep 3: 32.10%
Timestep 4: 30.76%
Timestep 5: 29.65%
Timestep 6: 28.94%
Timestep 7: 28.16%
Timestep 8: 27.80%
Timestep 9: 27.52%
Timestep 10: 27.19%
[1;34mwandb[0m: 
[1;34mwandb[0m: 🚀 View run [33mClassification Training Using 1 timestep with Recon 1 timesteps[0m at: [34mhttps://wandb.ai/ranshur-ajinkya-res-cerco/random_dumping_projects/runs/sq5kecvh[0m
[1;34mwandb[0m: Find logs at: [1;35mwandb/run-20251007_220807-sq5kecvh/logs[0m

--- STDERR ---
wandb: Currently logged in as: ranshur-ajinkya-res (ranshur-ajinkya-res-cerco) to https://api.wandb.ai. Use `wandb login --relogin` to force relogin
wandb: Tracking run with wandb version 0.21.0
wandb: Run data is saved locally in /home/ajinkya/projects/TestRepo_MsThesis_Ajinkya/week9/wandb/run-20251007_220807-sq5kecvh
wandb: Run `wandb offline` to turn off syncing.
wandb: Syncing run Classification Training Using 1 timestep with Recon 1 timesteps
wandb: ⭐️ View project at https://wandb.ai/ranshur-ajinkya-res-cerco/random_dumping_projects
wandb: 🚀 View run at https://wandb.ai/ranshur-ajinkya-res-cerco/random_dumping_projects/runs/sq5kecvh
